macro ParFileName()
{
   "E:\Business\Py\NN_QPA_OSO\XRD_Data\XY_2020_‰Ó·\..\ParamAnalysisData\‰¡1307‰_220421.txt"
}

macro Rewrite_DDMparam()
{
  out ParFileName() 
	Out_String("SRfactor SZero SDispl STransp + C Wght ESU SF A B C Alpha Beta Gamma NA NB NC P1 P2 P3 U V W Z hh kk ll hk hl kl s1 s2 s3 s4 s5 s6\n")
	Out(Get(r_wp), "%6.3f ")
	Out(zeval, "%6.5f ")
	Out(sdval, "%6.5f 0")
}

macro Out_Cell_Params(argwt1, argsc1)
{
      out ParFileName() append
	Out(Get(argwt1), " %6.3f", " %5.5f")
	Out(Get(argsc1), " %6.9f")	
	Out(Get(a), " %6.5f")
	Out(Get(b), " %6.5f")
	Out(Get(c), " %6.5f")
	Out(Get(al), " %6.4f")
	Out(Get(be), " %6.4f")
	Out(Get(ga), " %6.4f")
}

macro PV_Peak_Type_w_Out(ha, hav, hb, hbv, hc, hcv, lora, lorav, lorb, lorbv, lorc, lorcv, po1_par, po2_par, po3_par)
{
   #m_argu ha
   #m_argu hb
   #m_argu hc
   #m_argu lora
   #m_argu lorb
   #m_argu lorc
   If_Prm_Eqn_Rpt(ha,   hav, )  ' W
   If_Prm_Eqn_Rpt(hb,   hbv, )  ' V
   If_Prm_Eqn_Rpt(hc,   hcv, )  ' U
   If_Prm_Eqn_Rpt(lora, lorav, )  ' NA
   If_Prm_Eqn_Rpt(lorb, lorbv, )  ' NB
   If_Prm_Eqn_Rpt(lorc, lorcv, )  ' NC
   peak_type pv
      pv_lor = CeV(lora,lorav) + CeV(lorb,lorbv) Tan(Th) + CeV(lorc,lorcv) / Cos(Th);
      pv_fwhm = CeV(ha,hav) + CeV(hb,hbv) Tan(Th) + CeV(hc,hcv) / Cos(Th);

      out ParFileName() append
	Out(lora, " %6.4f")
	Out(lorb, " %6.4f")
	Out(lorc, " %6.4f")
	Out(sam, " %6.4f 0 0")
	Out(hc, " %6.4f")
	Out(hb, " %6.4f")
	Out(ha, " %6.4f 0")
	Out(po1_par, " %6.5f")
	Out(po2_par, " %6.5f")
	Out(po3_par, " %6.5f 0 0 0 0 0 0 0 0 0")
}

macro CS_L_w_Out(c, v)
{
   #m_argu c
   If_Prm_Eqn_Rpt(c, v, min .3 max = Min(Val 2 + .3, 10000);)
   lor_fwhm = 0.1 Rad Lam / (Cos(Th) CeV(c,v));

     out ParFileName() append
	Out(c, " %6.4f 0 1001")   ' NA, NB, NC
	Out(sam, " %6.4f 0 0")
}

macro Strain_L_w_Out(c, v, po1_par, po2_par, po3_par)
{
   #m_argu c
    If_Prm_Eqn_Rpt(c, v, min .0001 max 5)
    lor_fwhm = CeV(c,v) Tan(Th);

     out ParFileName() append
	Out(c, " 0 0 %6.4f 0")   ' U, V, W
	Out(po1_par, " %6.5f")
	Out(po2_par, " %6.5f")
	Out(po3_par, " %6.5f 0 0 0 0 0 0 0 0 0")
}

macro PVII_Peak_Type_w_Out(ha, hav,   hb, hbv,   hc, hcv,   ma, mav,   mb, mbv,   mc, mcv)
{
   #m_argu ha
   #m_argu hb
   #m_argu hc
   #m_argu ma
   #m_argu mb
   #m_argu mc
   If_Prm_Eqn_Rpt(ha, hav, min 0.0001 max 0.02)
   If_Prm_Eqn_Rpt(hb, hbv, min 0.0001 max 0.02)
   If_Prm_Eqn_Rpt(hc, hcv, min 0.0001 max 0.3)
   If_Prm_Eqn_Rpt(ma, mav, min 0.0001 max 0.1)
   If_Prm_Eqn_Rpt(mb, mbv, min 0.0001 max 0.1)
   If_Prm_Eqn_Rpt(mc, mcv, min 0.0001 max 1)
   peak_type spvii
      m1 = .6 + CeV(ma,mav) + CeV(mb,mbv) / Cos(Th) + CeV(mc,mcv) Tan(Th);
      m2 = Get(m1);
      h1 = CeV(ha,hav) + CeV(hb,hbv) / Cos(Th) + CeV(hc,hcv) Tan(Th);
      h2 = Get(h1);

     out ParFileName() append
	Out(ma, " %6.4f")
	Out(mb, " %6.4f")
	Out(mc, " %6.4f 0 0")
	Out(sam, " %6.4f 0 0")
	Out(hc, " %6.4f")
	Out(hb, " %6.4f")
	Out(ha, " %6.4f 0 0 0 0 0 0 0 0 0 0 0 0 0")
}

macro Out_Site
{
     out ParFileName() append
     load out_record out_fmt out_eqn {
          "\n%5s" =Get(site);   
          " %4s"  =Get(atom); 
          " %7.5f" =Get(x);      
          " %7.5f" =Get(y);
          " %7.5f" =Get(z);
          " %7.5f" =Get(beq);
          " %7.5f" =Get(occ);' * Get(num_posns);
      }
}




'======================= End of Macroses ================================

do_errors
r_wp  5.478 r_exp  3.846 r_p  4.111 r_wp_dash  6.818 r_p_dash  5.368 r_exp_dash  4.787 weighted_Durbin_Watson  1.127 gof  1.424


xdd "‰¡1307‰_220421.xy"
  x_calculation_step 0.02
  CuKa2(0.001)
  bkg @  169.77671`_1.22925346 -67.2204931`_0.996090952  37.9758547`_1.40750163 -35.5177769`_1.03280782  38.5709092`_0.898708111 -12.5270693`_0.860191481  0.631270134`_0.893139178
  Simple_Axial_Model(!sam, 14 min 5 max 25)
  LP_Factor(, 26.37)
  Rp 200
  Rs 200
  ZE(zeval, 0.01161`_0.00075 min -0.06 max 0.06)
  SD(!sdval, 0.0 min -0.001 max 0.001)

  Rewrite_DDMparam()

'======== Phase 1 ========

str
  phase_name alpha-Al2O3
  space_group R-3cH
  Hexagonal(@  4.75652`_0.00348_LIMIT_MIN_4.755 min 4.755 max 4.77, @  13.05000`_0.01138_LIMIT_MIN_13 min 13 max 13.05)
  scale @  0.0000755212`_0.0000080367
  r_bragg  1.52666585
  weight_percent  0.927_0.098

  prm !po1_1 1
  prm !po2_1 1
  prm !po3_1 1

  out ParFileName() append
  Out(Get(phase_name), "\n%s")
  Out(2, "\n%3.0f")
  Out_Cell_Params(weight_percent, scale)
  prm ph1cs  45.00031`_30.67551_LIMIT_MIN_45 min 45 max 150
  prm ph1str  0.35000`_0.39792_LIMIT_MIN_0.01 min 0.01 max 0.35
  CS_L_w_Out(@, =ph1cs;)
  Strain_L_w_Out(@, =ph1str;, po1_1, po2_1, po3_1)

  site Al1  x 0       y 0       z 0.35231  occ Al+3  1  beq 0.4129442  Out_Site
  site O1   x 0.6936  y 0       z 0.25     occ O-2   1  beq 0.4618975  Out_Site

'======== Phase 2 ========

str
  phase_name gamma-Al2O3
  space_group Fd-3mZ
  Cubic(@  7.93700`_0.00858_LIMIT_MIN_7.9 min 7.9 max 7.937)
  scale @  0.0000083646`_0.0000030323_LIMIT_MIN_1e-011
  r_bragg  2.29422496
  weight_percent  0.358_0.129

  prm !po1_2 1
  prm !po2_2 1
  prm !po3_2 1

  out ParFileName() append
  Out(Get(phase_name), "\n%s")
  Out(4, "\n%3.0f")
  Out_Cell_Params(weight_percent, scale)
  prm ph2cs  45.06285`_113.34726_LIMIT_MIN_45 min 45 max 300
  prm ph2str  0.34986`_1.14451_LIMIT_MIN_0.001 min 0.001 max 0.35
  CS_L_w_Out(@, =ph2cs;)
  Strain_L_w_Out(@, =ph2str;, po1_2, po2_2, po3_2)

  site O1   x 0.2547  y 0.2547  z 0.2547   occ O     1  beq 1  Out_Site
  site Al1  x 0.5     y 0.5     z 0.5      occ Al    0.58  beq 0.5  Out_Site
  site Al2  x 0.125   y 0.125   z 0.125    occ Al    0.84  beq 0.5  Out_Site
  site Al3  x 0.0272  y 0.0272  z 0.0272   occ Al    0.17  beq 0.5  Out_Site

'======== Phase 3 ========

str
  phase_name Cryolite
  space_group P121/c1
  a @  5.41348`_0.00015
  b @  5.59524`_0.00015
  c @  9.46367`_0.00035
  be @  124.73891`_0.00257
  scale @  0.0110414681`_0.0000265267
  r_bragg  1.58108308
  weight_percent  85.706_0.278

  PO(po1_3, 1.01848`_0.00665 min 0.95 max 1.1, !mdangle1_3, 1 1 1)
  prm !po2_3 1
  prm !po3_3 1

  out ParFileName() append
  Out(Get(phase_name), "\n%s")
  Out(6, "\n%3.0f")
  Out_Cell_Params(weight_percent, scale)
  prm ph3cs  180.61971`_8.15312 min 70 max 500
  prm ph3str  0.38337`_0.00689_LIMIT_MAX_0.4 min 0.001 max 0.4
  CS_L_w_Out(@, =ph3cs;)
  Strain_L_w_Out(@, =ph3str;, po1_3, po2_3, po3_3)

  site Na1  x 0.5     y 0       z 0.5      occ Na+1  1  beq 1.75  Out_Site
  site Al1  x 0       y 0       z 0        occ Al+3  1  beq 0.85  Out_Site
  site Na2  x @  0.26591`_0.00056_LIMIT_MIN_0.2638 min 0.2638 max 0.27 y @  0.45087`_0.00022 min 0.448 max 0.456 z @  0.25273`_0.00041 min 0.2501 max 0.257  occ Na+1  1  beq 1.76  Out_Site
  site F1   x @  0.11762`_0.00046_LIMIT_MAX_0.12 min 0.114 max 0.12 y @  0.04427`_0.00032_LIMIT_MIN_0.042 min 0.042 max 0.05 z @  0.21923`_0.00038 min 0.214 max 0.223  occ F-1   1  beq 1.35  Out_Site
  site F2   x @  0.22752`_0.00062_LIMIT_MAX_0.229 min 0.22 max 0.229 y @  0.73305`_0.00040 min 0.73 max 0.738 z @  0.06268`_0.00033_LIMIT_MAX_0.064 min 0.057 max 0.064  occ F-1   1  beq 1.2  Out_Site
  site F3   x @  0.31736`_0.00054_LIMIT_MAX_0.319 min 0.307 max 0.319 y @  0.17195`_0.00039 min 0.166 max 0.18 z @  0.04648`_0.00039_LIMIT_MAX_0.048 min 0.037 max 0.048  occ F-1   1  beq 1.4  Out_Site

'======== Phase 4 ========

str
  phase_name Chiolite
  space_group P4/mnc
  Tetragonal(@  7.06000`_0.01028_LIMIT_MIN_7.02 min 7.02 max 7.06, @  10.40299`_0.02677_LIMIT_MIN_10.36 min 10.36 max 10.403)
  scale @  0.0000104256`_0.0000037377
  r_bragg  2.53355957
  weight_percent  0.392_0.139

  prm  ph4xxNa  0.27680`_0.00000 min 0.276 max 0.279

  PO(po1_4, 0.99997`_0.22396_LIMIT_MIN_0.93 min 0.93 max 1, !mdangle1_4, 0 0 1)
  prm !po2_4 1
  prm !po3_4 1

  out ParFileName() append
  Out(Get(phase_name), "\n%s")
  Out(7, "\n%3.0f")
  Out_Cell_Params(weight_percent, scale)
  prm ph4cs  80.21376`_172.47413_LIMIT_MIN_80 min 80 max 350
  prm ph4str  0.39968`_0.89607_LIMIT_MIN_0.001 min 0.001 max 0.40
  CS_L_w_Out(@, =ph4cs;)
  Strain_L_w_Out(@, =ph4str;, po1_4, po2_4, po3_4)

  site Na1  x 0       y 0       z 0.5      occ Na+1  1  beq 1.55  Out_Site
  site Na2  x 0.277   y 0.777   z 0.25     occ Na+1  1  beq 1.7  Out_Site
  site Al1  x 0       y 0       z 0        occ Al+3  1  beq 1.4  Out_Site
  site Al2  x 0       y 0.5     z 0        occ Al+3  1  beq 0.88  Out_Site
  site F1   x 0       y 0       z @  0.17700`_0.04155_LIMIT_MIN_0.17 min 0.17 max 0.177  occ F-1   1  beq 1.7  Out_Site
  site F2   x @  0.06399`_0.03848_LIMIT_MIN_0.058 min 0.058 max 0.064 y @  0.25200`_0.03335_LIMIT_MIN_0.245 min 0.245 max 0.252 z 0        occ F-1   1  beq 1.7  Out_Site
  site F3   x @  0.17601`_0.01727_LIMIT_MIN_0.176 min 0.176 max 0.182 y @  0.53200`_0.03066_LIMIT_MIN_0.532 min 0.532 max 0.54 z @  0.11800`_0.01626_LIMIT_MIN_0.118 min 0.118 max 0.121  occ F-1   1  beq 1.5  Out_Site

'======== Phase 5 ========

str
  phase_name NaCa(AlF6)
  space_group P121/c1
  a @  8.79500`_0.08457_LIMIT_MIN_8.715 min 8.715 max 8.795
  b @  5.18793`_0.05443_LIMIT_MIN_5.145 min 5.145 max 5.21
  c @  20.30001`_0.20275_LIMIT_MIN_20.3 min 20.3 max 20.46
  be @  91.49945`_0.60057_LIMIT_MIN_90.85 min 90.85 max 91.5
  scale @  0.0000029820`_0.0000011740_LIMIT_MIN_1e-011
  r_bragg  2.01294915
  weight_percent  0.354_0.137

  prm !po1_5 1
  prm !po2_5 1
  prm !po3_5 1

  out ParFileName() append
  Out(Get(phase_name), "\n%s")
  Out(18, "\n%3.0f")
  Out_Cell_Params(weight_percent, scale)
  prm ph5cs  30.02920`_48.09351_LIMIT_MIN_30 min 30 max 150
  prm ph5str  0.39990`_1.91357_LIMIT_MIN_0.001 min 0.001 max 0.4
  CS_L_w_Out(@, =ph5cs;)
  Strain_L_w_Out(@, =ph5str;, po1_5, po2_5, po3_5)

  site Na1  x @  0.96691`_0.26170_LIMIT_MIN_0.9668 min 0.966800 max 0.986800 y @  0.24430`_0.31327_LIMIT_MIN_0.2443 min 0.244300 max 0.264300 z @  0.16810`_0.06377_LIMIT_MIN_0.1681 min 0.168100 max 0.188100  occ Na+1  1  beq 2.2  Out_Site
  site Na2  x @  0.95812`_0.23491_LIMIT_MIN_0.9581 min 0.958100 max 0.978100 y @  0.28340`_0.22684_LIMIT_MIN_0.2634 min 0.263400 max 0.283400 z @  0.43130`_0.08370_LIMIT_MIN_0.4313 min 0.431300 max 0.451300  occ Na+1  1  beq 2.2  Out_Site
  site Ca1  x @  0.63030`_0.14459_LIMIT_MIN_0.6303 min 0.630300 max 0.650300 y @  0.24750`_0.18607_LIMIT_MIN_0.2275 min 0.227500 max 0.247500 z @  0.32080`_0.06832_LIMIT_MIN_0.3008 min 0.300800 max 0.320800  occ Ca+2  1  beq 0.85  Out_Site
  site Ca2  x @  0.62570`_0.14499_LIMIT_MIN_0.6257 min 0.625700 max 0.645700 y @  0.31190`_0.15629_LIMIT_MIN_0.3119 min 0.311900 max 0.331900 z @  0.57230`_0.06808_LIMIT_MIN_0.5523 min 0.552300 max 0.572300  occ Ca+2  1  beq 0.85  Out_Site
  site Al1  x @  0.24880`_0.25007_LIMIT_MIN_0.2488 min 0.248800 max 0.268800 y @  0.26610`_0.25490_LIMIT_MIN_0.2461 min 0.246100 max 0.266100 z @  0.30890`_0.11623_LIMIT_MIN_0.3089 min 0.308900 max 0.328900  occ Al+3  1  beq 1.67  Out_Site
  site Al2  x @  0.24280`_0.24114_LIMIT_MIN_0.2428 min 0.242800 max 0.262800 y @  0.20030`_0.22854_LIMIT_MIN_0.1803 min 0.180300 max 0.200300 z @  0.55880`_0.12694_LIMIT_MIN_0.5588 min 0.558800 max 0.578800  occ Al+3  1  beq 1.67  Out_Site
  site F1   x 0.629   y 0.6261  z 0.4777   occ F-1   1  beq 1.46  Out_Site
  site F2   x 0.5863  y 0.6137  z 0.6397   occ F-1   1  beq 1.46  Out_Site
  site F3   x 0.7338  y 0.0827  z 0.4824   occ F-1   1  beq 1.46  Out_Site
  site F4   x 0.3809  y 0.1003  z 0.2626   occ F-1   1  beq 1.46  Out_Site
  site F5   x 0.1625  y -0.0247 z 0.6328   occ F-1   1  beq 1.46  Out_Site
  site F6   x 0.1643  y 0.4377  z 0.3814   occ F-1   1  beq 1.46  Out_Site
  site F7   x 0.2357  y 0.4669  z 0.6229   occ F-1   1  beq 1.46  Out_Site
  site F8   x 0.5786  y 0.5944  z 0.8821   occ F-1   1  beq 1.46  Out_Site
  site F9   x 0.9132  y 0.6404  z 0.226    occ F-1   1  beq 1.46  Out_Site
  site F10  x 0.7403  y 0.0217  z 0.2307   occ F-1   1  beq 1.46  Out_Site
  site F11  x 0.7551  y 0.0334  z 0.6259   occ F-1   1  beq 1.46  Out_Site
  site F12  x 0.0748  y 0.279   z 0.5398   occ F-1   1  beq 1.46  Out_Site

'======== Phase 6 ========

str
  phase_name Na2Ca3Al2F14
  space_group I213
  Cubic(@  10.25400`_0.00727_LIMIT_MIN_10.242 min 10.242 max 10.254)
  scale @  0.0000001695`_0.0000002697_LIMIT_MIN_1e-011
  r_bragg  3.25509384
  weight_percent  0.028_0.044

  PO(po1_6, 0.72001`_1.02455_LIMIT_MIN_0.72 min 0.72 max 1, !mdangle1_6, 1 1 1)
  prm !po2_6 1
  prm !po3_6 1

  out ParFileName() append
  Out(Get(phase_name), "\n%s")
  Out(6, "\n%3.0f")
  Out_Cell_Params(weight_percent, scale)
  prm ph6cs  349.96691`_4200.76281_LIMIT_MIN_65 min 65 max 350
  prm ph6str  0.00105`_0.86531_LIMIT_MIN_0.001 min 0.001 max 0.4
  CS_L_w_Out(@, =ph6cs;)
  Strain_L_w_Out(@, =ph6str;, po1_6, po2_6, po3_6)

  site Ca1  x 0.4667  y 0       z 0.25     occ Ca+2  1  beq @  0.7004`_22.2059_LIMIT_MIN_0.7 min 0.7 max 1.5  Out_Site
  site Al1  x 0.2482  y 0.2482  z 0.2482   occ Al+3  1  beq @  1.4969`_35.6574_LIMIT_MIN_0.7 min 0.7 max 1.5  Out_Site
  site Na1  x 0.0847  y 0.0847  z 0.0847   occ Na+1  1  beq @  0.7008`_67.8095_LIMIT_MIN_0.7 min 0.7 max 1.5  Out_Site
  site F1   x 0.1387  y 0.3062  z 0.1206   occ F-1   1  beq @  0.7002`_38.2681_LIMIT_MIN_0.7 min 0.7 max 1.5  Out_Site
  site F2   x 0.364   y 0.3627  z 0.1873   occ F-1   1  beq @  0.7004`_39.8307_LIMIT_MIN_0.7 min 0.7 max 1.5  Out_Site
  site F3   x 0.4614  y 0.4614  z 0.4614   occ F-1   1  beq @  1.5000`_69.1650_LIMIT_MIN_0.7 min 0.7 max 1.5  Out_Site

'======== Phase 7 ========

str
  phase_name Fluorite
  space_group Fm-3m
  Cubic(@  5.46627`_0.00013 min 5.463 max 5.469)
  scale @  0.0023375756`_0.0000108111
  r_bragg  1.04523172
  weight_percent  9.358_0.053

  prm !po1_7 1
  prm !po2_7 1
  prm !po3_7 1

  out ParFileName() append
  Out(Get(phase_name), "\n%s")
  Out(2, "\n%3.0f")
  Out_Cell_Params(weight_percent, scale)
  prm ph7cs  189.92531`_15.82399 min 60 max 350
  prm ph7str  0.35616`_0.01198_LIMIT_MAX_0.38 min 0.001 max 0.38
  CS_L_w_Out(@, =ph7cs;)
  Strain_L_w_Out(@, =ph7str;, po1_7, po2_7, po3_7)

  site Ca1  x 0       y 0       z 0        occ Ca+2  1  beq 0.57  Out_Site
  site F1   x 0.25    y 0.25    z 0.25     occ F-1   1  beq 0.81  Out_Site

'======== Phase 8 ========

str
  phase_name Weberite
  space_group Imma
  a @  7.07165`_0.32027_LIMIT_MIN_7.05 min 7.05 max 7.072
  b @  10.00667`_0.48324_LIMIT_MIN_9.98 min 9.98 max 10.02
  c @  7.30588`_0.24687_LIMIT_MIN_7.29 min 7.29 max 7.31
  scale @  0.0000000533`_0.0000011702_LIMIT_MIN_1e-011
  r_bragg  3.04751207
  weight_percent  0.002_0.044

  PO(po1_8, 0.90000`_11.29614_LIMIT_MIN_0.9 min 0.9 max 1, !mdangle1_8, 0 1 1)
  prm !po2_8 1
  prm !po3_8 1

  out ParFileName() append
  Out(Get(phase_name), "\n%s")
  Out(7, "\n%3.0f")
  Out_Cell_Params(weight_percent, scale)
  prm ph8cs  499.95661`_123662.20848_LIMIT_MIN_150 min 150 max 500
  prm ph8str  0.00100`_11.27471_LIMIT_MIN_0.001 min 0.001 max 0.35
  CS_L_w_Out(@, =ph8cs;)
  Strain_L_w_Out(@, =ph8str;, po1_8, po2_8, po3_8)

  site Na1  x 0.25    y 0.25    z 0.75     occ Na+1  1  beq 1  Out_Site
  site Na2  x 0       y 0       z 0        occ Na+1  1  beq 1  Out_Site
  site Mg1  x 0.25    y 0.25    z 0.25     occ Mg+2  1  beq 1  Out_Site
  site Al1  x 0       y 0       z 0.5      occ Al+3  1  beq 1  Out_Site
  site F1   x 0       y 0.25    z 0.1362   occ F-1   1  beq 1  Out_Site
  site F2   x 0       y 0.4144  z 0.7213   occ F-1   1  beq 1  Out_Site
  site F3   x 0.1845  y 0.3874  z 0.4304   occ F-1   1  beq 1  Out_Site

'======== Phase 9 ========

str
  phase_name Neighborite
  space_group Pnma
  a @  5.50000`_0.00403_LIMIT_MIN_5.488 min 5.488 max 5.5
  b @  7.69000`_0.00556_LIMIT_MIN_7.665 min 7.665 max 7.69
  c @  5.37368`_0.00302_LIMIT_MIN_5.36 min 5.36 max 5.387
  scale @  0.0000327971`_0.0000102619_LIMIT_MIN_1e-011
  r_bragg  2.54381467
  weight_percent  0.244_0.076

  prm !po1_9 1
  prm !po2_9 1
  prm !po3_9 1

  out ParFileName() append
  Out(Get(phase_name), "\n%s")
  Out(4, "\n%3.0f")
  Out_Cell_Params(weight_percent, scale)
  prm ph9cs  349.99285`_1401.72397_LIMIT_MIN_100 min 100 max 350
  prm ph9str  0.00101`_0.22552_LIMIT_MIN_0.001 min 0.001 max 0.3
  CS_L_w_Out(@, =ph9cs;)
  Strain_L_w_Out(@, =ph9str;, po1_9, po2_9, po3_9)

  site Na1  x 0.03975 y 0.25    z 0.488    occ Na+1  1  beq 1.762317  Out_Site
  site Mg1  x 0       y 0       z 0        occ Mg+2  1  beq 0.7745665  Out_Site
  site F1   x 0.4547  y 0.25    z 0.58705  occ F-1   1  beq 3.754397  Out_Site
  site F2   x 0.29105 y 0.04897 z 0.21265  occ F-1   1  beq 1.37148  Out_Site

'======== Phase 10 ========

str
  phase_name Elpasolite
  space_group Fm-3m
  Cubic(@  8.11200`_1193.52329_LIMIT_MIN_8.095 min 8.095 max 8.112)
  scale @  0.0000000000`_0.0000012379_LIMIT_MIN_1e-011
  r_bragg  3.78237904
  weight_percent  0.000_0.050

  prm !po1_10 1
  prm !po2_10 1
  prm !po3_10 1

  out ParFileName() append
  Out(Get(phase_name), "\n%s")
  Out(4, "\n%3.0f")
  Out_Cell_Params(weight_percent, scale)
  prm ph10cs  60.00088`_19452495.16170_LIMIT_MIN_60 min 60 max 200
  prm ph10str  0.39999`_145124.61375_LIMIT_MIN_0.001 min 0.001 max 0.4
  CS_L_w_Out(@, =ph10cs;)
  Strain_L_w_Out(@, =ph10str;, po1_10, po2_10, po3_10)

  site K    x 0.25    y 0.25    z 0.25     occ K     1  beq 1.223831  Out_Site
  site Na   x 0.5     y 0.5     z 0.5      occ Na    1  beq 0.8448381  Out_Site
  site Al   x 0       y 0       z 0        occ Al    1  beq 0.5842806  Out_Site
  site F    x 0.2225  y 0       z 0        occ F     1  beq 1.279101  Out_Site

'======== Phase 11 ========

str
  phase_name K1.58Al11O17
  space_group R-3mH
  Hexagonal(@  5.58768`_0.00398_LIMIT_MIN_5.585 min 5.585 max 5.62, @  33.89000`_0.03010_LIMIT_MIN_33.89 min 33.89 max 34.17)
  scale @  0.0000088261`_0.0000010701
  r_bragg  1.96392341
  weight_percent  1.201_0.142

  prm !po1_11 1
  prm !po2_11 1
  prm !po3_11 1

  out ParFileName() append
  Out(Get(phase_name), "\n%s")
  Out(11, "\n%3.0f")
  Out_Cell_Params(weight_percent, scale)
  prm ph11cs  45.00031`_21.18317_LIMIT_MIN_45 min 45 max 150
  prm ph11str  0.36998`_0.29628_LIMIT_MIN_0.001 min 0.001 max 0.37
  CS_L_w_Out(@, =ph11cs;)
  Strain_L_w_Out(@, =ph11str;, po1_11, po2_11, po3_11)

  site Al1  x 0.16712 y -0.16712 z 0.9298   occ Al    1  beq 1  Out_Site
  site Al2  x 0       y 0       z 0.34988  occ Al    1  beq 1  Out_Site
  site Al3  x 0       y 0       z 0.44935  occ Al    1  beq 1  Out_Site
  site Al4  x 0       y 0       z 0        occ Al    1  beq 1  Out_Site
  site O1   x 0.16419 y -0.16419 z 0.23615  occ O     1  beq 1  Out_Site
  site O2   x 0.15396 y -0.15396 z 0.03384  occ O     1  beq 1  Out_Site
  site O3   x 0       y 0       z 0.09512  occ O     1  beq 1  Out_Site
  site O4   x 0       y 0       z 0.2952   occ O     1  beq 1  Out_Site
  site O5   x 0       y 0       z 0.5      occ O     1  beq 1  Out_Site
  site K1   x 0       y 0       z -0.17086  occ K     0.31  beq 1  Out_Site
  site K2   x 0.08717 y -0.08717 z -0.16784  occ K     0.16  beq 1  Out_Site

'======== Phase 12 ========

str
  phase_name Villiaumite
  space_group Fm-3m
  Cubic(@  4.63641`_0.00066_LIMIT_MIN_4.633 min 4.633 max 4.64)
  scale @  0.0010897113`_0.0000520587
  r_bragg  0.417727038
  weight_percent  1.432_0.068

  prm !po1_12 1
  prm !po2_12 1
  prm !po3_12 1

  out ParFileName() append
  Out(Get(phase_name), "\n%s")
  Out(2, "\n%3.0f")
  Out_Cell_Params(weight_percent, scale)
  prm ph12cs  90.00994`_66.90154_LIMIT_MIN_90 min 90 max 170
  prm ph12str  0.38000`_0.18451_LIMIT_MAX_0.38 min 0.001 max 0.38
  CS_L_w_Out(@, =ph12cs;)
  Strain_L_w_Out(@, =ph12str;, po1_12, po2_12, po3_12)

  site Na   x 0       y 0       z 0        occ Na    1  beq 1  Out_Site
  site F    x 0.5     y 0.5     z 0.5      occ F     1  beq 1  Out_Site


'======= END =======
'
'
C_matrix_normalized
{
                             1   2   3   4   5   6   7   8   9  10  11  12  13  14  15  16  17  18  19  20  21  22  23  24  25  26  27  28  29  30  31  32  33  34  35  36  37  38  39  40  41  42  43  44  45  46  47  48  49  50  51  52  53  54  55  56  57  58  59  60  61  62  63  64  65  66  67  68  69  70  71  72  73  74  75  76  77  78  79  80  81  82  83  84  85  86  87  88  89  90  91  92  93  94  95  96  97  98  99 100 101 102 103 104 105 106 107 108 109 110 111 112 113 114 115
bkg1076911200          1:  100 -18 -51  50  22 -21  -0  -0 -17  -0  -4  -2  -5  10  -3  -1   0 -27   1  -4  -2  -6   0  10  -1  -1   6  -3  -8  -5  -3   5  -1  -3   4   1  11 -29  -1  -1   3  -2 -11  -5  -6  15  -4  19  -5 -55  -0  -4   3 -12  18   4 -19   7  13  17   6 -15   8 -16 -18  -3 -19  15  -9  -7  -2  13   3  -0  -3   0   0  -2  -6   6   4   6  -2   2   1 -18   0   8  -1   5   2  -2   0   6   2   3   4   0  -0   2  -1  -0 -23  -5   3  -5 -43  -6   1  12  -8   2   2   2   2
bkg1076911201          2:  -18 100   7  23   7  30 -11  -3  -7  -2   4   1  -0 -15   2  -2  -4  -6  -1  -1  -2  -0  -2  -8  -7  -1   5  -4   3   4   2  -4   2  -7  -1 -11  -3   7  -2   4  -7  -2   0  -7   6  -3  -1  -9   7  23   2   4  -6  -4 -17 -10  -6   6  -7  -0   3   5   9   3  -9 -16   7  12  17   2  -7 -11   2   7  28  -0   7 -20 -23  23  14  11  20  -3   6  -6  -3  -9  -9  -6   0  -1   1  -4   1  -0  -3  -1  -0   0   1   1  15   1  -2   4  22   1  -1  -7   4  -5  -2  -3  -4
bkg1076911202          3:  -51   7 100 -42  20  18  34  -2  18   4  -0   5   7  -6   3  -1  -2  25   1   1   0   8   2  -0   9  -3  -0  -3   7   4   3   3   0   5   0  -2 -11  36   4  -1   2  12  20  14   9 -12  14  -9   4  44   3   3   1  17 -12   1  18 -11  -3 -15  -3  17   4  11  20   1  23 -17  -8   7   2  -7  -0   3   9   0  -3  -5  -3   5  -8  -7   8   4  -8   9  -3  -5   1  -4  -1   0   0  -5  -1  -2  -1   1   1  -2   0  -0  13   7  -1   3  30   9  -0 -10   4   0  -1  -3  -2
bkg1076911203          4:   50  23 -42 100 -11  18  -6  -0 -11  -1  -0  -3  -3  17  -6  -4  -0  -5  -3  -2  -2  -6   1  22  16  -3  -2 -10  -8  -5  -4  11  -7   4   8  -4   2 -19  -0  -1   1   3  -4  -8  -0   9   2  16   3 -47   2  -4   1  -6  16   2 -21   5   3  10  -2  -3   3  -4 -21  -6 -18  20  -2  -5  -6  10  -1  11  -9   1   2   4   2  -6  -1   3   3  -3  -2 -12   1   8   2   1   2  -1  -1  -0   0   0   7   1  -1   1  -2  -1 -10  -1  -4  -7 -29  -6   1  13   1   2   1  -4  -3
bkg1076911204          5:   22   7  20 -11 100 -27  34  -2  -9   2  -3   3   1  -7   4  -2  -3 -16   1  -2   1   2   1 -17 -20  -0   8  -2   5   6   2  -1  15  -6   2  -4   8  -9  -6   7  -2 -14 -14 -11  -5   6 -14  -5  -6  13   5  -0  -1   4  -4   1  10  11  12 -10   5 -14   1  -7  -8   9   5   7   0  -5  -7 -10   4   8   7  -1  -4  -9  -9  10  -9   1   0  12  -3  -3  -2  -6  -8  -1   1  -0  -1   4   1   0  -4  -0  -0   0   0  -0 -11   2   6   2  12   1  -5  -2   2   2   0   1   1
bkg1076911205          6:  -21  30  18  18 -27 100  -9  -0  13   3   1  -6  -4  -8  -7   0  -2  13  -0   1  -5  -1  -7  13  16 -11  -8 -11   4  -8   1   4  -9   6   7  -8  -4  20   8  -8   8  16  18  20   7 -14  18   3  -1   2   0   4   0  -4  -3  -5   1 -24  -8  -0  -5  13   6  21   1 -10   1  -2   3  16   5   1  -1  -8   1   1   0  -2  -3  -5   9  -0  10   1   4   3   1  -2   1  -5   1  -1   1  -5   2   1   3  -0   1  -0   0   1  23  -3  -6   2   3   3   4  -8  -7  -5  -0  -1  -2
bkg1076911206          7:   -0 -11  34  -6  34  -9 100  -3 -11   4  -3  -1  -4   4  -3   4   3  19   1  -1  -1   4   2   6  10  -1  -8  -2  -4   3  -9  13  -2  10  13   8   3   2  -1   1   0 -16 -12  -7  -5  -4  -9   7  -8   7  10  -3   2  13   0   2  23 -17   2 -32 -11  12  -8   8  13  18  12 -14  -6   2  10 -10  13   0 -13   1  -4   8   9 -13 -12  -7  -2  10 -15   5  -3   8   9   2  -1  -1   2   1  -2  -2  -5   0   0  -2   3   2 -14   2   6   1  -4   7  -5   5   0   9  -2   1   3
zeval                  8:   -0  -3  -2  -0  -2  -0  -3 100  -4  -8   7   4   2  -0   5  12  12  -2  64  69  55  11  -8  -1   1  -3  -7   2 -11  -5  -4  -5  -3   3 -15   1 -16   1  -0   4  -4   2   2   2  -1   3  -2  -8   3  -5  -8 -11  12   3  -0  -1   1   2   1   2   3  -4  -2   2   1   0  -5  -0  -2   0  -3   2  -2   1  -4   2  -3   4   5  -2  -5  -1  -9  -1  -0   1  78  -1  -1   0  -1   1  -1  -2  -0  -0  -0   2   0   2  -0  -0   2  -0   4   6   3   3   4  -2  -1   3  15   1   0
scale40581416          9:  -17  -7  18 -11  -9  13 -11  -4 100  16 -10  -8  18 -14   3  -5 -11  -8  -3  -6   3   6  11  -5  -5 -12   6 -16   5 -24   1  10  22  13  -1  -1  -8   8  -0  -2 -16   7   8  13   8   1  -7   8  11   0  -8   2   1   7  -2  -8  30  10   2  -5  -9 -10   5   5   0  -1  -5   0 -16  13 -12  19 -24   7   4   1   7  -2  -1  -0  -3   2  -1   3   5   4  -3   1   4   3  -2   2   1   2  -3  -2   2  -1   0   0  -2  -1  11  -7  -6  -4 -22  -4  16   6  -5  -5  -3  -3  -3
a_lp40710040          10:   -0  -2   4  -1   2   3   4  -8  16 100 -66   0   3 -18 -13 -21 -27   2  -4  -7  -8   0  10   4   5  -4  -1  -7  -1 -13  -3   4  12  -2  18   2   9   0   5  -5  -5   1   1   2   1   4  -1  10   2  -1  -3  -0   2  10   6   7   7   6   2  -2  -4   1   2   1   1  -1  -1  -1  -7   4  -4   4  -4   5  -1   0   2   2   1   1  -7   1  -2   0  -1   8  -5  -5  -4   0  -0  -1  -0  -5  -2  -2  -1  -1   1  -0   1   1   5   3  -4  -2  -3   2   6  -4  -6  -3  -5  -3  -3
c_lp40580712          11:   -4   4  -0  -0  -3   1  -3   7 -10 -66 100  -1  -3  10   6  13  16   4   3  -1  10   0  -5  -2  -1   2  -2   0   4   1   6   1  -3   5 -10  -5  -7  -4   0   1  -1  -4  -5  -3  -2   0  -1  -6   1   3  -1  -3   3  -8  -5  -4 -10  -4  -4   5   6   5  -3   7   4  -1   4  -4   6   6   2  -3   4  -3   5  -0   1  -3  -3   1   7   1   4  -2   1  -4   6   2   2   1   0   0   0   1   0   1   1   1  -1   0  -0  -0   2  -0   1   1   2  -1   4   2   4  -3   2  -2  -3
ph1cs                 12:   -2   1   5  -3   3  -6  -1   4  -8   0  -1 100  94  -4  20 -18 -23   3  -2   0   7   3  -0 -17 -18  10  28  -0  -2  -6  -3   1   2   8  -1   0  -3  -3  -1   4   1  -2  -3   6  -5  -5 -10  -6  -4  11  -8  -0   1   6 -10  -4  -0   3  -4  15  -1  -1   1  -4   7  -1  -3  -4   2   5  -0  -7  -5  -4  -3  -1  -1   5   6   4 -13  -4  -6  -4  -6   1   5   3   3   5  -1   2  -0   4  -1   0  -2  -1   1  -0   2   1  -8  -0   3  -0   4   5  -4   4   6  -9   0  -5  -6
ph1str                13:   -5  -0   7  -3   1  -4  -4   2  18   3  -3  94 100  -5  22 -23 -29   3  -4  -2   9   5   4 -18 -19   6  30  -6  -3  -9  -3   4   6   9  -1  -2  -7  -2  -1   3  -2  -1  -2   4  -2  -2 -10  -3  -1   8  -7   0  -0   6  -9  -5   3   8  -5  14  -5  -3  -0  -6   4  -1  -3  -1  -1   3  -4  -1  -9  -1  -2  -0   1   4   6   3 -14  -3  -6  -3  -6   2   4   3   4   6  -1   2  -0   4  -2  -0  -2  -1   0   0   1   0  -7  -2   2  -1  -5   1   1   8   6 -10  -1  -7  -8
scale107847712        14:   10 -15  -6  17  -7  -8   4  -0 -14 -18  10  -4  -5 100 -33 -21   8  -4  -4   1  -2  -2 -11   3  -1   3  -3  -2  -3   8  -1  -1  -9  -2   4  -9   6  -2  -6  10  10  -7  -6  -3  -9  -3  -1   1 -10 -20   5  -1   3  -9  14  12  -5 -12   1  -0   3  -1 -24  -1   4  16   4 -11 -15  -0 -15  12  13  15  -3   1  -2   2   4  -4  -1  -3  -2  -8   3   6   1  -3  -2  -2   2  -0  -2   5   3   2   8   1  -1  -1  -3  -1 -19   6  -2 -11 -37 -17 -14  33  21   3   3  -3  -2
a_lp107846832         15:   -3   2   3  -6   4  -7  -3   5   3 -13   6  20  22 -33 100  11   1   6   4   1   7   0   7  -6  -4   0  10   1  -3  -2   2  -0   3  -1  -7   4  -8  -0  -3   6   5   1   2 -14   6  13   6  -5   5   4   5  -2  -0  -1   1   5  -0  15  -4   0  -1   2   1 -18  -1  -2  -3   5  -6  -7  -3   1  -3   3   2   0   0   1   3   3  -9   2  -3  -4  -8  -1   3   1   0   3  -1   1   0   2  -1  -0  -2   1  -1   0   0  -0  -2  -1   4   3  10  13   9 -28 -35  -0  -1  -4  -4
ph2cs                 16:   -1  -2  -1  -4  -2   0   4  12  -5 -21  13 -18 -23 -21  11 100  93   2  12   5   7   3  -4   3   5   3 -11  11  -4   2 -11   1 -10   7  -5  25  -2  -2  -2   3  -2  -5  -6  -3   8   2  -9  -5   1  -3  -9  -6   6   7  -3  -4   2  -4   4  -7   6  -0   2   2   8   6 -13  -7   4  -1  11  -1 -10 -10  -2  -1  -2   1   1  -3   1  -5  -1   5  -2  -5   9   0  -0   6  -0  -0   1   1  -3  -1   1   0  -0   0   1   1   8  -8   6   9  10  28 -10 -10  -9   5   2  12  11
ph2str                17:    0  -4  -2  -0  -3  -2   3  12 -11 -27  16 -23 -29   8   1  93 100   0  11   8   5   2  -7   4   5   4 -14  11  -5   2 -11   1 -13   6  -5  22  -1  -2  -2   4   1  -6  -7  -3   6   1 -10  -8  -2  -7 -12  -7   8   4   1  -1  -1  -7   5  -6   6  -0   0   3   9   6 -13  -8   1  -1   4   1  -6  -4  -3  -1  -5   1   2  -3   1  -5  -1   3  -2  -4  10  -1  -1   5   0  -0   0   2  -2  -1   2   1  -0   0   0   1   2  -5   5   6   5  31 -16  -1   0   5   3  12  12
scale108792344        18:  -27  -6  25  -5 -16  13  19  -2  -8   2   4   3   3  -4   6   2   0 100  -6  -1   3   7   6   8  31   5  -5   1   4   1  -2  14 -21  14  11   8  -6   1   8  -9   0  -9  -8  -6  -4  -2  -5  -3  -4  -2   2   1  -3   8   3   2  -7  -6  -7  -8  -9  16 -10  14  10   5  -0 -13   0  -6  12   1  -1  -4  -2  -1  -4   0   3 -12   4  -3   2   4  -6   6  -7   1   5   1   0  -1   0  -2  -1  -1 -33  -1   0  -4  12   4   2  -1   2   3 -11  11   3   3  -2 -15 -11  -4  -6
a_lp40640744          19:    1  -1   1  -3   1  -0   1  64  -3  -4   3  -2  -4  -4   4  12  11  -6 100  33  39  30   2   2   3  -2  -5   3 -14  -5  -7  -3  -3  -1 -12   5 -17   4  -1   6  -6   1   2   7  -1  -1  -3  -7   3   0  -9 -12  14   2  -1  -1   2  -2   8   0   4  -7   7   4   5  -4   2  -5  -1   2  -3  -1   2   0  -1   2  -1   1   2  -0  -2   1  -4  -1  -2  -1  51   0  -1  -1  -0  -0   0  -2   0   0   1   3  -1   4  -5  -4   2   2   6   8   4   6   1  -3  -2   3   4  10   8
b_lp40639336          20:   -4  -1   1  -2  -2   1  -1  69  -6  -7  -1   0  -2   1   1   5   8  -1  33 100  24  14 -18  -1  -0  -3  -9   7  -4  -4  -3  -6  -5   3  -9   3  -5   5  -1   4   2   7   9   6  -3  -1   3  -5  -0  -3  -7 -13  14  -0   3   4   2  -3  -3  -6   3   5   1   4   4  -1  -6   2  -3  -3  -1   3  -5   1  -3   2  -3   3   4   0  -5  -2  -8  -3   1   0  55  -4  -5  -3  -1   2  -3  -5   0  -1   2   2   0   0  -0  -0   3   5   5   7   6  -4  11  -1   1   0   9   4   3
c_lp40639688          21:   -2  -2   0  -2   1  -5  -1  55   3  -8  10   7   9  -2   7   7   5   3  39  24 100  63  16 -10  -2   3   0   3 -11  -2  -4   2  -2   5 -13   3 -15  -4  -1   2  -9   2   1  -4  -3   9  -2  -6   7  -5  -2  -6   7   1  -5  -7  -1   5   1   2   5  -6  -8  -1  -2   7  -6   0  -0   3  -1   1  -7   0  -3   0  -1   4   5  -2  -1  -3  -5  -3  -2   2  45  -2  -3   8  -2   3  -0   4  -3  -1   2  -2   0   4  -2  -2  -5  -3   7   5   1   2   0  -0   0   2   6   3   1
be_lp40639864         22:   -6  -0   8  -6   2  -1   4  11   6   0   0   3   5  -2   0   3   2   7  30  14  63 100  -6  -8   4  -1   0   7  -9   0 -17   5 -11   8  -5  15  -8   2  -2   4  -2   1   2   3  -1   1  -4  -2  -1   1  -0  -4   7  -6  -1  -1   3  -1   6  -6   5  -3   1   1   0   5  -1  -0   2   2   4  -3  -3  -5   1   0   3   1   2   1   1   0  -2  -3  -0  -3   8  -1  -1   7  -2   2   0   2  -4  -2  -6  -2   0   2  -2  -3  -4   2   5   4   3   1  -1   1   2   4  -3  16  14
po1_3                 23:    0  -2   2   1   1  -7   2  -8  11  10  -5  -0   4 -11   7  -4  -7   6   2 -18  16  -6 100  -6  -5  12  13  -3 -11  -2   4  28  10   9   1   4  -5  -4  -0   3 -17   6   6 -12  -5  18   9   3  20  -3  -5  -3  -0  21  -5  -7  -0   6  -6   5  -2   3   1   4   6  -4  -6  -7  -5   2  -4   5 -11   9  -3  -0  -4   1   1  -1   3  -3   0   1  -3   7  -4  -0   0   4  -1  -1   1   3  -1   0   3   2  -2   0  -1  -0  -7  -1   8   5   1  -0  -3  -1   0  -9  -9 -24 -20
ph3cs                 24:   10  -8  -0  22 -17  13   6  -1  -5   4  -2 -17 -18   3  -6   3   4   8   2  -1 -10  -8  -6 100  92  -4  -3  -2  -2  -1   3   6 -13   4   7   4  -4   0   2  -4   9   4   3   3   3  -6   7   3  -4  -4   2  -5   5  -2   4   1  -9  -8  -1  -0 -11   9   1  -1  -2   1  10   1  -3   0  -1   4  10   5  -2   0  -3  -0  -1  -2   5  -2   4   3  -3  -6   1   4   3  -3   2  -2   1  -3   1   0   8   1   1  -0   3   5   5  -2  -1   1 -15   2   5   4  -3  -4  -2  -0  -1
ph3str                25:   -1  -7   9  16 -20  16  10   1  -5   5  -1 -18 -19  -1  -4   5   5  31   3  -0  -2   4  -5  92 100  -7  -5  -3  -3   1  -0   7 -17   5   6   6  -9   3   3  -6   5   2   2  -1   4  -2   7  -0  -1  -4   4  -5   4  -0   3   1 -10  -8  -3  -2 -11  11  -3   2  -1   3   7  -2  -2  -0   3   2   8   3  -1   0  -4  -1  -1  -4   7  -3   5   4  -4  -4   1   5   6  -1   1  -2   1  -2   0  -0  -6   0   1  -1   6   5   3  -3   1   2 -15   6   6   3  -4  -4  -0   2   1
x_class108791224      26:   -1  -1  -3  -3  -0 -11  -1  -3 -12  -4   2  10   6   3   0   3   4   5  -2  -3   3  -1  12  -4  -7 100  10  69   4  11  -7  -5 -32   7   8  43  29 -20  -6  14   9  -8 -10   4 -24  -5  -8  12 -17  11 -12  -6   7  -1 -10  -6   6   7  -1   2   7   2   1  -6   8  -1   5   1  -2  -0   7   2   6 -12   1  -1   2   1   2   3  -8   2   5 -11  -1   3  -2  -0  -1 -12   1   1  -2  -7   4  -0  -0  -0   1  -1   0   0   9   7  -2   2  11   0  -8   2   8 -20 -19 -19 -19
y_class108788312      27:    6   5  -0  -2   8  -8  -8  -7   6  -1  -2  28  30  -3  10 -11 -14  -5  -5  -9   0   0  13  -3  -5  10 100   8  16  35  10   1   4  -3  -0  -3   8  -2  -8   6   3  -6  -5  -7  -4  -4   4 -10  -1  17   8   6 -10  13 -12 -10   1   6 -11  15 -11   5 -13 -15  -3   9  25   2   3  -6   9 -13   6  -8   3  -0  -2  -1  -0   6  -1  -3  -0  -4  -1  -8  -6   1  -1   0  -1   1  -0   6   1   0   4   1  -1  -0  -1   0 -11   2   9   4 -17  -7  -1  10   1  -4  -1  -4  -5
z_class108790552      28:   -3  -4  -3 -10  -2 -11  -2   2 -16  -7   0  -0  -6  -2   1  11  11   1   3   7   3   7  -3  -2  -3  69   8 100  13  23  -4 -27 -52  -4 -14  50  29  -3   3  -0   8  -4  -4   5  -9  -7  -2   3 -11   8   4  -3   5  -6  -4  -1   6  -4  10 -11   7  -3  -4  -3  -0  12   2   4   6  -2  20  -8   4 -19   3  -2   1  -1  -1   3  -5  -1   4  -3  -2  -5   1   0  -2  -8   1   2  -1   1   3   0  -2  -1   2  -1   1  -0   2   6   2   2   7   5  -5  -1   0   5  -5  12  10
x_class108789656      29:   -8   3   7  -8   5   4  -4 -11   5  -1   4  -2  -3  -3  -3  -4  -5   4 -14  -4 -11  -9 -11  -2  -3   4  16  13 100   8  64 -13  21  -1   5 -26  30   0  -1  -1  -3   1   1   6  -1 -11  -1  -5  -1  17   5   9  -9   3  -5  -3  11  -4   1  -5   6   4   2   1   3   3  12  -0   4  -0  16  -5   1 -16   4  -0  -2  -5  -6   2   5   2   5   3   1  -7 -13   0  -2  -4   0   1  -0  -1   0  -1  -9  -0   2  -3   3   1   7   5  -5  -3   0  -1   0  -2  -2  -4  -6   5   3
y_class108788984      30:   -5   4   4  -5   6  -8   3  -5 -24 -13   1  -6  -9   8  -2   2   2   1  -5  -4  -2   0  -2  -1   1  11  35  23   8 100   3 -15 -11 -18   3   7  18  -2  -7   4  12  -7  -6 -18   4   2  13 -11  -4  11  16   4  -8   8  -4  -6  -5   1  -5   2 -11   3 -16 -14  -9  12  24   3  16 -14  20 -23  15 -12   0  -1  -3  -2  -1  -3   7  -3   4   0  -0  -1  -3  -3  -2   0   0  -0   1   3   1   1   1   1  -0  -0  -0   1  -6   5   6   4   6  -9  -5   2   3  14   4   2   4
z_class108790328      31:   -3   2   3  -4   2   1  -9  -4   1  -3   6  -3  -3  -1   2 -11 -11  -2  -7  -3  -4 -17   4   3  -0  -7  10  -4  64   3 100 -37  45 -24 -27 -48   7  12  -3  -0  -2  10  11   9   7  -9   8  -1   5  12   9   3  -4  -0  -0   3   2  -3 -10   5  -1   9  -2  -3   5   0  10  -2  -9   3  -6   8   0   6   3   1  -1  -4  -5   1   3   2   3   4   5   5  -5  -0   0  -9   0   3  -2  -1   3   0   0  -0  -1  -0   1   1   1   8  -3  -4  -1  -5   2  -4  -3 -22 -11  -8 -11
x_class108789208      32:    5  -4   3  11  -1   4  13  -5  10   4   1   1   4  -1  -0   1   1  14  -3  -6   2   5  28   6   7  -5   1 -27 -13 -15 -37 100  -1  76  15  11 -19 -13   1  -3  -2  -6  -7  -3 -11   0  -6   8  -6  -6  -3   7  -7   8  -0  -3  -4  -7  -3  -4   2  14  13   9  11  -8  -6 -11  -1   3   6   4  -6  -1  -4  -0  -2   3   3  -4   4  -3  -1   2  -4  -9  -5   4   0   6  -1  -2   2  -0  -3  -1   7   1  -1   0  -1   0  -1  -6   3   3  -6   2  -1   4   2  -2  -3 -11  -9
y_class108789880      33:   -1   2   0  -7  15  -9  -2  -3  22  12  -3   2   6  -9   3 -10 -13 -21  -3  -5  -2 -11  10 -13 -17 -32   4 -52  21 -11  45  -1 100  -8   6 -36   1   1  -8   6  -9   2   2   3   6   1  -8   1   6   5  -4   2  -1  12   2   2  12   5  -9  10  -2  -0  -2   0   5   0   1  -5 -13  11 -16  10 -12  13  -0   2  -0  -1  -2   3  -3   0  -5   5   5  12  -2  -1   2  -1  -1   1  -1  -0  -0  -1   2   1  -3   0  -1  -0  -1   2  -2  -2  10 -11   3  -4   1 -12  -2  -8  -8
z_class108787416      34:   -3  -7   5   4  -6   6  10   3  13  -2   5   8   9  -2  -1   7   6  14  -1   3   5   8   9   4   5   7  -3  -4  -1 -18 -24  76  -8 100 -16  23 -33  -8   0  -1  -7  -6  -6   8 -11  -5 -15   1  -5  -4  -8   6  -4  10  -4  -6   1  -8  -2   2  -7   6   6  15  15  -2 -13 -16   3  11   9   0 -16  -6  -4  -0  -1   4   5  -4   1  -6  -2   3  -6  -6   1   8   6   3  -1   0   1   1  -1  -0   2   0   1  -0   1   1  -1  -8   1   1  -3   5  -0   2   2  -0  -2  -3  -3
x_class108789432      35:    4  -1   0   8   2   7  13 -15  -1  18 -10  -1  -1   4  -7  -5  -5  11 -12  -9 -13  -5   1   7   6   8  -0 -14   5   3 -27  15   6 -16 100   3  66 -16  -2   3  16  -9 -10  -6 -12  -1  -3  14 -18  -2  -3  -3   1   4   5   4   1  -0   2  -9  -3   5  -4   3  -6   4   7   7  -7  -7   5   6   9  -2  -5  -0  -3   1   1  -4  -1  -2   1   1  -3  11  -9  -7  -4   2   1  -4   1  -4  -2  -2  -1   1   0  -2   1   1   5   1  -1   2  -5  -7  -1   8   5 -10 -11  -6  -6
y_class108812008      36:    1 -11  -2  -4  -4  -8   8   1  -1   2  -5   0  -2  -9   4  25  22   8   5   3   3  15   4   4   6  43  -3  50 -26   7 -48  11 -36  23   3 100   8 -14   3   2   3 -11 -12  -2  -9   2 -14   8 -10  -1 -11  -9  10   9  -2  -2  11  -1  11  -7   4  -3  -1  -0   8  10  -4  -7  -3   2  12  -0  -1 -12  -3  -1  -1   3   4   1 -10  -5  -1  -2  -5  -6  -0   2   0  -0   0  -1   0  -0  -0  -1  -4   0   1  -1   1   0   4  -0   2   5   6   7  -2   2   2   6  -2  12  12
z_class108812904      37:   11  -3 -11   2   8  -4   3 -16  -8   9  -7  -3  -7   6  -8  -2  -1  -6 -17  -5 -15  -8  -5  -4  -9  29   8  29  30  18   7 -19   1 -33  66   8 100 -14  -1   3  25  -6  -8   4  -9 -10  -6  18 -27  -5  -1   0   2  -7   3   4   7  -9   7  -9   9  -5  -8   2  -9  12  -5  13  -5  -2  10   4   3 -11  -3  -1  -2  -1  -1  -1  -5  -2   0   5  -1  12  -9  -8  -6  -2   1  -1  -0  -2  -1  -1  -0  -1  -0  -1   0   0   4   4  -3  -1  -1  -7  -5   5   4 -12 -13   4   1
scale108829536        38:  -29   7  36 -19  -9  20   2   1   8   0  -4  -3  -2  -2  -0  -2  -2   1   4   5  -4   2  -4   0   3 -20  -2  -3   0  -2  12 -13   1  -8 -16 -14 -14 100   9  -5  13  27  52  37  38 -19  15  -5  11  -3   6   7   5   1   2   2  -8 -21  -7   2  11  13  11  -6   8 -10   3  -5  -9  -3 -13  -4 -17  16   5  -1  -1  -4  -6   4   3  -2   8   6   1   6   0   1   4 -28  -4   2   2   5  12   2   1  -0   0   0  -2  -2 -12  -1   8   0   6   4   2  -8  -4 -12   5   6   2
a_lp108805408         39:   -1  -2   4  -0  -6   8  -1  -0  -0   5   0  -1  -1  -6  -3  -2  -2   8  -1  -1  -1  -2  -0   2   3  -6  -8   3  -1  -7  -3   1  -8   0  -2   3  -1   9 100 -74   9   0   3   1  10   2   1   3  -6  -9 -15  -2   7  -8   6   8 -12  -6   2   3   6   7   1   3   1   1  -9   1   2  -3   2  -3  -1  -3   0  -5  -6  -1  -0  -1   1  -8   9   3  -8   1   0   1   1 -17   0   3  -1  -2   5  -0   0  -2  -1   5  -2  -2  14   6  -7   0  -2   1  17  -3  -1   1   7   6   6
c_lp108804000         40:   -1   4  -1  -1   7  -8   1   4  -2  -5   1   4   3  10   6   3   4  -9   6   4   2   4   3  -4  -6  14   6  -0  -1   4  -0  -3   6  -1   3   2   3  -5 -74 100  -4   1   0   3 -12  -4  -2  -2   2   7  -2  -3   4   7   2   4  12   8  -0  -4  -1  -8  -1  -3   2  -3   8   0  -8  -1 -11   6   3  10  -1   4   6   2   1   2  -6  12  -7  -8   7   4   4  -2  -2   9   0  -0   2   5  -3  -1  -0   3   1  -7   1   1  -4   2   4   3   6   1 -20   1   2  -4  -5  -6  -5
po1_4                 41:    3  -7   2   1  -2   8   0  -4 -16  -5  -1   1  -2  10   5  -2   1   0  -6   2  -9  -2 -17   9   5   9   3   8  -3  12  -2  -2  -9  -7  16   3  25  13   9  -4 100  -2   2  20   7 -29  14  31 -76 -15   0   4   7 -15  14  15 -12 -13  13   0  10   0   2 -25 -15  -0   6  20   6 -23   7 -18  20  -6  -7  -0  -4   4   5  -7 -15 -13   3  13  -6   1  -1  -3  -2 -13   3  -1  -2 -12   4   0  13   3  -3  -2  -6  -3   8   6  -4  -2   0   1   1  -0  -0   0  11   4   3
ph4cs                 42:   -2  -2  12   3 -14  16 -16   2   7   1  -4  -2  -1  -7   1  -5  -6  -9   1   7   2   1   6   4   2  -8  -6  -4   1  -7  10  -6   2  -6  -9 -11  -6  27   0   1  -2 100  93  26  23  -1  34  -0  28  -3  -5  -1   4  -1   9  10  -3  -0  -4   7  15   1  11  -3   2 -10  -7   6  -9   0  -9   9 -11   9   5   1  -2  -2  -4   8   6   1  -1  -4   6  -2   3  -0  -2   5   1  -1  -2  -2   2   4  11  -0   1  -0  -6  -5   7   1  -2  -0   9   3   0  -7  -2 -11  -0   1  -0
ph4str                43:  -11   0  20  -4 -14  18 -12   2   8   1  -5  -3  -2  -6   2  -6  -7  -8   2   9   1   2   6   3   2 -10  -5  -4   1  -6  11  -7   2  -6 -10 -12  -8  52   3   0   2  93 100  27  24  -3  36  -1  28  -2  -4   1   4   1  10  10  -4  -5  -6   5  14   6  10  -4   3  -9  -4   4 -10  -3 -10   7 -13  11   4  -1  -4  -2  -4   8   8  -1  -2  -1   5  -1   4  -1  -1  -9  -3   1  -0  -0   6   4  11  -1   1   0  -6  -5  -0   1   1   1  10   3   0  -7  -2 -11   1   1  -0
z_class108811336      44:   -5  -7  14  -8 -11  20  -7   2  13   2  -3   6   4  -3 -14  -3  -3  -6   7   6  -4   3 -12   3  -1   4  -7   5   6 -18   9  -3   3   8  -6  -2   4  37   1   3  20  26  27 100 -17 -60 -18  14 -38 -12 -19   1  22 -10   4  -0  12 -20  22   3  22 -11  28  21  16 -20  -1  -8 -10  23 -11   9 -17   6   1   1  -2  -1  -1   1  -7  -7  -4  11  -0   5   2   1   3 -10  -0  -0  -1 -13   1  -1  -2  -1   2  -1   1  -0  18   2 -13  -9   6   5  -6 -11  -3 -22   6   7   2
x_class108809320      45:   -6   6   9  -0  -5   7  -5  -1   8   1  -2  -5  -2  -9   6   8   6  -4  -1  -3  -3  -1  -5   3   4 -24  -4  -9  -1   4   7 -11   6 -11 -12  -9  -9  38  10 -12   7  23  24 -17 100   5  -2 -21  20  -2  -3   8  -7   2  -1  -1 -15  -7 -13  13   1   5   5 -28  -2  -1 -15   3  15 -19  -1 -10 -13  -1   1   1   4  -3  -7   2   2   2  12   5   6  -7  -1  -0   0   5   2   1  -1   3  -2  -1   7   2  -2   1  -4  -2   4  -2   0   2  -4   9   7  -4  -4  -8   4  12   9
y_class108809992      46:   15  -3 -12   9   6 -14  -4   3   1   4   0  -5  -2  -3  13   2   1  -2  -1  -1   9   1  18  -6  -2  -5  -4  -7 -11   2  -9   0   1  -5  -1   2 -10 -19   2  -4 -29  -1  -3 -60   5 100  16  -4  44 -19   5  -8   3   5   6   3 -11  27  -5   1 -12   2 -14  -4 -12  10 -20   4  -2  -4  -2   2 -16   6   4   0  11   3   2   4   8  12   1 -18   4   4   3  -2  -1  14  -1  -1   2   6  -1   3  -4  -0   0   0   1   0 -19   1   9   3   7  -5   9  -2  -1  21  -7  -9  -3
x_class108809544      47:   -4  -1  14   2 -14  18  -9  -2  -7  -1  -1 -10 -10  -1   6  -9 -10  -5  -3   3  -2  -4   9   7   7  -8   4  -2  -1  13   8  -6  -8 -15  -3 -14  -6  15   1  -2  14  34  36 -18  -2  16 100  11  19  12  17   7 -14   2  -4   1 -11  -9 -20   5   8  19   1 -17  -1  -8  17   7  -6  -9   5  -4  21   2  -2   2  -2   2  -1  -0  10   2   7  -6  -2  -3  -2   2  -0   1  -1  -1   1  -2   1   2   9   0  -1   0  -4  -2  -4  -1   5   3   7  -8   6  -4  -4   9  -3  -7  -4
y_class108809768      48:   19  -9  -9  16  -5   3   7  -8   8  10  -6  -6  -3   1  -5  -5  -8  -3  -7  -5  -6  -2   3   3  -0  12 -10   3  -5 -11  -1   8   1   1  14   8  18  -5   3  -2  31  -0  -1  14 -21  -4  11 100 -29 -16  10   2   1 -10  10  12   4   5  23  -8  30 -10   7  -5  -9   2  -7   9 -19   3 -12  16  15  14  -8   6  20   7   3 -13  -9  13  19   0  -2  10  -6   3   4   1  -1  -1   3  -0  -1  -1   3  -1  -1   0  -3  -2  -9   6  -5 -10 -14  -4  -1   4  -5   7   1  -7  -4
z_class108811560      49:   -5   7   4   3  -6  -1  -8   3  11   2   1  -4  -1 -10   5   1  -2  -4   3  -0   7  -1  20  -4  -1 -17  -1 -11  -1  -4   5  -6   6  -5 -18 -10 -27  11  -6   2 -76  28  28 -38  20  44  19 -29 100  14   8  -9  -6  14 -11 -10  -1  15 -26   4  -7   9  -5   5   6  -1  -6  -6  -7   6  -8  14 -15  10   9   1   6  -5  -7  10  17  15   3 -16  10  -4   1   3   1   9  -2   0   2  14  -1   1  -3  -1   1   2   1   0 -13  -5  10   6   1  -2   4  -0  -2  -0 -11  -6  -5
scale108900352        50:  -55  23  44 -47  13   2   7  -5   0  -1   3  11   8 -20   4  -3  -7  -2   0  -3  -5   1  -3  -4  -4  11  17   8  17  11  12  -6   5  -4  -2  -1  -5  -3  -9   7 -15  -3  -2 -12  -2 -19  12 -16  14 100   7   4 -15  11 -37 -13  27   0 -19 -11  -9  17  11  -4  21  -6  52 -13  12   0  18 -15  31 -21   2   2  -3  -2  -5   3   4   5   6  -0   3 -11  -8  -3  -6  -5   1   0   0  -1  -0  -2   2   0   0  -0   1   1  15   8   3  10  27   3  -2  -6   5  -4 -10  -3  -4
a_lp108801536         51:   -0   2   3   2   5   0  10  -8  -8  -3  -1  -8  -7   5   5  -9 -12   2  -9  -7  -2  -0  -5   2   4 -12   8   4   5  16   9  -3  -4  -8  -3 -11  -1   6 -15  -2   0  -5  -4 -19  -3   5  17  10   8   7 100  10 -25 -18 -10 -10   7  -6  -6 -17  -8   5 -13  -9 -21   9  20   9  -4   7   7   0   9   4   7   3  13  -3  -1  -2  -1   3   5   0   9  -5 -15   0  -1  -8   2   0   1  21   8   5  -1  -1   0   0   0  -0 -17  -0   5  -4  -7 -15  -0   1  -7  18  -0  -6  -6
b_lp108802592         52:   -4   4   3  -4  -0   4  -3 -11   2  -0  -3  -0   0  -1  -2  -6  -7   1 -12 -13  -6  -4  -3  -5  -5  -6   6  -3   9   4   3   7   2   6  -3  -9   0   7  -2  -3   4  -1   1   1   8  -8   7   2  -9   4  10 100 -87  -5  -7  -3  -5  -7  -7   8   5   5   2 -15   4  -7  -2  -6   7   3  10  -6  -3 -10   2  -3   4   0  -0   1   1   3   3   0  -3  -4 -13   3   2   6  -1   1   2   7   0   2  -5  -4   1   3   3   2  -4 -19  -6 -10  -1   1 -14  -5  -2   2  -1   2   2
c_lp108801712         53:    3  -6   1   1  -1   0   2  12   1   2   3   1  -0   3  -0   6   8  -3  14  14   7   7  -0   5   4   7 -10   5  -9  -8  -4  -7  -1  -4   1  10   2   5   7   4   7   4   4  22  -7   3 -14   1  -6 -15 -25 -87 100  -7  12   7   5  -1  19  -6   4 -12   7  18   1  -1  -3   1  -7   5 -13   2  -3  11   1  -1  -4  -0   1   3  -7  -6  -3  -0  -0   7  14  -3  -1  -7   1  -1  -2 -10   1  -1   2   4   0  -3  -2  -2   6  17  -0   4   5   1  12   1   1  -6   4   1  -0
be_lp108802064        54:  -12  -4  17  -6   4  -4  13   3   7  10  -8   6   6  -9  -1   7   4   8   2  -0   1  -6  21  -2  -0  -1  13  -6   3   8  -0   8  12  10   4   9  -7   1  -8   7 -15  -1   1 -10   2   5   2 -10  14  11 -18  -5  -7 100   1  -5  11   4  -2   4 -14  11   1   0  12  -3   7 -16  -8   2  10  -3 -10   4 -15   3 -10   6   6 -14  -1  -3  -9   8  -7   1   6   3   3   5  -2   1   1  -5  -5  -4  -4   1   1  -2   4   3  -6   6   3   2  10   9  -4  -3   4   3  -1  -1   2
ph5cs                 55:   18 -17 -12  16  -4  -3   0  -0  -2   6  -5 -10  -9  14   1  -3   1   3  -1   3  -5  -1  -5   4   3 -10 -12  -4  -5  -4  -0  -0   2  -4   5  -2   3   2   6   2  14   9  10   4  -1   6  -4  10 -11 -37 -10  -7  12   1 100  91  -8   7  29  -8  -0 -14 -15   6  -0  18  -6  -8 -12 -20  -8  10   4  13  -7   2   2   3   7 -16  -4   6 -19  -1  13   8   4  -7  -7  -9   2  -2  -4  -8   3  -0   6   1  -1  -0  -3  -2  -0  19  -6  -7 -14  -0   0   4  -5   5   9   3   4
ph5str                56:    4 -10   1   2   1  -5   2  -1  -8   7  -4  -4  -5  12   5  -4  -1   2  -1   4  -7  -1  -7   1   1  -6 -10  -1  -3  -6   3  -3   2  -6   4  -2   4   2   8   4  15  10  10  -0  -1   3   1  12 -10 -13 -10  -3   7  -5  91 100  -9  11  29  -7   5 -13 -18   2   6  22  -2 -10 -11 -18 -10   6  16  14  -2   2   3   3   7  -7 -13   4 -14  -6   5  11   3 -10  -8 -10   3  -2  -4  -9   2  -1   6   1  -1  -0  -3  -2   2  23  -7  -6  -5   2  -2   2  -4   5   9   2   2
x_class108810216      57:  -19  -6  18 -21  10   1  23   1  30   7 -10  -0   3  -5  -0   2  -1  -7   2   2  -1   3  -0  -9 -10   6   1   6  11  -5   2  -4  12   1   1  11   7  -8 -12  12 -12  -3  -4  12 -15 -11 -11   4  -1  27   7  -5   5  11  -8  -9 100  -3  19 -70  -0 -23   4   2  20   5  14 -16 -19  13   6  15   4 -13 -15   3  -4   8   6 -10 -14  -3  -9  12  -1  -7  -5   6   3  -8  -0   1   0  -5  -0  -2  -4  -1   2  -2   2   1  17  -1  -9  -3   9   5  -6  -4  -1   5  -6  -1   0
y_class108810440      58:    7   6 -11   5  11 -24 -17   2  10   6  -4   3   8 -12  15  -4  -7  -6  -2  -3   5  -1   6  -8  -8   7   6  -4  -4   1  -3  -7   5  -8  -0  -1  -9 -21  -6   8 -13  -0  -5 -20  -7  27  -9   5  15   0  -6  -7  -1   4   7  11  -3 100  14   5   3 -25  -5 -30 -32   0   1  32   0 -29 -26  -4  16  25   2  -0   6   3   3   8  -5   8   1 -15  -1  -3   2   0  -4   7   1   0  -3  -2  -3  -1   1   0  -1  -0  -3  -3  -7   7  -3  -6   7  -0   2   2   5   2   1 -10  -8
z_class108811784      59:   13  -7  -3   3  12  -8   2   1   2   2  -4  -4  -5   1  -4   4   5  -7   8  -3   1   6  -6  -1  -3  -1 -11  10   1  -5 -10  -3  -9  -2   2  11   7  -7   2  -0  13  -4  -6  22 -13  -5 -20  23 -26 -19  -6  -7  19  -2  29  29  19  14 100 -27  34 -77   3   6 -11  16   2  -3  15  -8  -2 -18  22   2   2  -1  -3   0   2   9 -15 -15   2   9 -15   0   2   2   1  -5   1  -2  -0 -10   0  -1  -4   1   2  -1  -1  -2   5  13 -16 -17   3   7  -7  -3  -4  17  15   9  10
x_class108813352      60:   17  -0 -15  10 -10  -0 -32   2  -5  -2   5  15  14  -0   0  -7  -6  -8   0  -6   2  -6   5  -0  -2   2  15 -11  -5   2   5  -4  10   2  -9  -7  -9   2   3  -4   0   7   5   3  13   1   5  -8   4 -11 -17   8  -6   4  -8  -7 -70   5 -27 100 -12   9   2 -13  -6 -14  -7   4  12  14  -9 -14  -7   5  14  -1   8  -5  -2  10   6   3   1 -11   3   8   7  -4   0   7   0   1  -0  11   2   3  -1   2  -1   1   0  -0 -17  -5   5  -2  -8  -6   3  -1  -0 -11   5  -3  -5
y_class108813576      61:    6   3  -3  -2   5  -5 -11   3  -9  -4   6  -1  -5   3  -1   6   6  -9   4   3   5   5  -2 -11 -11   7 -11   7   6 -11  -1   2  -2  -7  -3   4   9  11   6  -1  10  15  14  22   1 -12   8  30  -7  -9  -8   5   4 -14  -0   5  -0   3  34 -12 100 -19  15 -17   7  -4 -12   0   1  -4  -6  -2  13  -0  -0  -1   3   2   0   5  -4   9   2 -10  -1 -10   1   0  -5   1   0  -0  -1  -6  -2  -1   5  -0   0  -0  -5  -4  10   2 -11  -8  11   1  -7  -3  -0 -10   4   1  -2
z_class108814472      62:  -15   5  17  -3 -14  13  12  -4 -10   1   5  -1  -3  -1   2  -0  -0  16  -7   5  -6  -3   3   9  11   2   5  -3   4   3   9  14  -0   6   5  -3  -5  13   7  -8   0   1   6 -11   5   2  19 -10   9  17   5   5 -12  11 -14 -13 -23 -25 -77   9 -19 100   8   5  22 -15  11  -8 -20   5  15  15 -12  -4   4   2   2  -4  -5  -1  15  14   1 -10  11  -3  -4  -2  -2   5  -1  -0   2   2  -2  -0   9  -0  -1   0  -0   2  -1  -0  11  14   1  -3   8  -1   1 -14 -13  -6  -7
x_class108813800      63:    8   9   4   3   1   6  -8  -2   5   2  -3   1  -0 -24   1   2   0 -10   7   1  -8   1   1   1  -3   1 -13  -4   2 -16  -2  13  -2   6  -4  -1  -8  11   1  -1   2  11  10  28   5 -14   1   7  -5  11 -13   2   7   1 -15 -18   4  -5   3   2  15   8 100  -2  19 -88  -1  -9  10   7   3  -7  -3  -7  -0   1   3  -2  -6  -2   7  15   8   0  -2 -24  -7   8   0   1  -0  -1   2  -2  -1  -0  -3  -1   0   2   2   1   9  -6  -3   0  16  13  -2 -11   1 -16  -6   0  -3
y_class108810888      64:  -16   3  11  -4  -7  21   8   2   5   1   7  -4  -6  -1 -18   2   3  14   4   4  -1   1   4  -1   2  -6 -15  -3   1 -14  -3   9   0  15   3  -0   2  -6   3  -3 -25  -3  -4  21 -28  -4 -17  -5   5  -4  -9 -15  18   0   6   2   2 -30   6 -13 -17   5  -2 100   1   5 -14  -9  -3  35 -12  13 -27  17   1   1  -0  -3  -3  -6   9  -7  -2  15   4  23   4  -3   5  -4  -0  -2   2 -10  -1  -1 -10  -2   2   0   5   3  12   6  -2   3  13   2  -6  -6  -0   0  -3   3   4
z_class108811112      65:  -18  -9  20 -21  -8   1  13   1   0   1   4   7   4   4  -1   8   9  10   5   4  -2   0   6  -2  -1   8  -3  -0   3  -9   5  11   5  15  -6   8  -9   8   1   2 -15   2   3  16  -2 -12  -1  -9   6  21 -21   4   1  12  -0   6  20 -32 -11  -6   7  22  19   1 100 -16  14 -91  -2  12  15   1  -4 -20  -1  -0   5   5   4  -3   1  -0   4  -8  -3   1  -0  -1   1   2  -2   0   2  -5  -4  -2  -6  -0   2  -0   5   3  12  -7   2  10   1   4  -1  -3  -3 -12  -9  -5  -7
x_class108816488      66:   -3 -16   1  -6   9 -10  18   0  -1  -1  -1  -1  -1  16  -2   6   6   5  -4  -1   7   5  -4   1   3  -1   9  12   3  12   0  -8   0  -2   4  10  12 -10   1  -3  -0 -10  -9 -20  -1  10  -8   2  -1  -6   9  -7  -1  -3  18  22   5   0  16 -14  -4 -15 -88   5 -16 100  -5   7  -9 -10   5   2   3  -1  -2  -1  -2   4   6   4 -10 -16  -9   3   2  18   5  -7  -1   3  -0   1  -1   6  -1  -0   6   1   0  -2  -3  -1 -18   9   6  -1 -12  -6   0   9  -3  19   8   6  10
y_class108816936      67:  -19   7  23 -18   5   1  12  -5  -5  -1   4  -3  -3   4  -3 -13 -13  -0   2  -6  -6  -1  -6  10   7   5  25   2  12  24  10  -6   1 -13   7  -4  -5   3  -9   8   6  -7  -4  -1 -15 -20  17  -7  -6  52  20  -2  -3   7  -6  -2  14   1   2  -7 -12  11  -1 -14  14  -5 100 -19  -2 -26  12 -14  58 -10   6   1  -6  -7  -6   5   2   1   8  -3   2 -11  -9  -1  -5 -13   3  -2   0  -6   3   0   6   2   1  -2  -1   0   9  16  -1   2  -7 -12   3   5  -1  -1  -5  -6  -7
z_class108816712      68:   15  12 -17  20   7  -2 -14  -0   0  -1  -4  -4  -1 -11   5  -7  -8 -13  -5   2   0  -0  -7   1  -2   1   2   4  -0   3  -2 -11  -5 -16   7  -7  13  -5   1   0  20   6   4  -8   3   4   7   9  -6 -13   9  -6   1 -16  -8 -10 -16  32  -3   4   0  -8  -9  -9 -91   7 -19 100  -4 -17 -13   4  -1  14   1   0  -9  -6  -7   8  -4   0  -0   7  -2  -5   0   3  -1  -2   2   0  -3   0   1  -0   8   1  -2  -0  -6  -4  -3   6  -3  -5   5  -0   3   1   4   2   4   5   5
x_class108817160      69:   -9  17  -8  -2   0   3  -6  -2 -16  -7   6   2  -1 -15  -6   4   1   0  -1  -3  -0   2  -5  -3  -2  -2   3   6   4  16  -9  -1 -13   3  -7  -3  -5  -9   2  -8   6  -9 -10 -10  15  -2  -6 -19  -7  12  -4   7  -7  -8 -12 -11 -19   0  15  12   1 -20  10  -3  -2  -9  -2  -4 100  -5  39 -86  10 -41  -0  -2   6   3   2  -2  10  -3   4  -3   3 -14   1  -3  -5   4   0   0   1   1  -1   1  -4  -1   0   2   1   0   6  -2  -0   1  12   0   2  -2   4  15  11   6   6
y_class108915608      70:   -7   2   7  -5  -5  16   2   0  13   4   6   5   3  -0  -7  -1  -1  -6   2  -3   3   2   2   0  -0  -0  -6  -2  -0 -14   3   3  11  11  -7   2  -2  -3  -3  -1 -23   0  -3  23 -19  -4  -9   3   6   0   7   3   5   2 -20 -18  13 -29  -8  14  -4   5   7  35  12 -10 -26 -17  -5 100  -4   7 -21   3   6   1  13   2   4  -1  -4  -1  -2   1  -2  15   1   1   7   1  -1   1   1   4   1   2 -13  -1   2   0   6   3   1  -8  -3  -4  11   1  -8  -9  -2   1  -2  -2  -2
z_class108920984      71:   -2  -7   2  -6  -7   5  10  -3 -12  -4   2  -0  -4 -15  -3  11   4  12  -3  -1  -1   4  -4  -1   3   7   9  20  16  20  -6   6 -16   9   5  12  10 -13   2 -11   7  -9 -10 -11  -1  -2   5 -12  -8  18   7  10 -13  10  -8 -10   6 -26  -2  -9  -6  15   3 -12  15   5  12 -13  39  -4 100 -37   4 -92  -3  -3  -5  -1  -2  -4   9  -2  -1   6  -2 -30  -3  10   1   4   1  -1   2   7  -0   0   6   1   1  -1  -1   0  -8   0  10   8   1  -1   6  -4  -4  20   5   8  10
x_class108918744      72:   13 -11  -7  10 -10   1 -10   2  19   4  -3  -7  -1  12   1  -1   1   1  -1   3   1  -3   5   4   2   2 -13  -8  -5 -23   8   4  10   0   6  -0   4  -4  -3   6 -18   9   7   9 -10   2  -4  16  14 -15   0  -6   2  -3  10   6  15  -4 -18 -14  -2  15  -7  13   1   2 -14   4 -86   7 -37 100 -23  36  -0   3  -2  -4  -4  -3  -1   6  -5   5   5  10  -2   2   3  -9  -0   0  -1  -4   1  -1   4  -1  -1  -0  -1   0  10  -2  -6  -1 -19  -2  -1   4  -4 -20 -15  -7  -8
y_class108917624      73:    3   2  -0  -1   4  -1  13  -2 -24  -4   4  -5  -9  13  -3 -10  -6  -1   2  -5  -7  -3 -11  10   8   6   6   4   1  15   0  -6 -12 -16   9  -1   3 -17  -1   3  20 -11 -13 -17 -13 -16  21  15 -15  31   9  -3  -3 -10   4  16   4  16  22  -7  13 -12  -3 -27  -4   3  58  -1  10 -21   4 -23 100  -6  -5   1  -6   2   0  -3   4   3   7  -6  -3  -6  -4  -1  -4  -6   4  -3  -0  -5   2   1  10   2  -2  -0  -4  -2   4  12  -5  -4 -16  -5  -1  11  -0   4   3  -3  -4
z_class108921432      74:   -0   7   3  11   8  -8   0   1   7   5  -3  -4  -1  15   3 -10  -4  -4   0   1   0  -5   9   5   3 -12  -8 -19 -16 -12   6  -1  13  -6  -2 -12 -11  16  -3  10  -6   9  11   6  -1   6   2  14  10 -21   4 -10  11   4  13  14 -13  25   2   5  -0  -4  -7  17 -20  -1 -10  14 -41   3 -92  36  -6 100   2   3   2   0   2   1  -7  -3   0  -1  -0  32   2 -10  -0  -5  -1  -0  -1  -7   0  -1  -5  -1  -1   0   1   0   0   3  -8  -9   0   1  -6   4   3 -13  -4  -9  -9
scale108974784        75:   -3  28   9  -9   7   1 -13  -4   4  -1   5  -3  -2  -3   2  -2  -3  -2  -1  -3  -3   1  -3  -2  -1   1   3   3   4   0   3  -4  -0  -4  -5  -3  -3   5   0  -1  -7   5   4   1   1   4  -2  -8   9   2   7   2   1 -15  -7  -2 -15   2   2  14  -0   4  -0   1  -1  -2   6   1  -0   6  -3  -0  -5   2 100  -6  39 -65 -57  64  27  29  34 -15  29   1  -4   2   2  -3   0   1   1  10   2   1  -1   0   1   0   0  -0   4   1   1   1   6  -5   5 -11  -9  -4  -1   1  -1
a_lp108939912         76:    0  -0   0   1  -1   1   1   2   1   0  -0  -1  -0   1   0  -1  -1  -1   2   2   0   0  -0   0   0  -1  -0  -2  -0  -1   1  -0   2  -0  -0  -1  -1  -1  -5   4  -0   1  -1   1   1   0   2   6   1   2   3  -3  -1   3   2   2   3  -0  -1  -1  -1   2   1   1  -0  -1   1   0  -2   1  -3   3   1   3  -6 100   5   8   5  -3   2   3  -5   1   2   1   2  -0  -0   6   3  -5   7 -10   3   4  -0   1  -0  -1   0  -1  -1   5  -0  -1   0  -1   1  -1  -0  -0   0   0  -0
po1_6                 77:    0   7  -3   2  -4   0  -4  -3   7   2   1  -1   1  -2   0  -2  -5  -4  -1  -3  -1   3  -4  -3  -4   2  -2   1  -2  -3  -1  -2  -0  -1  -3  -1  -2  -1  -6   6  -4  -2  -4  -2   4  11  -2  20   6  -3  13   4  -4 -10   2   3  -4   6  -3   8   3   2   3  -0   5  -2  -6  -9   6  13  -5  -2  -6   2  39   5 100  -1  -4   6   6  60   4 -36  49   2  -2   1   0  14  -7   3  10  -9  -9  -3  -1  -1   1   0  -0  -1   1  -1  -1  -0  -1  -5   1  -3  -4  -2  -3  -2  -4
ph6cs                 78:   -2 -20  -5   4  -9  -2   8   4  -2   2  -3   5   4   2   1   1   1   0   1   3   4   1   1  -0  -1   1  -1  -1  -5  -2  -4   3  -1   4   1   3  -1  -4  -1   2   4  -2  -2  -1  -3   3   2   7  -5  -2  -3   0  -0   6   3   3   8   3   0  -5   2  -4  -2  -3   5   4  -7  -6   3   2  -1  -4   2   0 -65   8  -1 100  94 -41 -21 -16 -26 -15 -14   0   3  -3  -3   7  -1  -0  -3 -10  -1   3  -1   0   0  -1   0   0  -4  -0  -1  -2  -1   3  -3   5   4   3   0  -2  -1
ph6str                79:   -6 -23  -3   2  -9  -3   9   5  -1   1  -3   6   6   4   3   1   2   3   2   4   5   2   1  -1  -1   2  -0  -1  -6  -1  -5   3  -2   5   1   4  -1  -6  -0   1   5  -4  -4  -1  -7   2  -1   3  -7  -5  -1  -0   1   6   7   7   6   3   2  -2   0  -5  -6  -3   4   6  -6  -7   2   4  -2  -4   0   2 -57   5  -4  94 100 -43 -26 -21 -30 -17 -16   2   4  -4  -5   5  -1   1  -4  -6   1   4  -1   0   0  -0   0  -0  -5   2  -2  -4  -0   3  -4   5   4   4   1  -3  -2
beq108940792          80:    6  23   5  -6  10  -5 -13  -2  -0   1   1   4   3  -4   3  -3  -3 -12  -0   0  -2   1  -1  -2  -4   3   6   3   2  -3   1  -4   3  -4  -4   1  -1   4  -1   2  -7   8   8   1   2   4  -0 -13  10   3  -2   1   3 -14 -16  -7 -10   8   9  10   5  -1  -2  -6  -3   4   5   8  -2  -1  -4  -3  -3   1  64  -3   6 -41 -43 100  -3 -12  18 -20  10  -0  -1   5   5   5  -2  -1   3   0  -2  -0   0   1   2  -2  -0  -0   2   2  -2  -1  10  -7   6  -6  -3  -0   2   1   1
beq108937800          81:    4  14  -8  -1  -9   9 -12  -5  -3  -7   7 -13 -14  -1  -9   1   1   4  -2  -5  -1   1   3   5   7  -8  -1  -5   5   7   3   4  -3   1  -1 -10  -5   3   1  -6 -15   6   8  -7   2   8  10  -9  17   4  -1   1  -7  -1  -4 -13 -14  -5 -15   6  -4  15   7   9   1 -10   2  -4  10  -4   9  -1   4  -7  27   2   6 -21 -26  -3 100  17  26  -9  21  -7  -5  -1  -3   7  -3  -0   7   3  -2   2   3  -2  -0   3   1   1  -4  -9   6   6  -4  -6   4  -1  -1 -11  -5   5   2
beq108938504          82:    6  11  -7   3   1  -0  -7  -1   2   1   1  -4  -3  -3   2  -5  -5  -3   1  -2  -3   0  -3  -2  -3   2  -3  -1   2  -3   2  -3   0  -6  -2  -5  -2  -2  -8  12 -13   1  -1  -7   2  12   2  13  15   5   3   3  -6  -3   6   4  -3   8 -15   3   9  14  15  -7  -0 -16   1   0  -3  -1  -2   6   3  -3  29   3  60 -16 -21 -12  17 100  -5 -27  40  -2   0   0  -1   6  -2   0   4  -1  -3  -2   1  -0  -1   2  -0  -1   4  -2   3   7  -5  -1  -0  -3  -5 -10  -6  -0  -2
beq108942376          83:   -2  20   8   3   0  10  -2  -9  -1  -2   4  -6  -6  -2  -3  -1  -1   2  -4  -8  -5  -2   0   4   5   5  -0   4   5   4   3  -1  -5  -2   1  -1   0   8   9  -7   3  -1  -2  -4  12   1   7  19   3   6   5   3  -3  -9 -19 -14  -9   1   2   1   2   1   8  -2   4  -9   8  -0   4  -2  -1  -5   7   0  34  -5   4 -26 -30  18  26  -5 100 -26 -25   0  -9   4   5  -6   3  -2  -3   8   3  -0  -1   1   0   0   0  -0   7  -4   1   4   2  -1   3  -1  -1  -1  -2  -0  -0
beq108942728          84:    2  -3   4  -3  12   1  10  -1   3   0  -2  -4  -3  -8  -4   5   3   4  -1  -3  -3  -3   1   3   4 -11  -4  -3   3   0   4   2   5   3   1  -2   5   6   3  -8  13  -4  -1  11   5 -18  -6   0 -16  -0   0   0  -0   8  -1  -6  12 -15   9 -11 -10 -10   0  15  -8   3  -3   7  -3   1   6   5  -6  -1 -15   1 -36 -15 -17 -20  -9 -27 -26 100 -21   2  -1   5   7  -9   1  -1   2  -4   2  -1  -2   0  -1   0   0   1   1   1  -0  -1  -3  10  -2  -5  -4   6   5   6   7
beq108942552          85:    1   6  -8  -2  -3   4 -15  -0   5  -1   1  -6  -6   3  -8  -2  -2  -6  -2   1  -2  -0  -3  -3  -4  -1  -1  -2   1  -0   5  -4   5  -6  -3  -5  -1   1  -8   7  -6   6   5  -0   6   4  -2  -2  10   3   9  -3  -0  -7  13   5  -1  -1 -15   3  -1  11  -2   4  -3   2   2  -2   3  -2  -2   5  -3  -0  29   2  49 -14 -16  10  21  40 -25 -21 100  -4  -0  -2  -4  -6   1  -0  -2   8   4   2   6  -2  -0   1  -2  -1   3   1   4   5  -2 -12   4  -1  -2  -7  -4  -4  -5
scale109021096        86:  -18  -6   9 -12  -3   3   5   1   4   8  -4   1   2   6  -1  -5  -4   6  -1   0   2  -3   7  -6  -4   3  -8  -5  -7  -1   5  -9  12  -6  11  -6  12   6   1   4   1  -2  -1   5  -7   4  -3  10  -4 -11  -5  -4   7   1   8  11  -7  -3   0   8 -10  -3 -24  23   1  18 -11  -5 -14  15 -30  10  -6  32   1   1   2   0   2  -0  -7  -2   0   2  -4 100   8   1  25   2  -1   0   0  -4  -1  -1 -19  -0  -0  -1   7   4   1   2   0   1   7  -2  -2  -2   0 -10  -7  -3  -2
a_lp108943432         87:    0  -3  -3   1  -2   1  -3  78  -3  -5   6   5   4   1   3   9  10  -7  51  55  45   8  -4   1   1  -2  -6   1 -13  -3  -5  -5  -2   1  -9  -0  -9   0   0   4  -1   3   4   2  -1   3  -2  -6   1  -8 -15 -13  14   6   4   3  -5   2   2   7   1  -4  -7   4  -0   5  -9   0   1   1  -3  -2  -4   2  -4   2  -2   3   4  -1  -5   0  -9  -1  -0   8 100  -4  -2   1  -0   1  -1  -4  -1  -0  13   3   1   3  -5  -3   2   1   6   8   2   3   5  -1  -0   3  17  -4  -4
ph7cs                 88:    8  -9  -5   8  -6  -2   8  -1   1  -5   2   3   3  -3   1   0  -1   1   0  -4  -2  -1  -0   4   5  -0   1   0   0  -3  -0   4  -1   8  -7   2  -8   1   1  -2  -3  -0  -1   1  -0  -2   2   3   3  -3   0   3  -3   3  -7 -10   6   0   2  -4   0  -2   8  -3  -1  -7  -1   3  -3   1  10   2  -1 -10   2  -0   1  -3  -4   5  -1   0   4   5  -2   1  -4 100  92   2  -1   1   1   2  -1  -0  -8   0   0   0   4   3  -6  -5   2  -0  -6   2   0   1  -1   4   6   4   6
ph7str                89:   -1  -9   1   2  -8   1   9  -1   4  -4   2   3   4  -2   0  -0  -1   5  -1  -5  -3  -1   0   3   6  -1  -1  -2  -2  -2   0   0   2   6  -4   0  -6   4   1  -2  -2  -2  -1   3   0  -1  -0   4   1  -6  -1   2  -1   3  -7  -8   3  -4   1   0  -5  -2   0   5   1  -1  -5  -1  -5   7   1   3  -4  -0   2  -0   0  -3  -5   5  -3  -1   5   7  -4  25  -2  92 100   3  -2   1   1   2  -1  -0 -16   1   0   0   7   5  -5  -6   2   1  -3   2  -0  -0  -0   4   8   5   8
scale109052648        90:    5  -6  -4   1  -1  -5   2   0   3   0   1   5   6  -2   3   6   5   1  -1  -3   8   7   4  -3  -1 -12   0  -8  -4   0  -9   6  -1   3   2  -0  -2 -28 -17   9 -13   5  -9 -10   5  14   1   1   9  -5  -8   6  -7   5  -9 -10  -8   7  -5   7   1   5   1  -4   2   3 -13  -2   4   1   4  -9  -6  -5  -3   6  14   7   5   5   7   6  -6  -9  -6   2   1   2   3 100  -8   1  11  19 -40  -5  -4  -2   1  -0   2   1 -25 -25   5  -5   1   6  -2   3   4   2   5  10  10
a_lp109038800         91:    2   0  -1   2   1   1  -1  -1  -2  -0   0  -1  -1   2  -1  -0   0   0  -0  -1  -2  -2  -1   2   1   1  -1   1   0   0   0  -1  -1  -1   1   0   1  -4   0   0   3   1  -3  -0   2  -1  -1  -1  -2   1   2  -1   1  -2   2   3  -0   1   1   0   0  -1  -0  -0  -2  -0   3   2   0  -1   1  -0   4  -1   0   3  -7  -1  -1  -2  -3  -2   3   1   1  -1  -0  -1  -2  -8 100 -54  -2   3  25  21   1   0   2  -1   0   0   4   7   5   5  -1   1  -0  -1  -2   1   1  -1  -1
b_lp109038272         92:   -2  -1   0  -1  -0  -1  -1   1   2  -1   0   2   2  -0   1  -0  -0  -1  -0   2   3   2  -1  -2  -2   1   1   2   1  -0   3  -2   1   0  -4  -1  -1   2   3  -0  -1  -1   1  -0   1  -1  -1  -1   0   0   0   1  -1   1  -2  -2   1   0  -2   1  -0  -0  -1  -2   0   1  -2   0   0   1  -1   0  -3  -0   1  -5   3  -0   1  -1  -0   0  -2  -1  -0   0   1   1   1   1 -54 100 -50   4 -18 -21   0   0   1  -2  -1  -1  -1  -1  -1  -1   1  -2   1   0   1  -1   1  -0  -0
c_lp109039504         93:    0   1   0  -1  -1   1   2  -1   1  -0   0  -0  -0  -2   0   1   0   0   0  -3  -0   0   1   1   1  -2  -0  -1  -0   1  -2   2  -1   1   1   0  -0   2  -1   2  -2  -2  -0  -1  -1   2   1   3   2   0   1   2  -2   1  -4  -4   0  -3  -0  -0  -1   2   2   2   2  -1   0  -3   1   1   2  -1  -0  -1   1   7  10  -3  -4   3   7   4  -3   2  -2   0  -1   1   1  11  -2 -50 100  -4  -6   4  -2  -1  -1   2   1   0  -3  -5  -1  -2  -1   1  -1   0  -0  -0  -1   1   1
po1_8                 94:    6  -4  -5  -0   4  -5   1  -2   2  -5   1   4   4   5   2   1   2  -2  -2  -5   4   2   3  -3  -2  -7   6   1  -1   3  -1  -0  -0   1  -4  -0  -2   5  -2   5 -12  -2  -0 -13   3   6  -2  -0  14  -1  21   7 -10  -5  -8  -9  -5  -2 -10  11  -6   2  -2 -10  -5   6  -6   0   1   4   7  -4  -5  -7  10 -10  -9 -10  -6   0   3  -1   8  -4   8  -4  -4   2   2  19   3   4  -4 100  13  13  -3  -3  -0   2   1  -0 -41 -26  14  -4  -8  -2  -1   2  -1   4   4   4   3
ph8cs                 95:    2   1  -1   0   1   2  -2  -0  -3  -2   0  -1  -2   3  -1  -3  -2  -1   0   0  -3  -4  -1   1   0   4   1   3   0   1   3  -3  -0  -1  -2  -0  -1  12   5  -3   4   2   6   1  -2  -1   1  -1  -1  -0   8   0   1  -5   3   2  -0  -3   0   2  -2  -2  -1  -1  -4  -1   3   1  -1   1  -0   1   2   0   2   3  -9  -1   1  -2  -2  -3   3   2   4  -1  -1  -1  -1 -40  25 -18  -6  13 100  89   1   1   1   0  -0  -0  -2   4   7   5  -1  -4   2  -0  -1   0  -1  -4  -4
ph8str                96:    3  -0  -2   0   0   1  -2  -0  -2  -2   1   0  -0   2  -0  -1  -1  -1   0  -1  -1  -2   0   0  -0  -0   0   0  -1   1   0  -1  -1  -0  -2  -1  -1   2  -0  -1   0   4   4  -1  -1   3   2  -1   1  -2   5   2  -1  -4  -0  -1  -2  -1  -1   3  -1  -0  -0  -1  -2  -0   0  -0   1   2   0  -1   1  -1   1   4  -3   3   4  -0   2  -2  -0  -1   2  -1  -0  -0  -0  -5  21 -21   4  13  89 100  -0   1   2  -1   0   0  -8  -3   7   2  -1  -2   2   0   0   1   1  -2  -2
scale109102760        97:    4  -3  -1   7  -4   3  -5  -0   2  -1   1  -2  -2   8  -2   1   2 -33   1   2   2  -6   3   8  -6  -0   4  -2  -9   1   0   7   2   2  -1  -4  -0   1   0  -0  13  11  11  -2   7  -4   9   3  -3   2  -1  -5   2  -4   6   6  -4   1  -4  -1   5   9  -3 -10  -6   6   6   8  -4 -13   6   4  10  -5  -1  -0  -1  -1  -1   0   3   1  -1  -2   6 -19  13  -8 -16  -4   1   0  -2  -3   1  -0 100   6  -6   8 -41 -15   4   4   1   3  -5  -6   6   3  -1  -6   5  -8  -9
a_lp109034576         98:    0  -1   1   1  -0  -0   0   2  -1  -1   1  -1  -1   1   1   0   1  -1   3   2  -2  -2   2   1   0  -0   1  -1  -0   1  -0   1   1   0   1   0  -1  -0  -2   3   3  -0  -1  -1   2  -0   0  -1  -1   0  -1  -4   4   1   1   1  -1   0   1   2  -0  -0  -1  -2  -0   1   2   1  -1  -1   1  -1   2  -1   0   1  -1   0   0   1  -2  -0   1   0  -2  -0   3   0   1  -2   0   0  -1  -3   1   1   6 100 -38 -30  -5  -1   1   2  -1  -0  -1  -0   1   0  -0  -0   4   3   3
b_lp109034928         99:   -0  -0   1  -1  -0   1   0   0   0   1  -1   1   0  -1  -1  -0  -0   0  -1   0   0   0  -2   1   1   1  -1   2   2  -0  -1  -1  -3   1   0   1  -0   0  -1   1  -3   1   1   2  -2   0  -1  -1   1   0   0   1   0   1  -1  -1   2  -1   2  -1   0  -1   0   2   2   0   1  -2   0   2   1  -1  -2  -1   1  -0   1   0   0   2  -0  -1   0  -1  -0  -0   1   0   0   1   2   1  -1  -0   1   2  -6 -38 100 -35   5  -4  -0  -0  -0  -0   1   0  -1  -1  -1   3  -5  -4  -3
c_lp109039328         100:    2   0  -2   1   0  -0  -2   2   0  -0   0  -0   0  -1   0   0   0  -4   4   0   4   2   0  -0  -1  -1  -0  -1  -3  -0  -0   0   0  -0  -2  -1  -1   0   5  -7  -2  -0   0  -1   1   0   0   0   2  -0   0   3  -3  -2  -0  -0  -2  -0  -1   1  -0   0   2   0  -0  -2  -2  -0   2   0  -1  -0  -0   0   0  -1   0  -1  -0  -2   3   2   0   0   1  -1   3   0   0  -0  -1  -2   2   2   0  -1   8 -30 -35 100  -2   5  -1  -2   1   1  -1  -0   1   0  -0  -1   3  -1  -2
ph9cs                 101:   -1   1   0  -2   0   0   3  -0  -2   1  -0   2   1  -3   0   1   0  12  -5  -0  -2  -2  -1   3   6   0  -1   1   3  -0   1  -1  -1   1   1   1   0  -2  -2   1  -6  -6  -6   1  -4   1  -4  -3   1   1   0   3  -2   4  -3  -3   2  -3  -1   0  -5  -0   2   5   5  -3  -1  -6   1   6  -1  -1  -4   1   0   0  -0   0   0  -0   1  -0   0   0  -2   7  -5   4   7   2   0  -1   1   1  -0   0 -41  -5   5  -2 100  93  -1  -2  -0  -1   1   3  -2  -1   1   2  -0   1   2
ph9str                102:   -0   1  -0  -1  -0   1   2  -0  -1   1  -0   1   0  -1  -0   1   1   4  -4  -0  -2  -3  -0   5   5   0   0  -0   1   1   1   0  -0   1   1   0   0  -2  -2   1  -3  -5  -5  -0  -2   0  -2  -2   0   1  -0   2  -2   3  -2  -2   1  -3  -2  -0  -4   2   1   3   3  -1   0  -4   0   3   0   0  -2   0  -0  -1  -1   0  -0  -0   1  -1  -0   1  -1   4  -3   3   5   1   0  -1   0  -0  -0   0 -15  -1  -4   5  93 100   0  -1   0   0   1   2  -1  -0   1   0   1   0   1
scale109155992        103:  -23  15  13 -10 -11  23 -14   2  11   5   2  -8  -7 -19  -2   8   2   2   2   3  -5  -4  -7   5   3   9 -11   2   7  -6   1  -1  -1  -1   5   4   4 -12  14  -4   8   7  -0  18   4 -19  -4  -9 -13  15 -17  -4   6  -6  -0   2  17  -7   5 -17  10  -1   9  12  12 -18   9  -3   6   1  -8  10   4   0   4  -1   1  -4  -5   2  -4   4   7   1   3   1   2  -6  -5 -25   4  -1  -3 -41  -2  -8   4   1  -0  -1  -1   0 100   7 -32  11   9   2   1  -9  -8 -15  -8  -3  -5
a_lp109041440         104:   -5   1   7  -1   2  -3   2  -0  -7   3  -0  -0  -2   6  -1  -8  -5  -1   2   5  -3   2  -1  -2  -3   7   2   6   5   5   8  -6   2  -8   1  -0   4  -1   6   2   6   1   1   2  -2   1  -1   6  -5   8  -0 -19  17   6  19  23  -1   7  13  -5   2  -0  -6   6  -7   9  16   6  -2  -8   0  -2  12   3   1   5  -1  -0   2   2  -9  -2  -4   1   1   2   1  -5  -6 -25   7  -1  -5 -26   4  -3   4   2  -0  -2  -2  -1   7 100  -3  -0   7  -2   2  -0   3   5   2  -3  -2
ph10cs                105:    3  -2  -1  -4   6  -6   6   4  -6  -4   1   3   2  -2   4   6   5   2   6   5   7   5   8  -1   1  -2   9   2  -5   6  -3   3  -2   1  -1   2  -3   8  -7   4  -4  -2   1 -13   0   9   5  -5  10   3   5  -6  -0   3  -6  -7  -9  -3 -16   5 -11  11  -3  -2   2   6  -1  -3  -0  -3  10  -6  -5  -8   1  -0  -1  -1  -2  -2   6   3   1  -0   4   0   6   2   2   5   5  -1  -1  14   7   7   1  -1  -0   1  -0   0 -32  -3 100  88  -2  -1   1   1  -1   5   1   3   4
ph10str               106:   -5   4   3  -7   2   2   1   6  -4  -2   1  -0  -1 -11   3   9   6   3   8   7   5   4   5   1   2   2   4   2  -3   4  -4   3  -2   1   2   5  -1   0   0   3  -2  -0   1  -9   2   3   3 -10   6  10  -4 -10   4   2  -7  -6  -3  -6 -17  -2  -8  14   0   3  10  -1   2  -5   1  -4   8  -1  -4  -9   1  -1  -0  -2  -4  -1   6   7   4  -1   5   1   8  -0   1  -5   5  -1  -2  -4   5   2   3  -0  -0   1  -1   0  11  -0  88 100   2   1   1  -3  -5  -2  -2   2   2
scale109210368        107:  -43  22  30 -29  12   3  -4   3 -22  -3   2   4  -5 -37  10  10   5 -11   4   6   1   3   1 -15 -15  11 -17   7   0   6  -1  -6  10  -3  -5   6  -1   6  -2   6   0   9  10   6  -4   7   7 -14   1  27  -7  -1   5  10 -14  -5   9   7   3  -8  11   1  16  13   1 -12  -7   5  12  11   1 -19 -16   0   6   0  -1  -1  -0  10  -4  -5   2  -3  -2   7   2  -6  -3   1  -1   1  -1  -8  -1  -1  -5  -1   1  -1   1   1   9   7  -2   2 100   8  -9 -35  15   0  -0  -1  -1
a_lp109198160         108:   -6   1   9  -6   1   3   7   3  -4   2  -1   5   1 -17  13  28  31  11   6  -4   2   1  -0   2   6   0  -7   5  -1  -9  -5   2 -11   5  -7   7  -7   4   1   1   1   3   3   5   9  -5  -8  -4  -2   3 -15   1   1   9  -0   2   5  -0   7  -6   1  -3  13   2   4  -6 -12  -0   0   1  -1  -2  -5   1  -5  -1  -5   3   3  -7  -6  -1  -1  10 -12  -2   3   2   2   6   1  -2   1  -2  -4  -2  -6  -0   0  -0   3   2   2  -2  -1   1   8 100 -38 -17 -15   0  -1  11  10
c_lp109194816         109:    1  -1  -0   1  -5   4  -5   4  16   6   4  -4   1 -14   9 -10 -16   3   1  11   0  -1  -3   5   6  -8  -1  -5   0  -5   2  -1   3  -0  -1  -2  -5   2  17 -20   1   0   0  -6   7   9   6  -1   4  -2  -0 -14  12  -4   0  -2  -6   2  -7   3  -7   8  -2  -6  -1   0   3   3   2  -8   6  -1  -1  -6   5   1   1  -3  -4   6   4  -0   3  -2   4  -2   5   0  -0  -2  -0   1  -1  -1   2   2   6   1  -1   1  -2  -1   1   2   1   1  -9 -38 100   7   4  -1   3  -1  -2
ph11cs                110:   12  -7 -10  13  -2  -8   5  -2   6  -4   2   4   8  33 -28 -10  -1   3  -3  -1  -0   1  -1   4   3   2  10  -1  -2   2  -4   4  -4   2   8   2   5  -8  -3   1  -0  -7  -7 -11  -4  -2  -4   4  -0  -6   1  -5   1  -3   4   2  -4   2  -3  -1  -3  -1 -11  -6  -3   9   5   1  -2  -9  -4   4  11   4 -11  -1  -3   5   5  -6  -1  -3  -1  -5  -1  -2  -1   1  -0   3  -1   0   0   2  -0   0   3   0  -1   0  -1  -0  -9  -0   1  -3 -35 -17   7 100  81  -2  -1  -2  -2
ph11str               111:   -8   4   4   1   2  -7   0  -1  -5  -6   4   6   6  21 -35  -9   0  -2  -2   1   0   2   0  -3  -4   8   1   0  -2   3  -3   2   1   2   5   2   4  -4  -1   2  -0  -2  -2  -3  -4  -1  -4  -5  -2   5  -7  -2   1   4  -5  -4  -1   5  -4  -0  -0   1   1  -0  -3  -3  -1   4   4  -2  -4  -4  -0   3  -9  -0  -4   4   4  -3  -1  -5  -1  -4  -2   0  -0  -1  -0   4  -2   1  -0  -1  -1   0  -1  -0  -1  -0   1   1  -8   3  -1  -5  15 -15   4  81 100  -6  -1  -2  -3
scale109247144        112:    2  -5   0   2   2  -5   9   3  -5  -3  -3  -9 -10   3  -0   5   5 -15   3   0   2   4  -9  -4  -4 -20  -4   5  -4  14 -22  -2 -12  -0 -10   6 -12 -12   1  -4   0 -11 -11 -22  -8  21   9   7  -0  -4  18   2  -6   3   5   5   5   2  17 -11 -10 -14 -16   0 -12  19  -1   2  15   1  20 -20   4 -13  -4  -0  -2   3   4  -0 -11 -10  -1   6  -7 -10   3   4   4   2   1  -1  -0   4   0   1  -6  -0   3  -1   2   0 -15   5   5  -2   0   0  -1  -2  -6 100  45  13  30
a_lp109199920         113:    2  -2  -1   1   0  -0  -2  15  -3  -5   2   0  -1   3  -1   2   3 -11   4   9   6  -3  -9  -2  -0 -19  -1  -5  -6   4 -11  -3  -2  -2 -11  -2 -13   5   7  -5  11  -0   1   6   4  -7  -3   1 -11 -10  -0  -1   4  -1   9   9  -6   1  15   5   4 -13  -6  -3  -9   8  -5   4  11  -2   5 -15   3  -4  -1   0  -3   0   1   2  -5  -6  -2   5  -4  -7  17   6   8   5   1   1  -1   4  -1   1   5   4  -5   3  -0   1  -8   2   1  -2  -0  -1   3  -1  -1  45 100   9  16
ph12cs                114:    2  -3  -3  -4   1  -1   1   1  -3  -3  -2  -5  -7  -3  -4  12  12  -4  10   4   3  16 -24  -0   2 -19  -4  12   5   2  -8 -11  -8  -3  -6  12   4   6   6  -6   4   1   1   7  12  -9  -7  -7  -6  -3  -6   2   1  -1   3   2  -1 -10   9  -3   1  -6   0   3  -5   6  -6   5   6  -2   8  -7  -3  -9   1   0  -2  -2  -3   1   5  -0  -0   6  -4  -3  -4   4   5  10  -1  -0   1   4  -4  -2  -8   3  -4  -1   1   0  -3  -3   3   2  -1  11  -1  -2  -2  13   9 100  97
ph12str               115:    2  -4  -2  -3   1  -2   3   0  -3  -3  -3  -6  -8  -2  -4  11  12  -6   8   3   1  14 -20  -1   1 -19  -5  10   3   4 -11  -9  -8  -3  -6  12   1   2   6  -5   3  -0  -0   2   9  -3  -4  -4  -5  -4  -6   2  -0   2   4   2   0  -8  10  -5  -2  -7  -3   4  -7  10  -7   5   6  -2  10  -8  -4  -9  -1  -0  -4  -1  -2   1   2  -2  -0   7  -5  -2  -4   6   8  10  -1  -0   1   3  -4  -2  -9   3  -3  -2   2   1  -5  -2   4   2  -1  10  -2  -2  -3  30  16  97 100
}
