macro ParFileName()
{
   "E:\Business\Py\NN_QPA_OSO\XRD_Data\XY_2020_äîá\..\ParamAnalysisData\äĘ1132ä_180521.txt"
}

macro Rewrite_DDMparam()
{
  out ParFileName() 
	Out_String("SRfactor SZero SDispl STransp + C Wght ESU SF A B C Alpha Beta Gamma NA NB NC P1 P2 P3 U V W Z hh kk ll hk hl kl s1 s2 s3 s4 s5 s6\n")
	Out(Get(r_wp), "%6.3f ")
	Out(zeval, "%6.5f ")
	Out(sdval, "%6.5f 0")
}

macro Out_Cell_Params(argwt1, argsc1)
{
      out ParFileName() append
	Out(Get(argwt1), " %6.3f", " %5.5f")
	Out(Get(argsc1), " %6.9f")	
	Out(Get(a), " %6.5f")
	Out(Get(b), " %6.5f")
	Out(Get(c), " %6.5f")
	Out(Get(al), " %6.4f")
	Out(Get(be), " %6.4f")
	Out(Get(ga), " %6.4f")
}

macro PV_Peak_Type_w_Out(ha, hav, hb, hbv, hc, hcv, lora, lorav, lorb, lorbv, lorc, lorcv, po1_par, po2_par, po3_par)
{
   #m_argu ha
   #m_argu hb
   #m_argu hc
   #m_argu lora
   #m_argu lorb
   #m_argu lorc
   If_Prm_Eqn_Rpt(ha,   hav, )  ' W
   If_Prm_Eqn_Rpt(hb,   hbv, )  ' V
   If_Prm_Eqn_Rpt(hc,   hcv, )  ' U
   If_Prm_Eqn_Rpt(lora, lorav, )  ' NA
   If_Prm_Eqn_Rpt(lorb, lorbv, )  ' NB
   If_Prm_Eqn_Rpt(lorc, lorcv, )  ' NC
   peak_type pv
      pv_lor = CeV(lora,lorav) + CeV(lorb,lorbv) Tan(Th) + CeV(lorc,lorcv) / Cos(Th);
      pv_fwhm = CeV(ha,hav) + CeV(hb,hbv) Tan(Th) + CeV(hc,hcv) / Cos(Th);

      out ParFileName() append
	Out(lora, " %6.4f")
	Out(lorb, " %6.4f")
	Out(lorc, " %6.4f")
	Out(sam, " %6.4f 0 0")
	Out(hc, " %6.4f")
	Out(hb, " %6.4f")
	Out(ha, " %6.4f 0")
	Out(po1_par, " %6.5f")
	Out(po2_par, " %6.5f")
	Out(po3_par, " %6.5f 0 0 0 0 0 0 0 0 0")
}

macro CS_L_w_Out(c, v)
{
   #m_argu c
   If_Prm_Eqn_Rpt(c, v, min .3 max = Min(Val 2 + .3, 10000);)
   lor_fwhm = 0.1 Rad Lam / (Cos(Th) CeV(c,v));

     out ParFileName() append
	Out(c, " %6.4f 0 1001")   ' NA, NB, NC
	Out(sam, " %6.4f 0 0")
}

macro Strain_L_w_Out(c, v, po1_par, po2_par, po3_par)
{
   #m_argu c
    If_Prm_Eqn_Rpt(c, v, min .0001 max 5)
    lor_fwhm = CeV(c,v) Tan(Th);

     out ParFileName() append
	Out(c, " 0 0 %6.4f 0")   ' U, V, W
	Out(po1_par, " %6.5f")
	Out(po2_par, " %6.5f")
	Out(po3_par, " %6.5f 0 0 0 0 0 0 0 0 0")
}

macro PVII_Peak_Type_w_Out(ha, hav,   hb, hbv,   hc, hcv,   ma, mav,   mb, mbv,   mc, mcv)
{
   #m_argu ha
   #m_argu hb
   #m_argu hc
   #m_argu ma
   #m_argu mb
   #m_argu mc
   If_Prm_Eqn_Rpt(ha, hav, min 0.0001 max 0.02)
   If_Prm_Eqn_Rpt(hb, hbv, min 0.0001 max 0.02)
   If_Prm_Eqn_Rpt(hc, hcv, min 0.0001 max 0.3)
   If_Prm_Eqn_Rpt(ma, mav, min 0.0001 max 0.1)
   If_Prm_Eqn_Rpt(mb, mbv, min 0.0001 max 0.1)
   If_Prm_Eqn_Rpt(mc, mcv, min 0.0001 max 1)
   peak_type spvii
      m1 = .6 + CeV(ma,mav) + CeV(mb,mbv) / Cos(Th) + CeV(mc,mcv) Tan(Th);
      m2 = Get(m1);
      h1 = CeV(ha,hav) + CeV(hb,hbv) / Cos(Th) + CeV(hc,hcv) Tan(Th);
      h2 = Get(h1);

     out ParFileName() append
	Out(ma, " %6.4f")
	Out(mb, " %6.4f")
	Out(mc, " %6.4f 0 0")
	Out(sam, " %6.4f 0 0")
	Out(hc, " %6.4f")
	Out(hb, " %6.4f")
	Out(ha, " %6.4f 0 0 0 0 0 0 0 0 0 0 0 0 0")
}

macro Out_Site
{
     out ParFileName() append
     load out_record out_fmt out_eqn {
          "\n%5s" =Get(site);   
          " %4s"  =Get(atom); 
          " %7.5f" =Get(x);      
          " %7.5f" =Get(y);
          " %7.5f" =Get(z);
          " %7.5f" =Get(beq);
          " %7.5f" =Get(occ);' * Get(num_posns);
      }
}




'======================= End of Macroses ================================

do_errors
r_wp  5.851 r_exp  3.937 r_p  4.331 r_wp_dash  7.360 r_p_dash  5.712 r_exp_dash  4.953 weighted_Durbin_Watson  0.982 gof  1.486


xdd "äĘ1132ä_180521.xy"
  x_calculation_step 0.02
  CuKa2(0.001)
  bkg @  167.367427`_1.44397661 -65.7367529`_1.34310576  36.7914076`_1.50287607 -34.8464607`_1.09480814  41.2627548`_1.03114462 -16.0696198`_0.894466347  3.1212345`_0.95275432
  Simple_Axial_Model(!sam, 14 min 5 max 25)
  LP_Factor(, 26.37)
  Rp 200
  Rs 200
  ZE(zeval, 0.01038`_0.00083 min -0.06 max 0.06)
  SD(!sdval, 0.0 min -0.001 max 0.001)

  Rewrite_DDMparam()

'======== Phase 1 ========

str
  phase_name alpha-Al2O3
  space_group R-3cH
  Hexagonal(@  4.76098`_0.00058 min 4.755 max 4.77, @  13.00606`_0.00223_LIMIT_MIN_13 min 13 max 13.05)
  scale @  0.0001874913`_0.0000062522
  r_bragg  3.78558961
  weight_percent  2.423_0.080

  prm !po1_1 1
  prm !po2_1 1
  prm !po3_1 1

  out ParFileName() append
  Out(Get(phase_name), "\n%s")
  Out(2, "\n%3.0f")
  Out_Cell_Params(weight_percent, scale)
  prm ph1cs  149.99874`_58.40472_LIMIT_MIN_45 min 45 max 150
  prm ph1str  0.19211`_0.06443_LIMIT_MAX_0.35 min 0.01 max 0.35
  CS_L_w_Out(@, =ph1cs;)
  Strain_L_w_Out(@, =ph1str;, po1_1, po2_1, po3_1)

  site Al1  x 0       y 0       z 0.35231  occ Al+3  1  beq 0.4129442  Out_Site
  site O1   x 0.6936  y 0       z 0.25     occ O-2   1  beq 0.4618975  Out_Site

'======== Phase 2 ========

str
  phase_name gamma-Al2O3
  space_group Fd-3mZ
  Cubic(@  7.93700`_0.00272_LIMIT_MAX_7.937 min 7.9 max 7.937)
  scale @  0.0000325119`_0.0000037696
  r_bragg  2.24410959
  weight_percent  1.467_0.167

  prm !po1_2 1
  prm !po2_2 1
  prm !po3_2 1

  out ParFileName() append
  Out(Get(phase_name), "\n%s")
  Out(4, "\n%3.0f")
  Out_Cell_Params(weight_percent, scale)
  prm ph2cs  45.00015`_32.04657_LIMIT_MIN_45 min 45 max 300
  prm ph2str  0.35000`_0.31733_LIMIT_MIN_0.001 min 0.001 max 0.35
  CS_L_w_Out(@, =ph2cs;)
  Strain_L_w_Out(@, =ph2str;, po1_2, po2_2, po3_2)

  site O1   x 0.2547  y 0.2547  z 0.2547   occ O     1  beq 1  Out_Site
  site Al1  x 0.5     y 0.5     z 0.5      occ Al    0.58  beq 0.5  Out_Site
  site Al2  x 0.125   y 0.125   z 0.125    occ Al    0.84  beq 0.5  Out_Site
  site Al3  x 0.0272  y 0.0272  z 0.0272   occ Al    0.17  beq 0.5  Out_Site

'======== Phase 3 ========

str
  phase_name Cryolite
  space_group P121/c1
  a @  5.42938`_0.00018
  b @  5.59630`_0.00018
  c @  9.49499`_0.00046
  be @  124.77050`_0.00370
  scale @  0.0092270020`_0.0000288258
  r_bragg  1.66171742
  weight_percent  75.979_0.309

  PO(po1_3, 1.03096`_0.00900 min 0.95 max 1.1, !mdangle1_3, 1 1 1)
  prm !po2_3 1
  prm !po3_3 1

  out ParFileName() append
  Out(Get(phase_name), "\n%s")
  Out(6, "\n%3.0f")
  Out_Cell_Params(weight_percent, scale)
  prm ph3cs  166.03921`_8.35134 min 70 max 500
  prm ph3str  0.40000`_0.00840_LIMIT_MAX_0.4 min 0.001 max 0.4
  CS_L_w_Out(@, =ph3cs;)
  Strain_L_w_Out(@, =ph3str;, po1_3, po2_3, po3_3)

  site Na1  x 0.5     y 0       z 0.5      occ Na+1  1  beq 1.75  Out_Site
  site Al1  x 0       y 0       z 0        occ Al+3  1  beq 0.85  Out_Site
  site Na2  x @  0.26380`_0.00076_LIMIT_MIN_0.2638 min 0.2638 max 0.27 y @  0.45554`_0.00028_LIMIT_MAX_0.456 min 0.448 max 0.456 z @  0.25088`_0.00054_LIMIT_MIN_0.2501 min 0.2501 max 0.257  occ Na+1  1  beq 1.76  Out_Site
  site F1   x @  0.11972`_0.00062_LIMIT_MAX_0.12 min 0.114 max 0.12 y @  0.04422`_0.00038_LIMIT_MIN_0.042 min 0.042 max 0.05 z @  0.22104`_0.00053 min 0.214 max 0.223  occ F-1   1  beq 1.35  Out_Site
  site F2   x @  0.22895`_0.00081_LIMIT_MAX_0.229 min 0.22 max 0.229 y @  0.73370`_0.00054 min 0.73 max 0.738 z @  0.06028`_0.00044 min 0.057 max 0.064  occ F-1   1  beq 1.2  Out_Site
  site F3   x @  0.31554`_0.00070 min 0.307 max 0.319 y @  0.16842`_0.00051_LIMIT_MIN_0.166 min 0.166 max 0.18 z @  0.04471`_0.00049 min 0.037 max 0.048  occ F-1   1  beq 1.4  Out_Site

'======== Phase 4 ========

str
  phase_name Chiolite
  space_group P4/mnc
  Tetragonal(@  7.02000`_0.00886_LIMIT_MIN_7.02 min 7.02 max 7.06, @  10.40299`_0.02038_LIMIT_MIN_10.36 min 10.36 max 10.403)
  scale @  0.0000123517`_0.0000039892
  r_bragg  3.29539725
  weight_percent  0.484_0.155

  prm  ph4xxNa  0.27680`_0.00000 min 0.276 max 0.279

  PO(po1_4, 0.93000`_0.19244_LIMIT_MIN_0.93 min 0.93 max 1, !mdangle1_4, 0 0 1)
  prm !po2_4 1
  prm !po3_4 1

  out ParFileName() append
  Out(Get(phase_name), "\n%s")
  Out(7, "\n%3.0f")
  Out_Cell_Params(weight_percent, scale)
  prm ph4cs  80.02666`_149.07290_LIMIT_MIN_80 min 80 max 350
  prm ph4str  0.39995`_0.77823_LIMIT_MIN_0.001 min 0.001 max 0.40
  CS_L_w_Out(@, =ph4cs;)
  Strain_L_w_Out(@, =ph4str;, po1_4, po2_4, po3_4)

  site Na1  x 0       y 0       z 0.5      occ Na+1  1  beq 1.55  Out_Site
  site Na2  x 0.277   y 0.777   z 0.25     occ Na+1  1  beq 1.7  Out_Site
  site Al1  x 0       y 0       z 0        occ Al+3  1  beq 1.4  Out_Site
  site Al2  x 0       y 0.5     z 0        occ Al+3  1  beq 0.88  Out_Site
  site F1   x 0       y 0       z @  0.17700`_0.03441_LIMIT_MIN_0.17 min 0.17 max 0.177  occ F-1   1  beq 1.7  Out_Site
  site F2   x @  0.06400`_0.03898_LIMIT_MIN_0.058 min 0.058 max 0.064 y @  0.25200`_0.03019_LIMIT_MIN_0.245 min 0.245 max 0.252 z 0        occ F-1   1  beq 1.7  Out_Site
  site F3   x @  0.17600`_0.01718_LIMIT_MIN_0.176 min 0.176 max 0.182 y @  0.54000`_0.03028_LIMIT_MIN_0.532 min 0.532 max 0.54 z @  0.11800`_0.01663_LIMIT_MIN_0.118 min 0.118 max 0.121  occ F-1   1  beq 1.5  Out_Site

'======== Phase 5 ========

str
  phase_name NaCa(AlF6)
  space_group P121/c1
  a @  8.79500`_0.05194_LIMIT_MIN_8.715 min 8.715 max 8.795
  b @  5.17923`_0.03118_LIMIT_MIN_5.145 min 5.145 max 5.21
  c @  20.34619`_0.10084_LIMIT_MIN_20.3 min 20.3 max 20.46
  be @  91.49541`_0.35464_LIMIT_MIN_90.85 min 90.85 max 91.5
  scale @  0.0000049047`_0.0000013734
  r_bragg  2.32024628
  weight_percent  0.614_0.169

  prm !po1_5 1
  prm !po2_5 1
  prm !po3_5 1

  out ParFileName() append
  Out(Get(phase_name), "\n%s")
  Out(18, "\n%3.0f")
  Out_Cell_Params(weight_percent, scale)
  prm ph5cs  30.01462`_29.84677_LIMIT_MIN_30 min 30 max 150
  prm ph5str  0.39981`_1.11579_LIMIT_MIN_0.001 min 0.001 max 0.4
  CS_L_w_Out(@, =ph5cs;)
  Strain_L_w_Out(@, =ph5str;, po1_5, po2_5, po3_5)

  site Na1  x @  0.96680`_0.15850_LIMIT_MIN_0.9668 min 0.966800 max 0.986800 y @  0.26428`_0.20313_LIMIT_MIN_0.2443 min 0.244300 max 0.264300 z @  0.16810`_0.04446_LIMIT_MIN_0.1681 min 0.168100 max 0.188100  occ Na+1  1  beq 2.2  Out_Site
  site Na2  x @  0.95810`_0.14444_LIMIT_MIN_0.9581 min 0.958100 max 0.978100 y @  0.28340`_0.14621_LIMIT_MIN_0.2634 min 0.263400 max 0.283400 z @  0.43130`_0.06040_LIMIT_MIN_0.4313 min 0.431300 max 0.451300  occ Na+1  1  beq 2.2  Out_Site
  site Ca1  x @  0.63030`_0.07010_LIMIT_MIN_0.6303 min 0.630300 max 0.650300 y @  0.22766`_0.09843_LIMIT_MIN_0.2275 min 0.227500 max 0.247500 z @  0.32080`_0.03566_LIMIT_MIN_0.3008 min 0.300800 max 0.320800  occ Ca+2  1  beq 0.85  Out_Site
  site Ca2  x @  0.64566`_0.06925_LIMIT_MIN_0.6257 min 0.625700 max 0.645700 y @  0.31190`_0.10463_LIMIT_MIN_0.3119 min 0.311900 max 0.331900 z @  0.57230`_0.03179_LIMIT_MIN_0.5523 min 0.552300 max 0.572300  occ Ca+2  1  beq 0.85  Out_Site
  site Al1  x @  0.24880`_0.11688_LIMIT_MIN_0.2488 min 0.248800 max 0.268800 y @  0.24610`_0.17949_LIMIT_MIN_0.2461 min 0.246100 max 0.266100 z @  0.32890`_0.05108_LIMIT_MIN_0.3089 min 0.308900 max 0.328900  occ Al+3  1  beq 1.67  Out_Site
  site Al2  x @  0.24280`_0.11943_LIMIT_MIN_0.2428 min 0.242800 max 0.262800 y @  0.18030`_0.16568_LIMIT_MIN_0.1803 min 0.180300 max 0.200300 z @  0.57880`_0.05815_LIMIT_MIN_0.5588 min 0.558800 max 0.578800  occ Al+3  1  beq 1.67  Out_Site
  site F1   x 0.629   y 0.6261  z 0.4777   occ F-1   1  beq 1.46  Out_Site
  site F2   x 0.5863  y 0.6137  z 0.6397   occ F-1   1  beq 1.46  Out_Site
  site F3   x 0.7338  y 0.0827  z 0.4824   occ F-1   1  beq 1.46  Out_Site
  site F4   x 0.3809  y 0.1003  z 0.2626   occ F-1   1  beq 1.46  Out_Site
  site F5   x 0.1625  y -0.0247 z 0.6328   occ F-1   1  beq 1.46  Out_Site
  site F6   x 0.1643  y 0.4377  z 0.3814   occ F-1   1  beq 1.46  Out_Site
  site F7   x 0.2357  y 0.4669  z 0.6229   occ F-1   1  beq 1.46  Out_Site
  site F8   x 0.5786  y 0.5944  z 0.8821   occ F-1   1  beq 1.46  Out_Site
  site F9   x 0.9132  y 0.6404  z 0.226    occ F-1   1  beq 1.46  Out_Site
  site F10  x 0.7403  y 0.0217  z 0.2307   occ F-1   1  beq 1.46  Out_Site
  site F11  x 0.7551  y 0.0334  z 0.6259   occ F-1   1  beq 1.46  Out_Site
  site F12  x 0.0748  y 0.279   z 0.5398   occ F-1   1  beq 1.46  Out_Site

'======== Phase 6 ========

str
  phase_name Na2Ca3Al2F14
  space_group I213
  Cubic(@  10.24200`_0.01443_LIMIT_MIN_10.242 min 10.242 max 10.254)
  scale @  0.0000009868`_0.0000007079_LIMIT_MIN_1e-011
  r_bragg  2.69229729
  weight_percent  0.171_0.120

  PO(po1_6, 0.72001`_0.44385_LIMIT_MIN_0.72 min 0.72 max 1, !mdangle1_6, 1 1 1)
  prm !po2_6 1
  prm !po3_6 1

  out ParFileName() append
  Out(Get(phase_name), "\n%s")
  Out(6, "\n%3.0f")
  Out_Cell_Params(weight_percent, scale)
  prm ph6cs  65.02625`_211.47134_LIMIT_MIN_65 min 65 max 350
  prm ph6str  0.39997`_1.63095_LIMIT_MIN_0.001 min 0.001 max 0.4
  CS_L_w_Out(@, =ph6cs;)
  Strain_L_w_Out(@, =ph6str;, po1_6, po2_6, po3_6)

  site Ca1  x 0.4667  y 0       z 0.25     occ Ca+2  1  beq @  0.7002`_10.4377_LIMIT_MIN_0.7 min 0.7 max 1.5  Out_Site
  site Al1  x 0.2482  y 0.2482  z 0.2482   occ Al+3  1  beq @  1.5000`_18.4244_LIMIT_MIN_0.7 min 0.7 max 1.5  Out_Site
  site Na1  x 0.0847  y 0.0847  z 0.0847   occ Na+1  1  beq @  1.5000`_34.9133_LIMIT_MIN_0.7 min 0.7 max 1.5  Out_Site
  site F1   x 0.1387  y 0.3062  z 0.1206   occ F-1   1  beq @  0.7000`_16.9898_LIMIT_MIN_0.7 min 0.7 max 1.5  Out_Site
  site F2   x 0.364   y 0.3627  z 0.1873   occ F-1   1  beq @  1.4970`_18.4011_LIMIT_MIN_0.7 min 0.7 max 1.5  Out_Site
  site F3   x 0.4614  y 0.4614  z 0.4614   occ F-1   1  beq @  1.5000`_30.4727_LIMIT_MIN_0.7 min 0.7 max 1.5  Out_Site

'======== Phase 7 ========

str
  phase_name Fluorite
  space_group Fm-3m
  Cubic(@  5.46515`_0.00013 min 5.463 max 5.469)
  scale @  0.0022702601`_0.0000098954
  r_bragg  0.620750743
  weight_percent  9.577_0.058

  prm !po1_7 1
  prm !po2_7 1
  prm !po3_7 1

  out ParFileName() append
  Out(Get(phase_name), "\n%s")
  Out(2, "\n%3.0f")
  Out_Cell_Params(weight_percent, scale)
  prm ph7cs  191.93012`_15.44625 min 60 max 350
  prm ph7str  0.28806`_0.01127 min 0.001 max 0.38
  CS_L_w_Out(@, =ph7cs;)
  Strain_L_w_Out(@, =ph7str;, po1_7, po2_7, po3_7)

  site Ca1  x 0       y 0       z 0        occ Ca+2  1  beq 0.57  Out_Site
  site F1   x 0.25    y 0.25    z 0.25     occ F-1   1  beq 0.81  Out_Site

'======== Phase 8 ========

str
  phase_name Weberite
  space_group Imma
  a @  7.07071`_0.01185_LIMIT_MIN_7.05 min 7.05 max 7.072
  b @  9.98850`_0.01714_LIMIT_MIN_9.98 min 9.98 max 10.02
  c @  7.29231`_0.00866_LIMIT_MIN_7.29 min 7.29 max 7.31
  scale @  0.0000014742`_0.0000012988_LIMIT_MIN_1e-011
  r_bragg  3.27285666
  weight_percent  0.058_0.051

  PO(po1_8, 0.90000`_0.47426_LIMIT_MIN_0.9 min 0.9 max 1, !mdangle1_8, 0 1 1)
  prm !po2_8 1
  prm !po3_8 1

  out ParFileName() append
  Out(Get(phase_name), "\n%s")
  Out(7, "\n%3.0f")
  Out_Cell_Params(weight_percent, scale)
  prm ph8cs  499.99583`_4521.09650_LIMIT_MIN_150 min 150 max 500
  prm ph8str  0.00100`_0.42062_LIMIT_MIN_0.001 min 0.001 max 0.35
  CS_L_w_Out(@, =ph8cs;)
  Strain_L_w_Out(@, =ph8str;, po1_8, po2_8, po3_8)

  site Na1  x 0.25    y 0.25    z 0.75     occ Na+1  1  beq 1  Out_Site
  site Na2  x 0       y 0       z 0        occ Na+1  1  beq 1  Out_Site
  site Mg1  x 0.25    y 0.25    z 0.25     occ Mg+2  1  beq 1  Out_Site
  site Al1  x 0       y 0       z 0.5      occ Al+3  1  beq 1  Out_Site
  site F1   x 0       y 0.25    z 0.1362   occ F-1   1  beq 1  Out_Site
  site F2   x 0       y 0.4144  z 0.7213   occ F-1   1  beq 1  Out_Site
  site F3   x 0.1845  y 0.3874  z 0.4304   occ F-1   1  beq 1  Out_Site

'======== Phase 9 ========

str
  phase_name Neighborite
  space_group Pnma
  a @  5.49527`_0.00103_LIMIT_MIN_5.488 min 5.488 max 5.5
  b @  7.68685`_0.00144_LIMIT_MAX_7.69 min 7.665 max 7.69
  c @  5.37840`_0.00076 min 5.36 max 5.387
  scale @  0.0005991835`_0.0000163217
  r_bragg  1.96581305
  weight_percent  4.699_0.124

  prm !po1_9 1
  prm !po2_9 1
  prm !po3_9 1

  out ParFileName() append
  Out(Get(phase_name), "\n%s")
  Out(4, "\n%3.0f")
  Out_Cell_Params(weight_percent, scale)
  prm ph9cs  224.33444`_84.30466_LIMIT_MIN_100 min 100 max 350
  prm ph9str  0.15854`_0.04064 min 0.001 max 0.3
  CS_L_w_Out(@, =ph9cs;)
  Strain_L_w_Out(@, =ph9str;, po1_9, po2_9, po3_9)

  site Na1  x 0.03975 y 0.25    z 0.488    occ Na+1  1  beq 1.762317  Out_Site
  site Mg1  x 0       y 0       z 0        occ Mg+2  1  beq 0.7745665  Out_Site
  site F1   x 0.4547  y 0.25    z 0.58705  occ F-1   1  beq 3.754397  Out_Site
  site F2   x 0.29105 y 0.04897 z 0.21265  occ F-1   1  beq 1.37148  Out_Site

'======== Phase 10 ========

str
  phase_name Elpasolite
  space_group Fm-3m
  Cubic(@  8.09500`_0.00781_LIMIT_MIN_8.095 min 8.095 max 8.112)
  scale @  0.0000037847`_0.0000013865_LIMIT_MIN_1e-011
  r_bragg  3.24250845
  weight_percent  0.161_0.059

  prm !po1_10 1
  prm !po2_10 1
  prm !po3_10 1

  out ParFileName() append
  Out(Get(phase_name), "\n%s")
  Out(4, "\n%3.0f")
  Out_Cell_Params(weight_percent, scale)
  prm ph10cs  60.00009`_136.21540_LIMIT_MIN_60 min 60 max 200
  prm ph10str  0.40000`_0.97950_LIMIT_MIN_0.001 min 0.001 max 0.4
  CS_L_w_Out(@, =ph10cs;)
  Strain_L_w_Out(@, =ph10str;, po1_10, po2_10, po3_10)

  site K    x 0.25    y 0.25    z 0.25     occ K     1  beq 1.223831  Out_Site
  site Na   x 0.5     y 0.5     z 0.5      occ Na    1  beq 0.8448381  Out_Site
  site Al   x 0       y 0       z 0        occ Al    1  beq 0.5842806  Out_Site
  site F    x 0.2225  y 0       z 0        occ F     1  beq 1.279101  Out_Site

'======== Phase 11 ========

str
  phase_name K1.58Al11O17
  space_group R-3mH
  Hexagonal(@  5.60315`_0.00268_LIMIT_MIN_5.585 min 5.585 max 5.62, @  33.93387`_0.02029_LIMIT_MIN_33.89 min 33.89 max 34.17)
  scale @  0.0000144278`_0.0000011573
  r_bragg  1.49478786
  weight_percent  2.084_0.162

  prm !po1_11 1
  prm !po2_11 1
  prm !po3_11 1

  out ParFileName() append
  Out(Get(phase_name), "\n%s")
  Out(11, "\n%3.0f")
  Out_Cell_Params(weight_percent, scale)
  prm ph11cs  45.00008`_14.42285_LIMIT_MIN_45 min 45 max 150
  prm ph11str  0.37000`_0.20041_LIMIT_MIN_0.001 min 0.001 max 0.37
  CS_L_w_Out(@, =ph11cs;)
  Strain_L_w_Out(@, =ph11str;, po1_11, po2_11, po3_11)

  site Al1  x 0.16712 y -0.16712 z 0.9298   occ Al    1  beq 1  Out_Site
  site Al2  x 0       y 0       z 0.34988  occ Al    1  beq 1  Out_Site
  site Al3  x 0       y 0       z 0.44935  occ Al    1  beq 1  Out_Site
  site Al4  x 0       y 0       z 0        occ Al    1  beq 1  Out_Site
  site O1   x 0.16419 y -0.16419 z 0.23615  occ O     1  beq 1  Out_Site
  site O2   x 0.15396 y -0.15396 z 0.03384  occ O     1  beq 1  Out_Site
  site O3   x 0       y 0       z 0.09512  occ O     1  beq 1  Out_Site
  site O4   x 0       y 0       z 0.2952   occ O     1  beq 1  Out_Site
  site O5   x 0       y 0       z 0.5      occ O     1  beq 1  Out_Site
  site K1   x 0       y 0       z -0.17086  occ K     0.31  beq 1  Out_Site
  site K2   x 0.08717 y -0.08717 z -0.16784  occ K     0.16  beq 1  Out_Site

'======== Phase 12 ========

str
  phase_name Villiaumite
  space_group Fm-3m
  Cubic(@  4.63506`_0.00042_LIMIT_MIN_4.633 min 4.633 max 4.64)
  scale @  0.0016495439`_0.0000546230
  r_bragg  1.24438996
  weight_percent  2.283_0.075

  prm !po1_12 1
  prm !po2_12 1
  prm !po3_12 1

  out ParFileName() append
  Out(Get(phase_name), "\n%s")
  Out(2, "\n%3.0f")
  Out_Cell_Params(weight_percent, scale)
  prm ph12cs  116.87819`_63.12912_LIMIT_MIN_90 min 90 max 170
  prm ph12str  0.38000`_0.10663_LIMIT_MAX_0.38 min 0.001 max 0.38
  CS_L_w_Out(@, =ph12cs;)
  Strain_L_w_Out(@, =ph12str;, po1_12, po2_12, po3_12)

  site Na   x 0       y 0       z 0        occ Na    1  beq 1  Out_Site
  site F    x 0.5     y 0.5     z 0.5      occ F     1  beq 1  Out_Site


'======= END =======
'
'
C_matrix_normalized
{
                             1   2   3   4   5   6   7   8   9  10  11  12  13  14  15  16  17  18  19  20  21  22  23  24  25  26  27  28  29  30  31  32  33  34  35  36  37  38  39  40  41  42  43  44  45  46  47  48  49  50  51  52  53  54  55  56  57  58  59  60  61  62  63  64  65  66  67  68  69  70  71  72  73  74  75  76  77  78  79  80  81  82  83  84  85  86  87  88  89  90  91  92  93  94  95  96  97  98  99 100 101 102 103 104 105 106 107 108 109 110 111 112 113 114 115
bkg1076910480          1:  100  10 -51  47  27 -12  -9  -1 -12  -2  -1   2  -1   7   3   4   5 -23  -1  -3  -2  -5  -0   8  -1  -2  -0  -6  -3  -8  -2   8   4   3   3   1   8 -15   2 -10  -8   2  -3  -4  -4  15   3  18   4 -44  -2   1  -0 -12  18   5 -10   1   2   8   0  -4  23 -10  -1 -15 -22   0 -14  -7  -4  21 -13   0  13  -2   3 -28 -38  31  23  19  18   9   3 -12   0   7   2  -0  -1   0  -1   3   1   0 -10  -2  -0   5   5   0 -13 -10  -4 -10 -39  -4   3   8  -9  -6  -0   3   1
bkg1076910481          2:   10 100   5  20  23  29 -20  -3  -3  -4   4  -2  -3 -12   3   2  -1  -8  -2  -3   3   2  -5  -5  -4  -5   5  -2   6   8  -0   0   3  -1   1  -8  -0   8  -2  -2 -20  -1   1 -16   8   7   3  -9  21  20   7  -3  -4 -11 -15  -8  -8   2  -5   3  -4   6  -3   4  -5   2   1   6  15   4  17  -3   1 -12  55   2  16 -48 -49  50  34  18  41   8  17  -5  -2  -3  -3  -1  -1   1   0   0   0  -1   1   1  -1  -0  -1  -0   3  -1   1   0  15  -7   2  -9  -4  -5  -1  -1  -1
bkg1076910482          3:  -51   5 100 -42  19  14  29   0   8   3  -0  -1   2  -4   1  -5  -6  20   2   2   5   8   4   1  10  -7   4  -4   6  11   0   3  -3   2   1  -4 -11  24   1   5  -0   9  14   3  13 -10  10 -21   9  44  -3   1   2  10 -23  -7  11  -3  17  -8   1  -5  -9   7  10  15  30  -6   9  -2  16 -23  23 -10   7   5 -11   7  13   5 -16 -25   4   3 -14   1   0  -4  -1   1   1  -0   1  -4  -1  -0  11   5   1  -8  -6  -1   7  11   3   6  28   2   2  -8   3   7   1  -4  -1
bkg1076910483          4:   47  20 -42 100 -12  24  -5   1 -12  -2  -1   4   1  16  -3   1   6  -2   0  -2  -1  -3  -3  17  12   1  -7  -9  -8  -8  -8  14  -6  10   6   1   0 -16   5  -6  -4   2  -3  -6  -3   8   3  16   3 -43  -2   4  -3  -6  10  -3 -24   3  -7  14  -3   4   4 -11  -6  -5 -18   3  -5  -3   2  15  -9   5  -6  -0   8   1  -4   1  -3   8  17 -10 -11 -11   2   8   3   2   1  -0  -1   2  -0  -0  -4   1  -2   4   4   1  -6  -4  -6  -9 -29   0   0  12   1  -1  -2  -0  -1
bkg1076910484          5:   27  23  19 -12 100 -27  23  -2  -2   0   1   2   1  -9   7  -0  -4 -17  -3  -3   2  -1   3 -14 -16  -8  10  -7   7   2   6   3  21  -0  -3  -6   4  -4  -1   0 -10 -14 -13 -16   3   6 -14 -10   5  22   4  -1  -3  -1  -7   2  13   9   8  -7  -7 -10  -2  -4  -2  10  -1   4  -2  -2  -1  -2  -6  -2  16  -2  -2 -25 -29  22   5   5  11  30   4  -1  -0  -4  -4  -3   0   0  -2   3   2   1  -2   0  -1   3  -1  -1  -7  -3   4   1   7   0  -4  -3  -1   2   1  -1  -0
bkg1076910485          6:  -12  29  14  24 -27 100 -13   0  10   3  -1  -6  -3  -7  -5   2  -0  13   1   1  -1   1  -1  13  17  -9  -5 -11   4  -1  -0   7  -9   7   7  -8  -7  13   4  -4   6  19  18  14   9  -7  21   1   2  -6   4   2  -1   5  -1  -7  -2 -12  -5  -0  -1   7  -0  12  -3  -5   3  -0   9   5  12  -1   3  -5   8   4  -2  -4  -2   0  11  -7  18  -3  -1  -2   0  -1  -1  -1   1  -0   0   2   1   0   6   2   1  -5  -3  -1  13   0  -6  -3   6  -3   8  -8  -5  -2  -1  -3  -3
bkg1076910486          7:   -9 -20  29  -5  23 -13 100   1 -14   5  -3   6   2   3  -1  -6  -7  19  -1   6  -0   1   4   4   9  -4  -8 -13  -8  -2 -11  19   3  14  13   1  -3  -1   2   6   8 -19 -15  -9  -1  -8 -13   2 -11   5   4   2  -0   7 -19 -17  21 -14 -11 -27 -10  12   1  11   2   2  16  -1   3   6   0 -18  16  10 -23   6  -5  21  22 -23 -27 -12 -10  10 -25   1  -1   5   5   4  -1   0   2  -4  -2   0  -6  -1   1  -0   4   2  -8  -1   1  -1  -8   7  -4  10   6   6  -4  -2  -0
zeval                  8:   -1  -3   0   1  -2   0   1 100  -2  11  14  -4  -6  -3   4  10  10   1  58  64  45  11 -11   1   3  -4  -9   2 -11  -5  -6  -2  -4   2  -9   1 -13  -0   2   1  -2  -3  -4   4   0  -1  -5  -4   0  -6  -5  -4   6   3  -1  -3  -1   2   4   1   3  -2   0   2  -2  -0  -1   2  -0  -1  -4  -1  -1   5  -0   4   1   2   3   1  -7  -0  -5  -1   1  -0  82   4   4   1   0   2   1  -3   0   0  -3   9  10  13   2   0   6   1  -2   0   2   3   9  -3  -3   3  24  -0  -1
scale40515880          9:  -12  -3   8 -12  -2  10 -14  -2 100  16  -5 -14  17 -27   7   6  -2 -21   1  -2  -3  -4   7   3   0  -9  12  -2   8 -17   4  -2  16   4  -5   4   1   3  -1  -8  -3  11   9   7  10   2  -1  11   3   2  -2   3  -6   5   6   2  21  18  20  -1  -1 -22  -5  -1 -11  12 -17  14   2   0  -5   5 -26  -6   4  -0   6   1   3  -2   9   1  -1  -4   9   2   1  -0   1  -1   0   1   0   2  -1  -1  12  -1   1  -1  -7  -3  12   1  -5  -3  -1  -8  10  -3 -11  11   6  -1   2
a_lp40644504          10:   -2  -4   3  -2   0   3   5  11  16 100 -59  -2   2 -15  -5 -16 -22   1   5  13  -4  -5   6   9  12  -5   0  -2   2 -13   2  -0   9  -2  10   1   9  -2   4  -4   3  -1  -2   1   2  -1  -1   5  -3  -2  -4   5  -1   6   2   4   5  -1   7  -3  -1  -4  -3  -0  -1   6  -2   1  -1  -0   5  -1  -2  -3  -1  -1  -2   4   5   2 -12  -6  -5   1  -6   5  11   0   2   2   0   0   0  -0  -2  -2  -3  -8   6   3  -2  -3   3   2  -2  -1  -2  -4   8  -1  -4   3   2  -2  -1
c_lp40515176          11:   -1   4  -0  -1   1  -1  -3  14  -5 -59 100   1  -0   4   2  12  13  -0  10   5   9   6  -9  -6  -5   0  -5  -0   2  -0   1   1  -0   5  -9   0  -9   1  -1   3  -6   0  -0  -2  -0   4  -0  -1   6   2   2  -7   5  -4  -2  -2  -1   2  -5   3   7   5  -0   5   3  -3   1  -2  -0   9  -6   0   0   5   3   2   4  -3  -4  -1   8   6   3   0   7  -3  10  -0  -1  -1   0   1  -1  -1   1   1   1   8  -3   1   1   2   4  -1  -2  -0   6   4  -1  -4  -1  -3   4   1  -0
ph1cs                 12:    2  -2  -1   4   2  -6   6  -4 -14  -2   1 100  92  -3  14 -10 -14   4  -7  -6  -1  -1  -1 -10  -9   5   9  -0  -0 -11  -1   5   0  11  -2   1  -6  -1   1   2   1  -1   0   3  -7  -3  -4  -6  -2   3  -5  -1   3   5  -4   0  -5   3  -5   6  -3   6   1  -6   3  -2  -1   1  -5  -2   2  -1   2  -1  -6  -1  -4   3   1  -0  -6  -1  -5  -1  -6  -3  -3   4   3   0   0  -0  -0  -0   1   1  -2   4  -2  -2   2   0  -6  -1   1  -1   2   8  -3   1   2  -8  -2   0  -2
ph1str                13:   -1  -3   2   1   1  -3   2  -6  17   2  -0  92 100 -10  17 -11 -17   0  -8  -9  -1  -2   2  -9  -9   2  12  -2   2 -15   1   6   5  12  -5   2  -7  -0   0  -0  -1   3   3   4  -3  -2  -4  -2  -0   2  -6   0   0   6  -1   1   0   9   1   6  -4  -1   0  -8  -1   0  -7   5  -5  -3   1   1  -6  -3  -5  -2  -2   3   2  -1  -5  -1  -5  -2  -5  -2  -4   5   4   0   1   0  -0   0   0   0   0   5  -2  -4  -1  -1  -2  -1  -1  -2  -1   6   0   1  -0  -5  -1  -0  -1
scale107847712        14:    7 -12  -4  16  -9  -7   3  -3 -27 -15   4  -3 -10 100 -28 -27   5   1  -5  -4  -2   0  -6   1  -4   9   1  -3   1   7  -4   8 -12   4   8  -7   4   6  -2  10   5  -6  -1   7 -16 -10  -5  -2  -7 -11  -5  -1   6  -0   6   3 -15 -18 -12   6  10  17 -15   3  10   6  21 -13 -27   4 -15  13  23  20  -4   5  -3   3   2  -7   1   2   6  -7  -3  -0  -4  -2  -3  -2   0  -1  -0  -4   1   0   4   2   1  -2   1   3 -21   8  -1  -9 -48   8 -20  37  25  -9  -2   4   2
a_lp107846832         15:    3   3   1  -3   7  -5  -1   4   7  -5   2  14  17 -28 100  11  -0  -1   5  -2   3  -2   5  -3  -3  -5   9  -1   1   0   4  -1  10  -1  -5   4  -3  -3   1   4   4  -0   0 -14   5  11   6  -5   3   5   2  -1   1  -3  -2   3   0  10   3   2  -7  -4   2 -20   0   0  -1   2  -7  -8   9   1   0 -11   1   5  -1  -1  -3  10  -7  -0   1  -7  -7   0   3   0   0   3   0   1  -1  -0   0   2   0   5  -4   2   1   1  -1   0   3   3   7 -30  26 -28 -39   1  -0  -3  -4
ph2cs                 16:    4   2  -5   1  -0   2  -6  10   6 -16  12 -10 -11 -27  11 100  92  -7  11  -1   6   0  -4  -2  -5   3  -6   8  -8   5  -9  -3  -6   1  -6  20  -1  -5  -0   0  -1   1  -3  -6   5   9   1   6   3  -5  -0  -2   1  -1  -1  -3  -1   5   6   1   4  -7  -1  -2  -1   6 -18  -1   2   2   2   6 -16  -3   1   0   4  -2  -3  -1   3  -1   6   0  -1  -0   8  -1  -1   6   0   0  -1   5  -1   2   2  -0  -2   5   1   2  11  -7   4   7  12  11  -6 -22 -25   7   5   4   4
ph2str                17:    5  -1  -6   6  -4  -0  -7  10  -2 -22  13 -14 -17   5  -0  92 100  -7  10   1   5   1  -5  -2  -6   6  -6   7  -9   5 -10  -0 -11   2  -4  17  -0  -3  -0   1   0  -0  -2  -3   0   5  -1   3   0  -8  -5  -4   6  -1   0  -3  -5   1   3   3   5  -2  -4   0   0   7 -12  -2  -4   1  -3   9  -9   4   0   2   1   0  -1  -2   4  -2   8  -1  -2  -1   8  -2  -2   5  -0   0  -1   3   0   2   4   0  -2   5   1   3   2  -3   5   4  -1  22 -12 -14 -20   5   5   5   6
scale108792344        18:  -23  -8  20  -2 -17  13  19   1 -21   1  -0   4   0   1  -1  -7  -7 100  -8   7   4   9   4   4  29  15 -10   3   0  -1 -11  16 -26  17  16  13  -5  -8   2  -1   0 -12 -11   8 -20 -12 -11  -6 -11  -7  -3   3   2   4  -2  -6 -11 -14  -9   1  -2   8  -5  14  12  -8  10 -16   6   7  11  -6  10  -5  -2  -6  -5   1   6 -17  -8  -6  -2   2  -9  -1  -9  -1  -1  -2  -0   1   1   3   2   1 -43  -1  -5  -5  10  -5   1  -1  -5  -5 -13   8   4   7   5 -18 -13   2  -3
a_lp40574328          19:   -1  -2   2   0  -3   1  -1  58   1   5  10  -7  -8  -5   5  11  10  -8 100  22  33  31   2   4   5  -9  -2  -2 -17   1  -9  -1  -3  -4  -7   1 -14   1   2  -1  -3  -1  -3  -1   7   4   1  -0   3  -4  -1  -3   3  -1   1  -0  -5   6  11   5   4  -9   6   2  -5  -2   2   2   6  -3  -6  -7   2   5   1   5   3   2   3   2  -2   3  -4  -4   1   0  49   4   4   5   0   1   1  -2  -2  -1  11   1  -6  21  -3   4   4   1  -2  -0   3   0   5  -5  -5   8  22   8   7
b_lp40574504          20:   -3  -3   2  -2  -3   1   6  64  -2  13   5  -6  -9  -4  -2  -1   1   7  22 100  15  11 -19   1   6  -3 -13   2  -4  -7  -3  -1  -2   7  -4   2  -5  -1   4  -1   3  -5  -7   8   0  -6  -5  -4  -5  -5  -8  -5   9   3  -6  -7   1  -4  -4  -5   3   8   4   4   4  -3  -2  -0  -1  -0   0   0  -2   4  -1   5  -2   3   4   3 -12  -5  -5   0  -3   2  54   1   2   3  -0   2  -0  -3  -0   1  -7   8   6   7   3  -1   4   1  -1   1   4  -5  17  -1   2  -1  15   2   1
c_lp40572216          21:   -2   3   5  -1   2  -1  -0  45  -3  -4   9  -1  -1  -2   3   6   5   4  33  15 100  75  10  -5   2   0   0   4  -9  -0  -7   4  -8   5  -8   5 -12   5  -5   1  -9   1   2   4  -5   0  -0  -8   6   1   4   1   1  -4  -2  -2  -5   2   6   5   7  -6  -2  -1   2   2   1  -5   8   4   2  -6   2  -1   0   4   1  -1  -2   0   3  -2   1   2  -1  -4  37   4   3  -1  -2   3   0  -3   1   1  -1  -2  12   5  -1  -2  -1  -3  -2  -3   0   3   0  -2  -1   4  13   2   2
be_lp40574680         22:   -5   2   8  -3  -1   1   1  11  -4  -5   6  -1  -2   0  -2   0   1   9  31  11  75 100  -7  -3   9  -5  -1   1 -12   2 -16   3 -12   5  -4   8 -13   5  -4   0  -4  -0   0   7  -3  -4  -1  -8   2   3   4  -0   2  -7   0   1  -3   2   7   2   4  -6   4   0   1  -1   5  -3  10   0   3 -10   5  -2   1   5   2  -2  -2   1   2   1  -3   1   1  -5   8   2   1   2  -2   4  -1  -4  -0   1  -5  -4   2   3  -0  -2  -1  -1  -5  -5   2  -2   1  -0   2   7  11  10   9
po1_3                 23:   -0  -5   4  -3   3  -1   4 -11   7   6  -9  -1   2  -6   5  -4  -5   4   2 -19  10  -7 100  -4  -5   7  21   2   0   2  11  28  13   8   0   8   5   1  -6  -1   1   5   8  -3  -0   4   5   6  -0  -1 -10   5  -2  14  -0  -1  -2  -4   1   8   3   0  -1   1  11  -0   1 -10  -4   5   3  -2   3  -2  -4  -5 -10   5   6  -3   2 -12  -1   4  -9   3 -10  -1  -0   1  -0   1  -1  -1  -3  -2   6  -0   0  -5  -0   2  -7   2   8   6  -4   6  -8   0  -1 -16 -15  -5  -7
ph3cs                 24:    8  -5   1  17 -14  13   4   1   3   9  -6 -10  -9   1  -3  -2  -2   4   4   1  -5  -3  -4 100  91  -3   3  -5  -2  -0  -1   7 -10   5   9   3  -4  -2   5  -4   5   0  -2   3   4  -4   3   5  -3   0   6   0  -1  -5  -2  -4   5  -4   4  -6  -8  -2   8  -1  -0  -3  10  -2  10   5  -2  -8  11   1  -4   4  -1   1  -2   0   5  -1   2   3  -1 -10   1   3   1   0   1   0   0   1   0  -0  10  -2   4  -0  -0   3   7  -1  -7  -6 -12  -3   7   5  -1  -3  -2  -2  -3
ph3str                25:   -1  -4  10  12 -16  17   9   3   0  12  -5  -9  -9  -4  -3  -5  -6  29   5   6   2   9  -5  91 100  -4   0  -6  -3   1  -4   9 -13   7   9   5  -9   1   6  -4   3  -2  -4   5   3  -6   0   3  -3  -0   8   1  -0  -5  -3  -5   2  -5   3  -3  -8  -1   7   2   4  -7  12  -8  14   8   1 -12  13  -0  -3   4  -1   1  -0  -2   2  -2   1   5  -2  -9  -1   4   2   0   0   1   1   1   1   0  -6  -2   1  -1   3   1   7  -0  -9  -8 -13  -2  10   5   0  -5  -0  -1  -3
x_class108789880      26:   -2  -5  -7   1  -8  -9  -4  -4  -9  -5   0   5   2   9  -5   3   6  15  -9  -3   0  -5   7  -3  -4 100  -3  77   4   3 -11  -7 -43  11   8  51  30 -20  -7   2  12  -4  -2  12 -33  -9  -8  13 -21  -3 -12   7  -4   3   2   0  -3  -0  -4   3   4   7  -7  -1   9   1  -4  -0 -10   2   1  14  -3  -3   2  -7   1   0   2  -7  -0   2   4 -11   4   3  -5  -3  -4 -23  -1  -2   2  -7   9   2  -8  -9   7  -3  -0  -4  13   1 -10  -4   2   5  -9   4   6 -16 -18  -3  -6
y_class108788760      27:   -0   5   4  -7  10  -5  -8  -9  12   0  -5   9  12   1   9  -6  -6 -10  -2 -13   0  -1  21   3   0  -3 100  -2  17  32  15   3  14  -3  -2 -10   3  13  -3   1   4  -4   2  -1   4  -4  -4  -5  -1  15   8   4  -8  12  -6  -4   5  11   2  13 -14  -4  -5 -13   3  -3  22  -7  10   5   4 -23  10  -7  -2   2  -0   5   4   4  -1  -1  -9  -1   4  -7  -6   1  -0  -6  -2   1   1  -2   2   0  12   2  -0  -3  -2   3  -5   1   9   7 -19   2  -9   7  -3  -4  -0  -3  -4
z_class108790104      28:   -6  -2  -4  -9  -7 -11 -13   2  -2  -2  -0  -0  -2  -3  -1   8   7   3  -2   2   4   1   2  -5  -6  77  -2 100  11   9  -5 -30 -54  -4 -15  53  27  -8 -11   7  -9   5   5   2 -20   3   4   1   5   7  -4  -1   0  -4   0   4   4  -1   9  -3   6  -5 -12   2   5  15  -9   1  -6   1   4  11  -9  -8   6  -5   6  -0   2  -0  -1   5   3 -12   6  -1   1  -0  -1 -14  -0  -2   1  -3   6   2 -13  -9   9  -2   1  -4   7   1   2   7   2   3  -6  -1  -2   8  -1   2   3
x_class108788984      29:   -3   6   6  -8   7   4  -8 -11   8   2   2  -0   2   1   1  -8  -9   0 -17  -4  -9 -12   0  -2  -3   4  17  11 100   6  71 -16  28   0  -3 -31  23  11 -11   7  -8   2   4   1   8  -4   6  -6  11  18   3  -2  -2   7  -4   1   8  -7 -10   3   5  15   1   1  15   0   8  -7  -6  10   6   4   5  -6   4   2   2  -4  -4   2   5   4   4   5   5   0 -11  -0  -1 -12  -1  -0   1  -3   5   1 -10  -1   4  -8  -4  -5   3   1   2   4  -5  -3   0  -1  -3 -10 -10  -1  -2
y_class108787416      30:   -8   8  11  -8   2  -1  -2  -5 -17 -13  -0 -11 -15   7   0   5   5  -1   1  -7  -0   2   2  -0   1   3  32   9   6 100   5 -10  -0 -16  -1   2   9  10   6  -2   1   1   3 -14  17   7   9   0   7  13  14   1  -5   4  -7  -7  -4   4  -8  10 -12   4   2  -9   7 -10  21 -15  14   6   5 -18  14  -3   2   8   7  -1  -1   1   4   3   6   0   2   1  -4  -4  -1   3  -0  -1   1   0  -1   0   5   2  -1  -2   1   3   2   1   8  10   2  -7  -5   0  -0   5   2  -3  -2
z_class108791224      31:   -2  -0   0  -8   6  -0 -11  -6   4   2   1  -1   1  -4   4  -9 -10 -11  -9  -3  -7 -16  11  -1  -4 -11  15  -5  71   5 100 -36  54 -22 -33 -51   3  20  -7   5   2   2   2   6  24  -6   6  -3   6  14   6  -2  -1   7  -1   3   3  -6 -16   9  -2  18   4  -6  14  -4   4  -7 -12   8  -4   9  -1   3  -1   4   1   1   0  -1  -0   3   2   8   5   8  -5  -1   1 -12  -0   1  -1  -1   6   2   4   1  -1  -4  -2   0  -1   3   9  11  -0  -4   3  -6  -5 -22 -14  -2  -7
x_class108788088      32:    8   0   3  14   3   7  19  -2  -2  -0   1   5   6   8  -1  -3  -0  16  -1  -1   4   3  28   7   9  -7   3 -30 -16 -10 -36 100   2  77  12  13 -22 -12   4  -5   1  -7  -6  -3 -12  -4  -8   4  -8  -5  -3   6  -4   4  -1  -3  -3 -13  -8  -2   9  14  -0   7  16   2  -1 -17  -4  16   8   3  10  -1  -6  -2  -7  -1  -2  -7   7  -7   2   9 -10 -12  -5   4  -0   6  -0   0   0   0  -4  -2   6   3  -1  -0   3   3  -4  -6  -9 -12 -11   4  -2   9   6  -9  -6  -2  -4
y_class108790776      33:    4   3  -3  -6  21  -9   3  -4  16   9  -0   0   5 -12  10  -6 -11 -26  -3  -2  -8 -12  13 -10 -13 -43  14 -54  28  -0  54   2 100 -10  -1 -44  -1  10   3  -2  11  -4  -4  -2  25  -1  -7   6  -5   5   6   2  -3  11   3   5   6   2 -13   9  -3  12   6  -9   1  -6   3  -1 -10   6  -5   3  -4   7  -2   5  -1  -1  -2   4  -2  -1  -3  13   2   9  -2  -2   1  -0   0   2  -1   2   1   0  14   4  -6   2  -3   2  -4   2   5   4  11 -12   6  -7  -2 -13  -5  -0  -2
z_class108788536      34:    3  -1   2  10  -0   7  14   2   4  -2   5  11  12   4  -1   1   2  17  -4   7   5   5   8   5   7  11  -3  -4   0 -16 -22  77 -10 100 -19  25 -40  -9  -1  -0  -9  -4  -4   7 -19  -7 -12  -7  -3  -3 -10   4  -2  10  -2  -4  -2  -7 -10   4   1  15  -7   7  21   4 -11 -17  -6  17  10   8  -4  -6  -7  -2  -5  -1  -3  -8   4  -6   2   8 -10 -11  -1  11   7  -2  -1   1   0  -3   1   0  -2   2   1   1   2   1   0  -8 -10 -11  -7   6   0   5   5  -8  -5   0  -1
x_class108791000      35:    3   1   1   6  -3   7  13  -9  -5  10  -9  -2  -5   8  -5  -6  -4  16  -7  -4  -8  -4   0   9   9   8  -2 -15  -3  -1 -33  12  -1 -19 100   3  66 -16   5  -7  22  -7  -8  -1 -13  -8  -8  13 -24  -5   1   5  -2  -6   2  -1   2  -7   5 -13  -2  -6   7   7 -10  -7  17   6  11 -10   3 -11  18  -1   0  -2  -7  -3  -1  -1   3  -5   0   2  -2   5  -7 -10  -8   5   1  -2   2   3  -3  -2  -5  -4  -1  -1  -2  -4   2  -3  -7  -7  -8  -7  -3  10   6  -5  -8   1  -1
y_class108813800      36:    1  -8  -4   1  -6  -8   1   1   4   1   0   1   2  -7   4  20  17  13   1   2   5   8   8   3   5  51 -10  53 -31   2 -51  13 -44  25   3 100   8 -25   1  -1  -5  -0  -2  -6 -28  10  -4  12  -4  -4 -10   1   1   3   3   2   6   0  13  -2   7  -8 -13   2   7  15 -11  -4  -9   6   6   8  -5 -10  -1  -5  -1   2   3  -4  -2  -3   0  -8  -2  -7  -2  -0  -2  -3   1  -1  -0  -0   2   1 -11  -6   3   1   2  -2   9  -3  -6  -3   4   2  -3   1  -1  10   3   5   6
z_class108813352      37:    8  -0 -11   0   4  -7  -3 -13   1   9  -9  -6  -7   4  -3  -1  -0  -5 -14  -5 -12 -13   5  -4  -9  30   3  27  23   9   3 -22  -1 -40  66   8 100 -15  -1  -4  23  -3  -3  -1  -8  -3  -4  20 -21  -7  -2   4   1  -8   8   7   3 -10  10  -9   9 -12  -7   6 -10  10  -4   9  -4 -10  -2   7  -4   1   7  -7  -3  -3   0   1   2  -3   5  -2  -1  14  -8 -14 -10  -2   0  -2   1   4   0  -0  -7  -8   2  -2  -1  -4  -0  -2   0   1  -4  -8  -7   7   2  -2  -9   3   2
scale108829536        38:  -15   8  24 -16  -4  13  -1  -0   3  -2   1  -1  -0   6  -3  -5  -3  -8   1  -1   5   5   1  -2   1 -20  13  -8  11  10  20 -12  10  -9 -16 -25 -15 100  -5   3  -2  20  48  28  37 -10  16  -3  23   9   5   4   0   4 -11  -8  -3  -4  -4   3  14   7   9  -4  12  -8  14 -13   1   3 -10 -15   7  12  -3  18  11   5  -3   8   4   7  11   2   1   7   1   4   7 -28  -9   4   5 -22  10  -0   6   6   4 -14  -4  -1 -17   2   9   3  -8   0  -0   0  -3 -13   4  -3  -5
a_lp108808752         39:    2  -2   1   5  -1   4   2   2  -1   4  -1   1   0  -2   1  -0  -0   2   2   4  -5  -4  -6   5   6  -7  -3 -11 -11   6  -7   4   3  -1   5   1  -1  -5 100 -66   6  -2  -5  -7   6   6   2  11  -6  -8   9  10  -8  -7  -2  -1  -8   5   4   2   2  -4  -2 -10  -5  -2  -3   0   3   2  -5  -7   1   5  -5   6  -3   6   5  -0  -3  -7   7  -2  -9   2   3  -1  -0   6   8   1  -2  10   3   4   5   3  -5   7  -4  -4  13   2  -7  -2  -1  -3  11  -0  -2   2   5  -2  -2
c_lp108806640         40:  -10  -2   5  -6   0  -4   6   1  -8  -4   3   2  -0  10   4   0   1  -1  -1  -1   1   0  -1  -4  -4   2   1   7   7  -2   5  -5  -2  -0  -7  -1  -4   3 -66 100  -5   1   1   5  -8  -3  -0 -11   6   8   0 -13  15   1  -0   3   9  -7  -6  -9   2   6  -8   5   3   6   9  -0 -10   4   0   4   7   4  -1   4   7   6   7  -3 -10   8  -7  -6   6   2  -1  -1  -0   8   1  -2   1   1  -3   0  -6  -2   6  -9   9  10  -7   5   8   6   3  -1 -13   1   4   1  -2   4   4
po1_4                 41:   -8 -20  -0  -4 -10   6   8  -2  -3   3  -6   1  -1   5   4  -1   0   0  -3   3  -9  -4   1   5   3  12   4  -9  -8   1   2   1  11  -9  22  -5  23  -2   6  -5 100 -12  -9  33   0 -36  -7  31 -83 -21   4  19  -0   2   5  -4  14 -10   4 -17  -7  -7  12  -8 -21 -18  15  19  -1 -12   1  -7   7   2 -15   2  -7   9  10 -13 -24 -15 -12  15 -12   4   0  -9  -6 -13  -1   0   2  -9   6   3  16   2  -0  -9  -6  -2   8   3  -6  -4   4  -2  -1  -1   0   9   4   3   3
ph4cs                 42:    2  -1   9   2 -14  19 -19  -3  11  -1   0  -1   3  -6  -0   1  -0 -12  -1  -5   1  -0   5   0  -2  -4  -4   5   2   1   2  -7  -4  -4  -7  -0  -3  20  -2   1 -12 100  91  18  21  12  35   1  35   1  -8 -11  15  -2   5   6   1   6   5   5  15  -4   9  -3   4  -2  -7   6  -6  -7  -5   9  -7   5   1   3  -4   4   2   9   8  -6  11 -10   3  -2  -1   3   1   4   1  -1  -2  -0   1   2   5   7   3 -19  -6  -5   5   3   1   3  10  -5   7  -6  -2  -6   3  -0  -1
ph4str                43:   -3   1  14  -3 -13  18 -15  -4   9  -2  -0   0   3  -1   0  -3  -2 -11  -3  -7   2   0   8  -2  -4  -2   2   5   4   3   2  -6  -4  -4  -8  -2  -3  48  -5   1  -9  91 100  19  18  11  38   2  35   3  -9  -6  11  -1   2   4   1   4   3   3  17  -1   6  -4   8  -2  -3   1  -8  -5  -4   4  -2   4  -1   3  -2   7   3   9  10  -5  12  -9   0   0  -1   4   3 -14  -3   1   1 -11   6   1   6   8   4 -24  -8  -6  -3   1   3   2   5  -4   3  -3  -1  -7   5  -2  -2
z_class108813576      44:   -4 -16   3  -6 -16  14  -9   4   7   1  -2   3   4   7 -14  -6  -3   8  -1   8   4   7  -3   3   5  12  -1   2   1 -14   6  -3  -2   7  -1  -6  -1  28  -7   5  33  18  19 100 -17 -63 -23   4 -46 -25 -11   9  11   7  16   4   4  -6   9   5  16  -5  19  12  -2 -23  12   5  -6   3 -22   5  -8  21  -3   7  -6  -3  -2  -5  -8  -3 -14  13   6   3   3  -0   0 -17  -0   1   0 -11   6   0  -1  -5   6  -6  -1  -2  16   7 -14 -10  -6   2   2  -4   0 -16   7   7   2
x_class108809320      45:   -4   8  13  -3   3   9  -1   0  10   2  -0  -7  -3 -16   5   5   0 -20   7   0  -5  -3  -0   4   3 -33   4 -20   8  17  24 -12  25 -19 -13 -28  -8  37   6  -8   0  21  18 -17 100   5  -1 -11  25  14  -5  -4   1  13  -7  -4  -5   8  -3   9  -7   3  25 -10  -1 -10   2  -0  17 -22  -5 -12  -0   7  -4  16   0   3  -1  11  -2  -3  13   6   0   3   5  -0   2  11   3   1  -2   3  -3  -0  19  10  -3  -6  -4   2   5   8   5   7   7  -3   9  -7  -7  -7   0   3   1
y_class108815816      46:   15   7 -10   8   6  -7  -8  -1   2  -1   4  -3  -2 -10  11   9   5 -12   4  -6   0  -4   4  -4  -6  -9  -4   3  -4   7  -6  -4  -1  -7  -8  10  -3 -10   6  -3 -36  12  11 -63   5 100  31  10  50  -5   6 -11   7 -12   3   4  -9  13   2   3   3  -3 -13  -6   5  16 -26 -10  -0   9  11   1 -14 -12   7  -1  17   2   1   4  17  15  14 -24   5   4  -1  -0   1  14  -1  -0  -0   2  -5  -0  -8   3  -4   4   1  -1 -13  -3   8   5  14  -6   4  -8  -6  12  -3  -9  -4
x_class108815144      47:    3   3  10   3 -14  21 -13  -5  -1  -1  -0  -4  -4  -5   6   1  -1 -11   1  -5  -0  -1   5   3   0  -8  -4   4   6   9   6  -8  -7 -12  -8  -4  -4  16   2  -0  -7  35  38 -23  -1  31 100  20  32  15  11   5 -12  -8 -21 -10   1  -4  -8  -3  11   8   1 -15   7   4  -6   2  -7   2  10   3  12  -6  -5   9   7   8   2   8   9  -1  15 -13  -7  -2  -3   4   3   5  -2  -1   1  -8  -3  -1   1   4   1  -9  -3  -3 -11  -3   7   4   9  -9   9  -7  -4  10  -1  -8  -4
y_class108812456      48:   18  -9 -21  16 -10   1   2  -4  11   5  -1  -6  -2  -2  -5   6   3  -6  -0  -4  -8  -8   6   5   3  13  -5   1  -6   0  -3   4   6  -7  13  12  20  -3  11 -11  31   1   2   4 -11  10  20 100 -24 -19  23  13 -14  -9   4   0   2  -1   1   1  19  -4  11  -2  -7 -11  -7   2  -9  17 -22   9   0  21  -4  16  27   3   1 -16   3  25  17  -7   6  10  -3  -7  -4  -5  -1  -0   2  -4   3   1   0  -1  -1  -1  -3  -5  -1   1  -8 -11 -12  -8  -1   3  -5  12   5  -4  -2
z_class108812680      49:    4  21   9   3   5   2 -11   0   3  -3   6  -2  -0  -7   3   3   0 -11   3  -5   6   2  -0  -3  -3 -21  -1   5  11   7   6  -8  -5  -3 -24  -4 -21  23  -6   6 -83  35  35 -46  25  50  32 -24 100  30   0 -28  11  -7 -15  -2  -9   9  -8  11   8  10  -7  -1  19  17 -12 -13   0   5   4   4   0  -4  12   4  10  -4  -8  19  22  13  20 -18   9  -4  -0   8   6  12  -1  -0  -1   5  -5  -2  -7   5  -1  -1   2   1 -14  -3  12   9   2  -2   3  -2  -3  -7  -5  -6  -6
scale108900352        50:  -44  20  44 -43  22  -6   5  -6   2  -2   2   3   2 -11   5  -5  -8  -7  -4  -5   1   3  -1   0  -0  -3  15   7  18  13  14  -5   5  -3  -5  -4  -7   9  -8   8 -21   1   3 -25  14  -5  15 -19  30 100   6 -15  -7   5 -35  -1  25  -2 -12 -12 -14  16  -8   2  17  21  31  -6  16  -5  14 -14  36 -18 -11  10  -7   2  -5  -1  18  -1  -2  13  17  -6  -5  -5  -6  -1   1  -1  -1   2   1  -0  10   4  -1  -3  -3   1  -4   3   9   9  17  -3   1  -2   3  -3  -5  -1  -1
a_lp108802416         51:   -2   7  -3  -2   4   4   4  -5  -2  -4   2  -5  -6  -5   2  -0  -5  -3  -1  -8   4   4 -10   6   8 -12   8  -4   3  14   6  -3   6 -10   1 -10  -2   5   9   0   4  -8  -9 -11  -5   6  11  23   0   6 100  -2 -18 -37  -6  -6  21 -10  -8 -14  -2  -6  -5  -5 -18  -7  14   0  16  33  -5  -9   1   6   8  18  29  -8  -7  -5   4  18  -2   8  12  -4 -10  -4  -5  -5   1  -1   3  12   4   2  -4  -2   0   3  -0  -2  -2  -2   0  -2   2 -12  -5  -4  -5  19   6 -14 -11
b_lp108805232         52:    1  -3   1   4  -1   2   2  -4   3   5  -7  -1   0  -1  -1  -2  -4   3  -3  -5   1  -0   5   0   1   7   4  -1  -2   1  -2   6   2   4   5   1   4   4  10 -13  19 -11  -6   9  -4 -11   5  13 -28 -15  -2 100 -79  17  -2  -1 -13   9   7  11   1  -8   5 -27  -4 -10  -3  -3  -2  -5  10  -2  -1  -8  -1 -13   5   7   5   3 -19  -3   3 -11 -12  -1  -4   4   4 -10   1  -1   2  -3   3   0   1  -7   4   2  -2  -3   0  -4  -6  -8  -4  -2  -1   2   4   5  -3  -3  -1
c_lp108805584         53:   -0  -4   2  -3  -3  -1  -0   6  -6  -1   5   3   0   6   1   1   6   2   3   9   1   2  -2  -1  -0  -4  -8   0  -2  -5  -1  -4  -3  -2  -2   1   1   0  -8  15  -0  15  11  11   1   7 -12 -14  11  -7 -18 -79 100 -22   4  -0   8 -13   4 -11   9  -1  -3  21   3   6   1   2  -7   0  -5   4  -3   7   3  -1 -15  -5  -2   3   1  -9  -1   6  -4   3   6  -3  -2   9  -1   1  -3   3  -2   1  -5   8  -3  -5   2   2  -0   6   2   2   5   2   2  -3  -2  -4   4   5   3
be_lp108803296        54:  -12 -11  10  -6  -1   5   7   3   5   6  -4   5   6  -0  -3  -1  -1   4  -1   3  -4  -7  14  -5  -5   3  12  -4   7   4   7   4  11  10  -6   3  -8   4  -7   1   2  -2  -1   7  13 -12  -8  -9  -7   5 -37  17 -22 100   6   1  -3  15  -3  18 -15  12   7  -4   5  -6   8  -6  -5  -8   5  -7   9   4 -13   2  -4  10  11 -13 -15  -4 -10   1  -3   1   6   3   3  -5  -1   3  -0 -11   1  -1   2   1   2  -2   0   1   6  12  -1   2   0  11  -0   1   4 -10  -5   5   5
ph5cs                 55:   18 -15 -23  10  -7  -1 -19  -1   6   2  -2  -4  -1   6  -2  -1   0  -2   1  -6  -2   0  -0  -2  -3   2  -6   0  -4  -7  -1  -1   3  -2   2   3   8 -11  -2  -0   5   5   2  16  -7   3 -21   4 -15 -35  -6  -2   4   6 100  88 -13  -1  18  20   1 -15  -3   9   6   3 -12 -18  -6  -2  -5  11 -16  -4   5   5   9 -10  -5 -14  11  18 -20  -4  20   4   1  -5  -5  -5  -1   3  -1  -4  -0  -2  -1  -3  -1   4   3   2   4  10  -4  -1  -8  -4  -2  -1  -4  -3   7   6   5
ph5str                56:    5  -8  -7  -3   2  -7 -17  -3   2   4  -2   0   1   3   3  -3  -3  -6  -0  -7  -2   1  -1  -4  -5   0  -4   4   1  -7   3  -3   5  -4  -1   2   7  -8  -1   3  -4   6   4   4  -4   4 -10   0  -2  -1  -6  -1  -0   1  88 100 -13   3  19  21   2 -11  -7   2  13  14 -10 -21  -7  -2   1   8  -2  -9   3  10   9  -6  -4  -7   8  17 -19  -8  17   4  -0  -7  -7  -3   0   3  -3  -6  -1  -2  -0  -0  -2   3   2   1  -0  13  -1   2  -2  -5  -2  -2  -3  -3   7   6   5
x_class108814696      57:  -10  -8  11 -24  13  -2  21  -1  21   5  -1  -5   0 -15   0  -1  -5 -11  -5   1  -5  -3  -2   5   2  -3   5   4   8  -4   3  -3   6  -2   2   6   3  -3  -8   9  14   1   1   4  -5  -9   1   2  -9  25  21 -13   8  -3 -13 -13 100 -19   8 -77  -2 -15  10  17 -18  -6  14  31  -4   4  -5  -4   4 -12 -15   6 -14  -1  -4  -6   3  -1 -19  27  10  -7  -1  -1  -2 -11   1  -0   0  -2   4   0   6  -3   8  -7  -3  -1  13  -2  -8  -5  12   2  -3  -5  -1  21   3  -8  -3
y_class108814920      58:    1   2  -3   3   9 -12 -14   2  18  -1   2   3   9 -18  10   5   1 -14   6  -4   2   2  -4  -4  -5  -0  11  -1  -7   4  -6 -13   2  -7  -7   0 -10  -4   5  -7 -10   6   4  -6   8  13  -4  -1   9  -2 -10   9 -13  15  -1   3 -19 100  24  28 -25 -29  18 -37 -35 -16 -16  31  17 -21  -9 -20 -12   7  -8   1  12  12   6  10 -12   6  -2 -18   1  -1   6   4   1   1   1   0  -2  -7  -2  -1  10   5  -3   0  -8  -5   7   9  -2  -0  17   6  -1  -6  -0   3   5  -5  -4
z_class108815368      59:    2  -5  17  -7   8  -5 -11   4  20   7  -5  -5   1 -12   3   6   3  -9  11  -4   6   7   1   4   3  -4   2   9 -10  -8 -16  -8 -13 -10   5  13  10  -4   4  -6   4   5   3   9  -3   2  -8   1  -8 -12  -8   7   4  -3  18  19   8  24 100  -3  15 -86  -0   0 -19  23   2   9  10 -22  -0 -19   2  -8  11  -7 -14  -0   3  21 -11 -24   3   2 -25  -1   6   7   6  -0   1  -1   1  -4  -1  -1   4   1  -1   1  -5  -3   2  16  -4  -5   8   1  -2  -8  -9  29  19   1   7
x_class108815592      60:    8   3  -8  14  -7  -0 -27   1  -1  -3   3   6   6   6   2   1   3   1   5  -5   5   2   8  -6  -3   3  13  -3   3  10   9  -2   9   4 -13  -2  -9   3   2  -9 -17   5   3   5   9   3  -3   1  11 -12 -14  11 -11  18  20  21 -77  28  -3 100 -12   7  -6 -28  22   1 -12 -31   3   9  -3  -2 -10   8  13   2  16  -2   1   7   1   3   2 -18   2   3   1   0   1   4  -1   2   0   4  -0   1  -5   7  -8   5   2  -0 -10   7   4   1  -8  -1   3  -5  -5 -19  -0   7   3
y_class108816040      61:    0  -4   1  -3  -7  -1 -10   3  -1  -1   7  -3  -4  10  -7   4   5  -2   4   3   7   4   3  -8  -8   4 -14   6   5 -12  -2   9  -3   1  -2   7   9  14   2   2  -7  15  17  16  -7   3  11  19   8 -14  -2   1   9 -15   1   2  -2 -25  15 -12 100  -2  -4  18  10  14 -14  -6 -22  21 -17  18  -6  19   3  -5   6   0   1  -5   4  11   5 -12   1   3   0  -4  -4   0   1  -1  -1  -6  -3  -2  -3  -3   3  -4  -2  -2   6  -2  -9  -8   3  -4  -6   1   2  -9   2  -1  -4
z_class108809544      62:   -4   6  -5   4 -10   7  12  -2 -22  -4   5   6  -1  17  -4  -7  -2   8  -9   8  -6  -6   0  -2  -1   7  -4  -5  15   4  18  14  12  15  -6  -8 -12   7  -4   6  -7  -4  -1  -5   3  -3   8  -4  10  16  -6  -8  -1  12 -15 -11 -15 -29 -86   7  -2 100  -1   7  37  -6   5 -21 -19  25  10  20  14   9  -3  12  17   3   1  -9   4  18  -1  -9  21   1  -4  -6  -6   5  -1   1  -1  -2  -1   1  -2  -1   2  -1   4   2  -2  -9   5   7 -10  -1   5   6   7 -33 -19   3  -4
x_class108809768      63:   23  -3  -9   4  -2  -0   1   0  -5  -3  -0   1   0 -15   2  -1  -4  -5   6   4  -2   4  -1   8   7  -7  -5 -12   1   2   4  -0   6  -7   7 -13  -7   9  -2  -8  12   9   6  19  25 -13   1  11  -7  -8  -5   5  -3   7  -3  -7  10  18  -0  -6  -4  -1 100  -4 -18 -77  22  24  20 -32 -15 -24  15   8  -1   8  -5  -9 -14  21  -6  17 -14   7  10 -10   1   1  -3  -6  -0   0   1   2   3   0   7  -0   2  -3  -4  -3   9   0  -3  -2   4  -0  11  -9  -5 -10  -4  -4  -7
y_class108809992      64:  -10   4   7 -11  -4  12  11   2  -1  -0   5  -6  -8   3 -20  -2   0  14   2   4  -1   0   1  -1   2  -1 -13   2   1  -9  -6   7  -9   7   7   2   6  -4 -10   5  -8  -3  -4  12 -10  -6 -15  -2  -1   2  -5 -27  21  -4   9   2  17 -37   0 -28  18   7  -4 100  -1  13  18  -4  14  17 -22  -7   0  26   9  -0  -0 -15  -9 -17  22   6   2  29  16  14  -1  -3   1  -0  -1   1   2  -3  -2  -1  -6  -8   3   3   4   3   5   1  -4  -2   7   2  -7  -2   2  -2   1   4   4
z_class108810216      65:   -1  -5  10  -6  -2  -3   2  -2 -11  -1   3   3  -1  10   0  -1   0  12  -5   4   2   1  11  -0   4   9   3   5  15   7  14  16   1  21 -10   7 -10  12  -5   3 -21   4   8  -2  -1   5   7  -7  19  17 -18  -4   3   5   6  13 -18 -35 -19  22  10  37 -18  -1 100  15  -2 -86 -14  26  24  10   7 -27  -7   1  -3   6   3  -6  13 -10   4  -4  -1  -2  -4   1   2   1  -2   1  -0  -5  -1  -0 -10   1  -1   0   5   1  -9 -11   4   3 -13  -4   6   3  -1 -23 -12   5   1
x_class108816488      66:  -15   2  15  -5  10  -5   2  -0  12   6  -3  -2   0   6   0   6   7  -8  -2  -3   2  -1  -0  -3  -7   1  -3  15   0 -10  -4   2  -6   4  -7  15  10  -8  -2   6 -18  -2  -2 -23 -10  16   4 -11  17  21  -7 -10   6  -6   3  14  -6 -16  23   1  14  -6 -77  13  15 100 -29 -17 -19   7  19  21 -12  -8   2  -2   6  10  13 -10   6 -18  14 -10 -10   8   1  -1   1  17  -0  -0  -0   3  -6  -0  -4  -0  -2   4   2   1 -28   4  12   4  -0   1  -7   7   1  15   8   8  12
y_class108816712      67:  -22   1  30 -18  -1   3  16  -1 -17  -2   1  -1  -7  21  -1 -18 -12  10   2  -2   1   5   1  10  12  -4  22  -9   8  21   4  -1   3 -11  17 -11  -4  14  -3   9  15  -7  -3  12   2 -26  -6  -7 -12  31  14  -3   1   8 -12 -10  14 -16   2 -12 -14   5  22  18  -2 -29 100  -3  12  -9  -5 -32  70   8   2  13 -11  -2   1   7 -13  -5 -10  15   3  -6  -5  -2  -4 -14   1  -1   2  -9   5   0  11   1   3  -5  -1   3  13  15  -2   3 -12  -6  -1   4   1  -5  -3  -4  -5
z_class108817160      68:    0   6  -6   3   4  -0  -1   2  14   1  -2   1   5 -13   2  -1  -2 -16   2  -0  -5  -3 -10  -2  -8  -0  -7   1  -7 -15  -7 -17  -1 -17   6  -4   9 -13   0  -0  19   6   1   5  -0 -10   2   2 -13  -6   0  -3   2  -6 -18 -21  31  31   9 -31  -6 -21  24  -4 -86 -17  -3 100  -2 -33 -23   3  -7  19   5  -3 -11  -6  -4  13 -11   3  -3   6  -3  -1   4  -1  -2  -4   3  -2  -1   2   1  -1  12   0   2  -5  -6  -2  15   8  -4   0  17   7  -1  -5   1  14   6  -3  -1
x_class108816936      69:  -14  15   9  -5  -2   9   3  -0   2  -1  -0  -5  -5 -27  -7   2  -4   6   6  -1   8  10  -4  10  14 -10  10  -6  -6  14 -12  -4 -10  -6  11  -9  -4   1   3 -10  -1  -6  -8  -6  17  -0  -7  -9   0  16  16  -2  -7  -5  -6  -7  -4  17  10   3 -22 -19  20  14 -14 -19  12  -2 100   3  16 -79   9 -15  -5   9   4  -2  -6  -0  11   0 -13  14  15  -5   2   3   3   1   0   0   3   3   1   1   6  -1  -3   5  -4  -1   9   6  -1  -0  16  -3   2  -9  -3  13   6  -3  -1
y_class108918968      70:   -7   4  -2  -3  -2   5   6  -1   0  -0   9  -2  -3   4  -8   2   1   7  -3  -0   4   0   5   5   8   2   5   1  10   6   8  16   6  17 -10   6 -10   3   2   4 -12  -7  -5   3 -22   9   2  17   5  -5  33  -5   0  -8  -2  -2   4 -21 -22   9  21  25 -32  17  26   7  -9 -33   3 100  -7  -5  -0  16   7   4  26  -5  -3 -17  11  13  -1  10  12   4  -4  -1   2  -5  -1   1   2  -5   1   0  -8  -2   1   3   2  -0   8  -5  -9  -7   2  -2  -9  -4  -2  -2   0  -5  -5
z_class108917400      71:   -4  17  16   2  -1  12   0  -4  -5   5  -6   2   1 -15   9   2  -3  11  -6   0   2   3   3  -2   1   1   4   4   6   5  -4   8  -5  10   3   6  -2 -10  -5   0   1  -5  -4 -22  -5  11  10 -22   4  14  -5  10  -5   5  -5   1  -5  -9  -0  -3 -17  10 -15 -22  24  19  -5 -23  16  -7 100 -11  13 -86  13 -11  -1  -6  -4  12  -3 -10   3 -11 -11 -19  -2  10   3   8  -1  -0   0  10  -1   1  -2   3  -3   0  -2  -4 -25  -3  18   9   5  -5   8  -4  -4  11  -2   2   5
x_class108922328      72:   21  -3 -23  15  -2  -1 -18  -1   5  -1   0  -1   1  13   1   6   9  -6  -7   0  -6 -10  -2  -8 -12  14 -23  11   4 -18   9   3   3   8 -11   8   7 -15  -7   4  -7   9   4   5 -12   1   3   9   4 -14  -9  -2   4  -7  11   8  -4 -20 -19  -2  18  20 -24  -7  10  21 -32   3 -79  -5 -11 100 -32  10   9 -10   3  -7  -5  -5   9   3  22  -5  -7   3  -4  -4  -5  -2   0   0  -2   5   0  -0 -10  -3   2  -1   5   1  -1  -7  -5  -5 -12  -1   1   7   3 -13  -8   5   2
y_class108920760      73:  -13   1  23  -9  -6   3  16  -1 -26  -2   0   2  -6  23   0 -16  -9  10   2  -2   2   5   3  11  13  -3  10  -9   5  14  -1  10  -4  -4  18  -5  -4   7   1   7   7  -7  -2  -8  -0 -14  12   0   0  36   1  -1  -3   9 -16  -2   4 -12   2 -10  -6  14  15   0   7 -12  70  -7   9  -0  13 -32 100  -0  -4  12 -14   1   1   5  -0  -6  -5   5  -2 -10  -2   0  -3  -7   1  -1   2  -9   2  -0  16   6  -1  -4  -5   1   0  12  -0   0 -22  -3   3  11   2  -7  -3  -2  -4
z_class108921432      74:    0 -12 -10   5  -2  -5  10   5  -6  -3   5  -1  -3  20 -11  -3   4  -5   5   4  -1  -2  -2   1  -0  -3  -7  -8  -6  -3   3  -1   7  -6  -1 -10   1  12   5   4   2   5   4  21   7 -12  -6  21  -4 -18   6  -8   7   4  -4  -9 -12   7  -8   8  19   9   8  26 -27  -8   8  19 -15  16 -86  10  -0 100  -9  17   8  10  11 -11 -13   2   8   9  -3  21   2  -9  -2  -3   1   0   0 -13  -1  -1  -2  -3   2  -1   2   2  18   8 -15  -9  -6   5  -8   6   5 -12   1  -1  -4
scale108974784        75:   13  55   7  -6  16   8 -23  -0   4  -1   3  -6  -5  -4   1   1   0  -2   1  -1   0   1  -4  -4  -3   2  -2   6   4   2  -1  -6  -2  -7   0  -1   7  -3  -5  -1 -15   1  -1  -3  -4   7  -5  -4  12 -11   8  -1   3 -13   5   3 -15  -8  11  13   3  -3  -1   9  -7   2   2   5  -5   7  13   9  -4  -9 100  -6  34 -66 -50  63  27  27  35  -6  26  -0  -2   5   4   2  -2   1   3   8  -1  -1  -2  -1   0   2  -1  -1   1   3   4   4  10  -8   2 -14 -10  -2   2   2   2
a_lp108937976         76:   -2   2   5  -0  -2   4   6   4  -0  -1   2  -1  -2   5   5   0   2  -6   5   5   4   5  -5   4   4  -7   2  -5   2   8   4  -2   5  -2  -2  -5  -7  18   6   4   2   3   3   7  16  -1   9  16   4  10  18 -13  -1   2   5  10   6   1  -7   2  -5  12   8  -0   1  -2  13  -3   9   4 -11 -10  12  17  -6 100  22   4  -1   2   1  13  -3   4   6   6   5  -5  -3  14  -1   2   3 -25  -2   3   0  -2   2   1  -0  -1  -2  19   1   2  -3  -3   4  -7  -8  -0   6  -0  -1
po1_6                 77:    3  16 -11   8  -2  -2  -5   1   6  -2   4  -4  -2  -3  -1   4   1  -5   3  -2   1   2 -10  -1  -1   1  -0   6   2   7   1  -7  -1  -5  -7  -1  -3  11  -3   7  -7  -4  -2  -6   0  17   7  27  10  -7  29   5 -15  -4   9   9 -14  12 -14  16   6  17  -5  -0  -3   6 -11 -11   4  26  -1   3 -14   8  34  22 100 -10 -12   1   7  68  -0 -32  49   4   1   1  -0   9  -6   4   6 -19  -5  -1  -5  -2   1   2  -0  -3  -1   2  -1  -1   2  -7  -4  -4  -4  -1   2  -2  -3
ph6cs                 78:  -28 -48   7   1 -25  -4  21   2   1   4  -3   3   3   3  -1  -2   0   1   2   3  -1  -2   5   1   1   0   5  -0  -4  -1   1  -1  -1  -1  -3   2  -3   5   6   6   9   4   7  -3   3   2   8   3  -4   2  -8   7  -5  10 -10  -6  -1  12  -0  -2   0   3  -9 -15   6  10  -2  -6  -2  -5  -6  -7   1  10 -66   4 -10 100  93 -44 -40 -31 -27 -33 -28   1   3  -2  -1   5   2  -2  -0  -6  -1   1  -0  -0   0  -2  -0  -0  -0   0   4   8  -1   8  -1   7   6   5  -0  -2  -1
ph6str                79:  -38 -49  13  -4 -29  -2  22   3   3   5  -4   1   2   2  -3  -3  -1   6   3   4  -2  -2   6  -2  -0   2   4   2  -4  -1   0  -2  -2  -3  -1   3   0  -3   5   7  10   2   3  -2  -1   1   2   1  -8  -5  -7   5  -2  11  -5  -4  -4   6   3   1   1   1 -14  -9   3  13   1  -4  -6  -3  -4  -5   1  11 -50  -1 -12  93 100 -45 -46 -36 -29 -36 -30   2   3  -2  -1   6   1  -2   3  -2  -1   1  -2  -1  -0   0  -0  -1   0   2   8  13   4   8  -2   4   5   8   1  -2   0
beq108941144          80:   31  50   5   1  22   0 -23   1  -2   2  -1  -0  -1  -7  10  -1  -2 -17   2   3   0   1  -3   0  -2  -7   4  -0   2   1  -1  -7   4  -8  -1  -4   1   8  -0  -3 -13   9   9  -5  11   4   8 -16  19  -1  -5   3   3 -13 -14  -7  -6  10  21   7  -5  -9  21 -17  -6 -10   7  13  -0 -17  12  -5   5 -11  63   2   1 -44 -45 100   5  -5  23  -5   5  -5   3   9   8   6  -1  -1   0  -2  -3  -1   2   2   2  -2  -2  -1   1   4   1   0   7  -9   8 -12 -10   0   3  -0   1
beq108936920          81:   23  34 -16  -3   5  11 -27  -7   9 -12   8  -6  -5   1  -7   3   4  -8  -2 -12   3   2   2   5   2  -0  -1  -1   5   4  -0   7  -2   4   3  -2   2   4  -3 -10 -24   8  10  -8  -2  17   9   3  22  18   4 -19   1 -15  11   8   3 -12 -11   1   4   4  -6  22  13   6 -13 -11  11  11  -3   9  -0 -13  27   1   7 -40 -46   5 100  24  30   9  36  -4  -7  -2  -4   2  -3   2   2  -1  -3  -3   5   0  -4   1   1   4  -7 -10  -2  -6  -5  -7  -0   0  -1 -20  -3   5  -0
beq108940088          82:   19  18 -25   8   5  -7 -12  -0   1  -6   6  -1  -1   2  -0  -1  -2  -6   3  -5  -2   1 -12  -1  -2   2  -1   5   4   3   3  -7  -1  -6  -5  -3  -3   7  -7   8 -15  -6  -5  -3  -3  15  -1  25  13  -1  18  -3  -9  -4  18  17  -1   6 -24   3  11  18  17   6 -10 -18  -5   3   0  13 -10   3  -6   2  27  13  68 -31 -36  -5  24 100  -9 -20  59   6   1  -4  -4  -1  -3   3   1  -8  -1  -1  -2  -2   1   3   2   1   5  -6  -3  -1 -10  -7  -3  -1  -4 -12  -1  -0  -4
beq108941320          83:   18  41   4  17  11  18 -10  -5  -1  -5   3  -5  -5   6   1   6   8  -2  -4  -5   1  -3  -1   2   1   4  -9   3   4   6   2   2  -3   2   0   0   5  11   7  -7 -12  11  12 -14  13  14  15  17  20  -2  -2   3  -1 -10 -20 -19 -19  -2   3   2   5  -1 -14   2   4  14 -10  -3 -13  -1   3  22  -5   8  35  -3  -0 -27 -29  23  30  -9 100  -9 -26   5  -6   3   5  -5   2  -2  -3   7   2  -0  -1   4  -2  -5  -2  -2  -0  -7  -3  -4  -2  -5   1   3   0  -3  -3   1   1
beq108936744          84:    9   8   3 -10  30  -3  10  -1  -4   1   0  -1  -2  -7  -7   0  -1   2  -4   0   2   1   4   3   5 -11  -1 -12   5   0   8   9  13   8   2  -8  -2   2  -2  -6  15 -10  -9  13   6 -24 -13  -7 -18  13   8 -11   6   1  -4  -8  27 -18   2 -18 -12  -9   7  29  -4 -10  15   6  14  10 -11  -5   5   9  -6   4 -32 -33 -36  -5   9 -20  -9 100 -12   1  -2   1   3 -12  -1   2   1  -2   5   1   5   1   0  -1  -1   1   3   3  -6  -8  -3   8  -2  -2  -2   5   4   1   2
beq108937624          85:    3  17 -14 -11   4  -1 -25   1   9  -6   7  -6  -5  -3  -7  -1  -2  -9   1  -3  -1   1  -9  -1  -2   4   4   6   5   2   5 -10   2 -10  -2  -2  -1   1  -9   6 -12   3   0   6   0   5  -7   6   9  17  12 -12  -4  -3  20  17  10   1 -25   2   1  21  10  16  -1 -10   3  -3  15  12 -11  -7  -2  -3  26   6  49 -28 -30   5  36  59 -26 -12 100  -3   0  -2  -5  -6   0   1  -1   5   3  -0   6  -4   2   3   0   2   8  -3  -2   0   6 -10   1  -6  -2 -14  -3  -1  -4
scale109021096        86:  -12  -5   1 -11  -1  -2   1  -0   2   5  -3  -3  -2  -0   0  -0  -1  -1   0   2  -4  -5   3 -10  -9   3  -7  -1   0   1   8 -12   9 -11   5  -7  14   7   2   2   4  -2   0   3   3   4  -2  10  -4  -6  -4  -1   3   1   4   4  -7  -1  -1   3   3   1 -10  14  -2   8  -6  -1  -5   4 -19   3 -10  21  -0   6   4   1   2  -5  -4   6   5   1  -3 100   1   4  24   4  -0   0  -0  -6  -2  -0 -12  -2  -3   0   5   4   4   1   0   3   9  -3  -1  -4  -0  -9  -7   6   5
a_lp108938504         87:    0  -2   0   2  -0   0  -1  82   1  11  10  -3  -4  -4   3   8   8  -9  49  54  37   8 -10   1  -1  -5  -6   1 -11  -4  -5  -5  -2  -1  -7  -2  -8   1   3  -1   0  -1  -1   3   5  -1  -3  -3  -0  -5 -10  -4   6   6   1  -0  -1   6   6   1   0  -4   1  -1  -4   1  -5   4   2  -4  -2  -4  -2   2  -2   5   1   3   3   3  -7   1  -6  -2   0   1 100   2   3   2   0   2   1  -5  -0   0  10  11  10  13  -3  -2   6   1   1   4   3   2   9  -4  -4   6  25  -5  -4
ph7cs                 88:    7  -3  -4   8  -4  -1   5   4  -0   0  -0   4   5  -2   0  -1  -2  -1   4   1   4   2  -1   3   4  -3   1  -0  -0  -4  -1   4  -2  11 -10  -0 -14   4  -1  -1  -9   3   4  -0  -0  -0   4  -7   8  -5  -4   4  -3   3  -5  -7  -1   4   7   0  -4  -6   1  -3   1  -1  -2  -1   3  -1  10  -4   0  -9   5  -5   1  -2  -2   9  -2  -4   3   1  -2   4   2 100  93  -2  -1   0   1   0   1   1  -3   2   0   2   4   4  -5  -3   0  -2  -5   2   2   1  -1   4   5   3   5
ph7str                89:    2  -3  -1   3  -4  -1   5   4   1   2  -1   3   4  -3   0  -1  -2  -1   4   2   3   1  -0   1   2  -4  -0  -1  -1  -1   1  -0   1   7  -8  -2 -10   7  -0  -0  -6   1   3   0   2   1   3  -4   6  -6  -5   4  -2   3  -5  -7  -2   1   6   1  -4  -6  -3   1   2   1  -4  -2   3   2   3  -5  -3  -2   4  -3  -0  -1  -1   8  -4  -4   5   3  -5  24   3  93 100  -1  -1   0   1  -1   1   1  -5   3  -1   4   6   7  -3  -4  -0  -2  -2   2   2  -1  -1   4   7   6   8
scale109052648        90:   -0  -1   1   2  -3  -1   4   1  -1   2  -1   0   0  -2   3   6   5  -2   5   3  -1   2   1   0   0 -23  -6 -14 -12   3 -12   6  -0  -2   5  -3  -2 -28   6   8 -13   4 -14 -17  11  14   5  -5  12  -1  -5 -10   9  -5  -5  -3 -11   1  -0   4   0   5  -6  -0   1  17 -14  -4   1  -5   8  -2  -7  -3   2  14   9   5   6   6   2  -1  -5 -12  -6   4   2  -2  -1 100   5  -5  -4  25 -41  -3  -2  -4  -4   9   3   3 -22 -10  14   4   6   1   4   1   3   2   4  10   9
a_lp109038448         91:   -1  -1   1   1   0   1  -1   0   0   0   0   0   1   0   0   0  -0  -0   0  -0  -2  -2  -0   1   0  -1  -2  -0  -1  -0  -0  -0   0  -1   1   1   0  -9   8   1  -1   1  -3  -0   3  -1  -2  -1  -1   1   1   1  -1  -1  -1   0   1   1   1  -1   1  -1  -0  -1  -2  -0   1   3   0  -1  -1   0   1   1  -2  -1  -6   2   1  -1  -3  -3   2  -1   0  -0   0  -1  -1   5 100 -52  -0  13   2   3   1   1   0   0   1   1   5   5   1   2   2  -1   0  -1   0   1   0   1   0
b_lp109034928         92:    0   1  -0  -0   0  -0   0   2   1   0   1  -0   0  -1   1   0   0   1   1   2   3   4   1   0   1  -2   1  -2  -0  -1   1   0   2   1  -2  -1  -2   4   1  -2   0  -1   1   1   1  -0  -1  -0  -0  -1  -1  -1   1   3   3   3  -0   0  -1   2  -1   1   0   1   1  -0  -1  -2   0   1  -0   0  -1   0   1   2   4  -2  -2  -1   2   3  -2   2   1   0   2   0   0  -5 -52 100 -45  -7  -0  -4  -0  -1   1  -0   0  -0   1   2  -1  -0  -1   0   1  -1  -1  -1   1   0   0
c_lp109039680         93:   -1   0   1  -1  -2   0   2   1   0   0  -1  -0  -0  -0  -1  -1  -1   1   1  -0   0  -1  -1   0   1   2   1   1   1   1  -1   0  -1   0   2  -0   1   5  -2   1   2  -2   1   0  -2  -0   1   2  -1  -1   3   2  -3  -0  -1  -3   0  -2   1   0  -1  -1   1   2  -0  -0   2  -1   3   2   0  -2   2   0   3   3   6  -0   3   0   2   1  -3   1  -1  -0   1   1   1  -4  -0 -45 100  -8  13  13  -1  -0  -0  -0  -1  -1  -2  -1   1   0  -1   0  -2   0  -0   1   0  -0  -0
po1_8                 94:    3   0  -4   2   3   2  -4  -3   2  -0  -1  -0   0  -4  -0   5   3   3  -2  -3  -3  -4  -1   1   1  -7  -2  -3  -3   0  -1   0   2  -3   3  -0   4 -22  10   1  -9  -0 -11 -11   3   2  -8  -4   5   2  12  -3   3 -11  -4  -6  -2  -7  -4   4  -6  -2   2  -3  -5   3  -9   2   3  -5  10   5  -9 -13   8 -25 -19  -6  -2  -2  -1  -8   7  -2   5  -6  -5   0  -1  25  13  -7  -8 100   8  11  -4  -4  -4   8   3   1 -23 -18  14   2   3  -1   2  -0   1   4   0   3   3
ph8cs                 95:    1   0  -1  -0   2   1  -2   0  -1  -2   1   1   0   1   0  -1   0   2  -2  -0   1  -0  -3   0   1   9   2   6   5  -1   6  -4   1   1  -3   2   0  10   3  -3   6   1   6   6  -3  -5  -3   3  -5   1   4   3  -2   1  -0  -1   4  -2  -1  -0  -3  -1   3  -2  -1  -6   5   1   1   1  -1   0   2  -1  -1  -2  -5  -1  -1  -3  -3  -1   2   5   3  -2  -0   1   1 -41   2  -0  13   8 100  87  -1   1  -0  -1  -1  -2   1   2   3   2  -2  -0  -0  -2  -3   0  -2  -3  -3
ph8str                96:    0  -1  -0  -0   1   0   0   0  -1  -2   1   1   0   0   2   2   2   1  -1   1   1   1  -2  -0   0   2   0   2   1   0   2  -2   0   0  -2   1  -0  -0   4   0   3   2   1   0  -0  -0  -1   1  -2  -0   2   0   1  -1  -2  -2   0  -1  -1   1  -2   1   0  -1  -0  -0   0  -1   1   0   1  -0  -0  -1  -1   3  -1   1   1  -1  -3  -1  -0   1  -0  -0   0   1   1  -3   3  -4  13  11  87 100  -1  -0  -2   2  -1  -2  -4  -1   5   3   0   0   1  -2  -2   1   0  -0  -0
scale109102760        97:  -10   1  11  -4  -2   6  -6  -3  12  -3   1  -2   0   4   0   2   4 -43  11  -7  -1  -5   6  10  -6  -8  12 -13 -10   5   4   6  14  -2  -5 -11  -7   6   5  -6  16   5   6  -1  19  -8   1   0  -7  10  -4   1  -5   2  -1  -0   6  10   4  -5  -3  -2   7  -6 -10  -4  11  12   6  -8  -2 -10  16  -2  -2   0  -5  -0  -2   2   5  -2  -1   5   6 -12  10  -3  -5  -2   1  -0  -1  -4  -1  -1 100   9   5   4 -24  11  11   2   0   4   3   1  -1  -0  -2  -6   2  -7  -7
a_lp109037392         98:   -2   1   5   1   0   2  -1   9  -1  -8   8   4   5   2   5  -0   0  -1   1   8  -2  -4  -0  -2  -2  -9   2  -9  -1   2   1   3   4   2  -4  -6  -8   6   3  -2   2   7   8  -5  10   3   4  -1   5   4  -2  -7   8   1  -3  -0  -3   5   1   7  -3  -1  -0  -8   1  -0   1   0  -1  -2   3  -3   6  -3  -1  -2  -2  -0  -1   2   0  -2   4   1  -4  -2  11   2   3  -4   1  -1  -0  -4   1  -0   9 100 -51 -17  -3   2  -0   3  -1  -1  -1   0   5  -1  -2  -3  17  13  10
b_lp109039504         99:   -0  -1   1  -2  -1   1   1  10   1   6  -3  -2  -2   1  -4  -2  -2  -5  -6   6  12   2   0   4   1   7  -0   9   4  -1  -1  -1  -6   1  -1   3   2   4  -5   6  -0   3   4   6  -3  -4   1  -1  -1  -1   0   4  -3   2  -1  -2   8  -3  -1  -8   3   2   2   3  -1  -2   3   2  -3   1  -3   2  -1   2   0   2   1   0  -0   2  -4   1  -2   0   2  -3  10   0  -1  -4   0   1  -0  -4  -0  -2   5 -51 100 -42  -3  -4   4  -0  -0   1  -0   2  -4   2   2   5 -18 -19 -14
c_lp109038800         100:    5  -0  -8   4   3  -5  -0  13  -1   3   1  -2  -4  -2   2   5   5  -5  21   7   5   3  -5  -0  -1  -3  -3  -2  -8  -2  -4  -0   2   1  -1   1  -2 -14   7  -9  -9 -19 -24  -6  -6   4  -9  -1  -1  -3   3   2  -5  -2   4   3  -7   0   1   5  -4  -1  -3   3   0   4  -5  -5   5   3   0  -1  -4  -1   2   1   2  -2   0  -2   1   3  -5  -1   3   0  13   2   4   9   0  -0  -0   8  -1   2   4 -17 -42 100   3   6  -2  -3   1   0  -0  -5   5  -3  -3   3  14   0  -0
ph9cs                 101:    5  -1  -6   4  -1  -3   4   2  -7  -2   1   2  -1   1   1   1   1  10  -3   3  -1  -0  -0  -0   3  -0  -2   1  -4   1  -2   3  -3   2  -2   2  -1  -4  -4   9  -6  -6  -8  -1  -4   1  -3  -3   2  -3  -0  -2   2   0   3   2  -3  -8  -5   2  -2   4  -4   4   5   2  -1  -6  -4   2  -2   5  -5   2  -1  -0  -0  -0  -0  -2   1   2  -2  -1   0   5  -3   4   6   3   1   0  -1   3  -1  -1 -24  -3  -3   3 100  90  -3  -1   1  -0  -3   2  -1  -1  -1  -2   1   5   5
ph9str                102:    0  -0  -1   1  -1  -1   2   0  -3  -3   2   0  -1   3   1   2   3  -5   4  -1  -2  -2   2   3   1  -4   3  -4  -5   3   0   3   2   1  -4  -2  -4  -1  -4  10  -2  -5  -6  -2   2  -1  -3  -5   1   1  -2  -3   2   1   2   1  -1  -5  -3  -0  -2   2  -3   3   1   1   3  -2  -1  -0  -4   1   1   2  -1  -1  -3  -0  -1  -1   4   1  -2   1   2   4  -2   4   7   3   1  -0  -1   1  -2  -2  11   2  -4   6  90 100   1   0   1   1  -1   3  -3  -1  -2  -2   1   5   5
scale109155992        103:  -13   3   7  -6  -7  13  -8   6  12   3   4  -6  -2 -21  -1  11   2   1   4   4  -1  -1  -7   7   7  13  -5   7   3   2  -1  -4  -4   0   2   9  -0 -17  13  -7   8   5  -3  16   5 -13 -11  -1 -14  -4  -2   0  -0   6   4  -0  13   7   2 -10   6  -2   9   5  -9 -28  13  15   9   8 -25  -1   0  18   1  -2  -1  -0   0   1  -7   5  -0   3   8   4   6  -5  -3 -22   5   1  -2 -23   1  -4  11  -0   4  -2  -3   1 100  -0 -36   3  12  -6   1 -10  -8  -8  -6  -5  -6
a_lp109041616         104:  -10  -1  11  -4  -3   0  -1   1   1   2  -1  -1  -1   8   0  -7  -3  -1   1   1  -3  -1   2  -1  -0   1   1   1   1   1   3  -6   2  -8  -3  -3  -2   2   2   5   3   3   1   7   8  -3  -3   1  -3   3  -2  -4   6  12  10  13  -2   9  16   7  -2  -9   0   1 -11   4  15   8   6  -5  -3  -7  12   8   3  19   2   0   2   4 -10  -6  -7   3  -3   1   1  -3  -4 -10   5   2  -1 -18   2  -1   2   3  -0  -3  -1   0  -0 100  -2  -2   6   1   2  -3   1   8   6   0   1
ph10cs                105:   -4   1   3  -6   4  -6   1  -2  -5  -2  -2   1  -1  -1   3   4   5  -5  -2  -1  -2  -5   8  -7  -9 -10   9   2   2   8   9  -9   5 -10  -7  -6   0   9  -7   8  -6   1   3 -14   5   8   7  -8  12   9   0  -6   2  -1  -4  -1  -8  -2  -4   4  -9   5  -3  -4   4  12  -2  -4  -1  -9  18  -5  -0 -15   4   1  -1   4   8   1  -2  -3  -3  -6  -2   0   1   0  -0  14   1  -1   1  14   3   5   0  -1  -0   1   1   1 -36  -2 100  90  -0   3  -3   1  -0   4   2   4   5
ph10str               106:  -10   0   6  -9   1  -3  -1   0  -3  -1  -0  -1  -2  -9   3   7   4  -5  -0   1  -3  -5   6  -6  -8  -4   7   7   4  10  11 -12   4 -11  -7  -3   1   3  -2   6  -4   3   2 -10   7   5   4 -11   9   9  -2  -8   2   2  -1   2  -5  -0  -5   1  -8   7  -2  -2   3   4   3   0  -0  -7   9  -5   0  -9   4   2  -1   8  13   0  -6  -1  -4  -8   0   3   4  -2  -2   4   2  -0   0   2   2   3   4  -1   1   0  -0   1   3  -2  90 100   5   0  -3  -3  -3   1  -0   3   3
scale109210368        107:  -39  15  28 -29   7   6  -8   2  -1  -2   6   2  -1 -48   7  12  -1 -13   3   4   0   2  -4 -12 -13   2 -19   2  -5   2  -0 -11  11  -7  -8   4  -4  -8  -1   3   4  10   5  -6   7  14   9 -12   2  17   2  -4   5   0  -8  -2  12  17   8  -8   3 -10   4   7 -13  -0 -12  17  16   2   5 -12 -22  -6  10  -3   2  -1   4   7  -5 -10  -2  -3   6   9   3  -5  -2   6   2  -1  -1   3  -2   0   3  -1  -0  -0  -3  -1  12   6  -0   5 100  -6   3 -41   5   8   1  -5  -2
a_lp109196400         108:   -4  -7   2   0   0  -3   7   3  -8  -4   4   8   6   8 -30  11  22   8   0  -5   3  -2   6  -3  -2   5   2   3  -3  -7  -4   4 -12   6  -7   2  -8   0  -3  -1  -2  -5  -4   2  -3  -6  -9  -8  -2  -3 -12  -2   2  11  -4  -5   2   6   1  -1  -4  -1  -0   2  -4   1  -6   7  -3  -2  -5  -1  -3   5  -8  -3  -7   8   8  -9  -7  -7  -5   8 -10  -3   2   2   2   1  -1   0   0  -1  -0   0   1   0   2  -5   2   3  -6   1   3   0  -6 100 -44  -1  -2   2   2   3   3
c_lp109195696         109:    3   2   2   0  -4   8  -4   9  10   8  -1  -3   0 -20  26  -6 -12   4   5  17   0   1  -8   7  10  -9  -9  -6   0  -5   3  -2   6   0  -3  -3  -7  -0  11 -13  -1   7   3   2   9   4   9  -1   3   1  -5  -1   2  -0  -2  -2  -3  -1  -2   3  -6   5  11  -7   6  -7  -1  -1   2  -9   8   1   3  -8   2   4  -4  -1  -2   8  -0  -3   1  -2   1  -1   9   2   2   4   0   1  -2   2  -0   1  -1   5  -4   5  -1  -3   1   2  -3  -3   3 -44 100  -6  -7  -3   3   1  -0
ph11cs                110:    8  -9  -8  12  -3  -8  10  -3  -3  -1  -4   1   1  37 -28 -22 -14   7  -5  -1  -2  -0   0   5   5   4   7  -1  -1   0  -6   9  -7   5  10   1   7   0  -0   1  -1  -6  -3  -4  -7  -8  -7   3  -2  -2  -4   2  -3   1  -1  -2  -5  -6  -8  -5   1   6  -9  -2   3   7   4  -5  -9  -4  -4   7  11   6 -14  -7  -4   7   4 -12   0  -1   3  -2  -6  -4  -4   1  -1   1  -1  -1   0  -0  -2  -2  -0  -1   2  -3  -1  -1 -10  -3   1  -3 -41  -1  -6 100  83  -5  -3   3   2
ph11str               111:   -9  -4   3   1  -1  -5   6  -3 -11  -4  -1   2  -0  25 -39 -25 -20   5  -5   2  -1   2  -1  -1   0   6  -3  -2  -3  -0  -5   6  -2   5   6  -1   2  -3  -2   4   0  -2  -1   0  -7  -6  -4  -5  -3   3  -5   4  -2   4  -4  -3  -1  -0  -9  -5   2   7  -5   2  -1   1   1   1  -3  -2  -4   3   2   5 -10  -8  -4   6   5 -10  -1  -4   0  -2  -2  -0  -4  -1  -1   3   0  -1  -0   1  -3  -2  -2  -2   2  -3  -1  -2  -8   1  -0  -3   5  -2  -7  83 100  -7  -4   1   0
scale109247144        112:   -6  -5   7  -1   2  -2   6   3  11   3  -3  -8  -5  -9   1   7   5 -18   8  -1   4   7 -16  -3  -5 -16  -4   8 -10   5 -22  -9 -13  -8  -5  10  -2 -13   2   1   9  -6  -7 -16  -7  12  10  12  -7  -3  19   5  -4 -10  -3  -3  21   3  29 -19  -9 -33 -10  -2 -23  15  -5  14  13  -2  11 -13  -7 -12  -2  -0  -1   5   8   0 -20 -12  -3   5 -14  -9   6   4   4   2   1  -1   1   4   0   1  -6  -3   5   3  -2  -2  -8   8   4   1   8   2  -3  -5  -7 100  42  -3  20
a_lp109198864         113:   -0  -1   1  -2   1  -1  -4  24   6   2   4  -2  -1  -2  -0   5   5 -13  22  15  13  11 -15  -2  -0 -18  -0  -1 -10   2 -14  -6  -5  -5  -8   3  -9   4   5  -2   4   3   5   7   0  -3  -1   5  -5  -5   6  -3   4  -5   7   7   3   5  19  -0   2 -19  -4   1 -12   8  -3   6   6   0  -2  -8  -3   1   2   6   2  -0   1   3  -3  -1  -3   4  -3  -7  25   5   7   4   0   1   0   0  -2   0   2  17 -18  14   1   1  -6   6   2  -0   1   2   3  -3  -4  42 100   8  16
ph12cs                114:    3  -1  -4  -0  -1  -3  -2  -0  -1  -2   1   0  -0   4  -3   4   5   2   8   2   2  10  -5  -2  -1  -3  -3   2  -1  -3  -2  -2  -0   0   1   5   3  -3  -2   4   3  -0  -2   7   3  -9  -8  -4  -6  -1 -14  -3   5   5   6   6  -8  -5   1   7  -1   3  -4   4   5   8  -4  -3  -3  -5   2   5  -2  -1   2  -0  -2  -2  -2  -0   5  -0   1   1  -1   6  -5   3   6  10   1   0  -0   3  -3  -0  -7  13 -19   0   5   5  -5   0   4   3  -5   3   1   3   1  -3   8 100  96
ph12str               115:    1  -1  -1  -1  -0  -3  -0  -1   2  -1  -0  -2  -1   2  -4   4   6  -3   7   1   2   9  -7  -3  -3  -6  -4   3  -2  -2  -7  -4  -2  -1  -1   6   2  -5  -2   4   3  -1  -2   2   1  -4  -4  -2  -6  -1 -11  -1   3   5   5   5  -3  -4   7   3  -4  -4  -7   4   1  12  -5  -1  -1  -5   5   2  -4  -4   2  -1  -3  -1   0   1  -0  -4   1   2  -4   5  -4   5   8   9   0   0  -0   3  -3  -0  -7  10 -14  -0   5   5  -6   1   5   3  -2   3  -0   2   0  20  16  96 100
}
